#
# There is insufficient memory for the Java Runtime Environment to continue.
# Native memory allocation (malloc) failed to allocate 1368944 bytes for Chunk::new
# Possible reasons:
#   The system is out of physical RAM or swap space
#   The process is running with CompressedOops enabled, and the Java Heap may be blocking the growth of the native heap
# Possible solutions:
#   Reduce memory load on the system
#   Increase physical memory or swap space
#   Check if swap backing store is full
#   Decrease Java heap size (-Xmx/-Xms)
#   Decrease number of Java threads
#   Decrease Java thread stack sizes (-Xss)
#   Set larger code cache with -XX:ReservedCodeCacheSize=
#   JVM is running with Unscaled Compressed Oops mode in which the Java heap is
#     placed in the first 4GB address space. The Java Heap base address is the
#     maximum limit for the native heap growth. Please use -XX:HeapBaseMinAddress
#     to set the Java Heap base and to place the Java Heap above 4GB virtual address.
# This output file may be truncated or incomplete.
#
#  Out of Memory Error (arena.cpp:189), pid=22944, tid=12808
#
# JRE version: OpenJDK Runtime Environment (17.0.6) (build 17.0.6+0-b2043.56-10027231)
# Java VM: OpenJDK 64-Bit Server VM (17.0.6+0-b2043.56-10027231, mixed mode, tiered, compressed oops, compressed class ptrs, g1 gc, windows-amd64)
# No core dump will be written. Minidumps are not enabled by default on client versions of Windows
#

---------------  S U M M A R Y ------------

Command Line: --add-opens=java.base/java.util=ALL-UNNAMED --add-opens=java.base/java.lang=ALL-UNNAMED --add-opens=java.base/java.lang.invoke=ALL-UNNAMED --add-opens=java.prefs/java.util.prefs=ALL-UNNAMED --add-opens=java.base/java.nio.charset=ALL-UNNAMED --add-opens=java.base/java.net=ALL-UNNAMED --add-opens=java.base/java.util.concurrent.atomic=ALL-UNNAMED -Xmx2048m -Dfile.encoding=UTF-8 -Duser.country=CN -Duser.language=zh -Duser.variant org.gradle.launcher.daemon.bootstrap.GradleDaemon 8.0

Host: AMD Ryzen 7 5800H with Radeon Graphics         , 16 cores, 13G,  Windows 10 , 64 bit Build 19041 (10.0.19041.3636)
Time: Sat Dec 23 22:59:03 2023  Windows 10 , 64 bit Build 19041 (10.0.19041.3636) elapsed time: 7.206776 seconds (0d 0h 0m 7s)

---------------  T H R E A D  ---------------

Current thread (0x000001987b2769b0):  JavaThread "C2 CompilerThread2" daemon [_thread_in_native, id=12808, stack(0x00000034ceb00000,0x00000034cec00000)]


Current CompileTask:
C2:   7206 6913   !   4       com.google.common.reflect.TypeVisitor::visit (244 bytes)

Stack: [0x00000034ceb00000,0x00000034cec00000]
Native frames: (J=compiled Java code, j=interpreted, Vv=VM code, C=native code)
V  [jvm.dll+0x683c9a]
V  [jvm.dll+0x8427a4]
V  [jvm.dll+0x843f9e]
V  [jvm.dll+0x844603]
V  [jvm.dll+0x249b75]
V  [jvm.dll+0xabcac]
V  [jvm.dll+0xac27c]
V  [jvm.dll+0x368857]
V  [jvm.dll+0x1bced2]
V  [jvm.dll+0x21c359]
V  [jvm.dll+0x21b621]
V  [jvm.dll+0x1a4fdd]
V  [jvm.dll+0x22b098]
V  [jvm.dll+0x229159]
V  [jvm.dll+0x7f81ec]
V  [jvm.dll+0x7f274a]
V  [jvm.dll+0x682ad5]
C  [ucrtbase.dll+0x21bb2]
C  [KERNEL32.DLL+0x17344]
C  [ntdll.dll+0x526b1]


---------------  P R O C E S S  ---------------

Threads class SMR info:
_java_thread_list=0x0000019800cbd0a0, length=184, elements={
0x000001985d262e20, 0x000001987882e900, 0x00000198788376c0, 0x0000019878896a70,
0x0000019878898340, 0x00000198788bc400, 0x00000198788bf0e0, 0x00000198788c00e0,
0x00000198788c3f90, 0x00000198788cecc0, 0x0000019878a2a330, 0x0000019878a2ac50,
0x0000019878a43ec0, 0x0000019878a447a0, 0x0000019878d97590, 0x000001987b3fd6b0,
0x0000019878c742a0, 0x000001987ad53020, 0x000001987a35a760, 0x0000019879c81d10,
0x000001987b1061a0, 0x0000019879b7f9a0, 0x000001987b43d0e0, 0x000001987af1cb20,
0x000001987acac910, 0x000001987acaa760, 0x000001987acac440, 0x000001987acacde0,
0x000001987acaac30, 0x000001987b2769b0, 0x000001987acab100, 0x000001987acab5d0,
0x000001987acabf70, 0x000001987acabaa0, 0x000001987acad2b0, 0x000001987aca98f0,
0x000001987aca9dc0, 0x000001987acaa290, 0x000001987c40f340, 0x000001987c40a170,
0x000001987c40ccc0, 0x000001987c40b980, 0x000001987c4119c0, 0x000001987c40c7f0,
0x000001987c40be50, 0x000001987c410680, 0x000001987c40e000, 0x000001987c40ee70,
0x000001987c40a640, 0x000001987c40c320, 0x000001987c4101b0, 0x000001987c40db30,
0x000001987c410b50, 0x000001987c4114f0, 0x000001987c40d660, 0x000001987de29380,
0x000001987de271d0, 0x000001987de26830, 0x000001987de241b0, 0x000001987de24680,
0x000001987de2ab90, 0x000001987de276a0, 0x000001987de29850, 0x000001987de27b70,
0x000001987de24b50, 0x000001987de23ce0, 0x000001987de29d20, 0x000001987de28040,
0x000001987de2b060, 0x000001987de289e0, 0x000001987de28eb0, 0x000001987de23810,
0x000001987de25020, 0x000001987de26360, 0x000001987de254f0, 0x000001987de2a1f0,
0x000001987de26d00, 0x000001987de2a6c0, 0x000001987de259c0, 0x000001987c9103e0,
0x000001987c9155b0, 0x000001987c90ff10, 0x000001987c912a60, 0x000001987c914740,
0x000001987c9138d0, 0x000001987c9108b0, 0x000001987c913da0, 0x000001987c914270,
0x000001987c90f570, 0x000001987c914c10, 0x000001987c9150e0, 0x000001987c915a80,
0x000001987c915f50, 0x000001987c916420, 0x000001987c912f30, 0x000001987c910d80,
0x000001987c90ebd0, 0x000001987c90f0a0, 0x000001987c90fa40, 0x000001987c911250,
0x000001987c911720, 0x000001987c911bf0, 0x000001987c9120c0, 0x000001987c912590,
0x000001987c913400, 0x000001987b0182f0, 0x000001987b017950, 0x000001987b0135f0,
0x000001987b014e00, 0x000001987b014930, 0x000001987b0152d0, 0x000001987b0157a0,
0x000001987b015c70, 0x000001987b010f70, 0x000001987b013ac0, 0x000001987b012c50,
0x000001987b013120, 0x000001987b011440, 0x000001987b011910, 0x000001987b0122b0,
0x000001987b013f90, 0x000001987b016ae0, 0x000001987b016fb0, 0x000001987b017e20,
0x000001987b012780, 0x000001987b0187c0, 0x000001987b014460, 0x000001987b016140,
0x000001987b016610, 0x000001987b017480, 0x000001987b011de0, 0x000001987e309080,
0x000001987e3051f0, 0x000001987e307870, 0x000001987e3073a0, 0x000001987e303eb0,
0x000001987e303510, 0x000001987e306a00, 0x000001987e304380, 0x000001987e304850,
0x000001987e307d40, 0x000001987e3039e0, 0x000001987e304d20, 0x000001987e3056c0,
0x000001987e308210, 0x000001987e306060, 0x000001987e301d00, 0x000001987e308bb0,
0x000001987e302b70, 0x000001987e303040, 0x000001987e306530, 0x000001987e3086e0,
0x000001987e309550, 0x000001987e3021d0, 0x000001987e305b90, 0x000001987e3026a0,
0x000001987e306ed0, 0x000001987892f210, 0x00000198789296a0, 0x000001987892ed40,
0x000001987892ded0, 0x000001987892a510, 0x0000019878929b70, 0x000001987892e3a0,
0x000001987892e870, 0x000001987892a9e0, 0x00000198789279c0, 0x0000019878928d00,
0x0000019878927e90, 0x000001987892a040, 0x000001987892b850, 0x0000019878928360,
0x000001987892bd20, 0x000001987892aeb0, 0x000001987892b380, 0x0000019878928830,
0x000001987892c1f0, 0x000001987892c6c0, 0x00000198789291d0, 0x000001987892da00,
0x000001987892cb90, 0x000001980005aed0, 0x0000019800057720, 0x0000019802489430
}

Java Threads: ( => current thread )
  0x000001985d262e20 JavaThread "main" [_thread_blocked, id=20732, stack(0x00000034cb900000,0x00000034cba00000)]
  0x000001987882e900 JavaThread "Reference Handler" daemon [_thread_blocked, id=2388, stack(0x00000034cc000000,0x00000034cc100000)]
  0x00000198788376c0 JavaThread "Finalizer" daemon [_thread_blocked, id=13620, stack(0x00000034cc100000,0x00000034cc200000)]
  0x0000019878896a70 JavaThread "Signal Dispatcher" daemon [_thread_blocked, id=1036, stack(0x00000034cc200000,0x00000034cc300000)]
  0x0000019878898340 JavaThread "Attach Listener" daemon [_thread_blocked, id=23176, stack(0x00000034cc300000,0x00000034cc400000)]
  0x00000198788bc400 JavaThread "Service Thread" daemon [_thread_blocked, id=21564, stack(0x00000034cc400000,0x00000034cc500000)]
  0x00000198788bf0e0 JavaThread "Monitor Deflation Thread" daemon [_thread_blocked, id=7180, stack(0x00000034cc500000,0x00000034cc600000)]
  0x00000198788c00e0 JavaThread "C2 CompilerThread0" daemon [_thread_in_vm, id=20992, stack(0x00000034cc600000,0x00000034cc700000)]
  0x00000198788c3f90 JavaThread "C1 CompilerThread0" daemon [_thread_blocked, id=23396, stack(0x00000034cc700000,0x00000034cc800000)]
  0x00000198788cecc0 JavaThread "Sweeper thread" daemon [_thread_blocked, id=22068, stack(0x00000034cc800000,0x00000034cc900000)]
  0x0000019878a2a330 JavaThread "C1 CompilerThread1" daemon [_thread_blocked, id=5496, stack(0x00000034cc900000,0x00000034cca00000)]
  0x0000019878a2ac50 JavaThread "C1 CompilerThread2" daemon [_thread_blocked, id=22440, stack(0x00000034cca00000,0x00000034ccb00000)]
  0x0000019878a43ec0 JavaThread "Common-Cleaner" daemon [_thread_blocked, id=18024, stack(0x00000034ccb00000,0x00000034ccc00000)]
  0x0000019878a447a0 JavaThread "Notification Thread" daemon [_thread_blocked, id=2548, stack(0x00000034ccc00000,0x00000034ccd00000)]
  0x0000019878d97590 JavaThread "C1 CompilerThread3" daemon [_thread_blocked, id=19340, stack(0x00000034ccf00000,0x00000034cd000000)]
  0x000001987b3fd6b0 JavaThread "Daemon health stats" [_thread_blocked, id=20208, stack(0x00000034cd500000,0x00000034cd600000)]
  0x0000019878c742a0 JavaThread "Incoming local TCP Connector on port 49878" [_thread_in_native, id=22932, stack(0x00000034cce00000,0x00000034ccf00000)]
  0x000001987ad53020 JavaThread "Daemon periodic checks" [_thread_blocked, id=22840, stack(0x00000034cd400000,0x00000034cd500000)]
  0x000001987a35a760 JavaThread "Daemon" [_thread_blocked, id=21092, stack(0x00000034cd600000,0x00000034cd700000)]
  0x0000019879c81d10 JavaThread "Handler for socket connection from /127.0.0.1:49878 to /127.0.0.1:49879" [_thread_in_native, id=18700, stack(0x00000034cd700000,0x00000034cd800000)]
  0x000001987b1061a0 JavaThread "C2 CompilerThread1" daemon [_thread_in_native, id=21724, stack(0x00000034cd800000,0x00000034cd900000)]
  0x0000019879b7f9a0 JavaThread "Cancel handler" [_thread_blocked, id=22592, stack(0x00000034cd900000,0x00000034cda00000)]
  0x000001987b43d0e0 JavaThread "Daemon worker" [_thread_in_Java, id=5996, stack(0x00000034cda00000,0x00000034cdb00000)]
  0x000001987af1cb20 JavaThread "Asynchronous log dispatcher for DefaultDaemonConnection: socket connection from /127.0.0.1:49878 to /127.0.0.1:49879" [_thread_blocked, id=22852, stack(0x00000034cdb00000,0x00000034cdc00000)]
  0x000001987acac910 JavaThread "Stdin handler" [_thread_blocked, id=22856, stack(0x00000034cdc00000,0x00000034cdd00000)]
  0x000001987acaa760 JavaThread "Daemon client event forwarder" [_thread_blocked, id=18516, stack(0x00000034cdd00000,0x00000034cde00000)]
  0x000001987acac440 JavaThread "Cache worker for journal cache (C:\Users\58398\.gradle\caches\journal-1)" [_thread_blocked, id=4160, stack(0x00000034ce800000,0x00000034ce900000)]
  0x000001987acacde0 JavaThread "File lock request listener" [_thread_in_native, id=21744, stack(0x00000034ce900000,0x00000034cea00000)]
  0x000001987acaac30 JavaThread "Cache worker for file hash cache (C:\Users\58398\.gradle\caches\8.0\fileHashes)" [_thread_blocked, id=21984, stack(0x00000034cea00000,0x00000034ceb00000)]
=>0x000001987b2769b0 JavaThread "C2 CompilerThread2" daemon [_thread_in_native, id=12808, stack(0x00000034ceb00000,0x00000034cec00000)]
  0x000001987acab100 JavaThread "File watcher server" daemon [_thread_in_native, id=23544, stack(0x00000034ced00000,0x00000034cee00000)]
  0x000001987acab5d0 JavaThread "File watcher consumer" daemon [_thread_blocked, id=15584, stack(0x00000034cee00000,0x00000034cef00000)]
  0x000001987acabf70 JavaThread "jar transforms" [_thread_blocked, id=1096, stack(0x00000034cef00000,0x00000034cf000000)]
  0x000001987acabaa0 JavaThread "jar transforms Thread 2" [_thread_blocked, id=20224, stack(0x00000034cf000000,0x00000034cf100000)]
  0x000001987acad2b0 JavaThread "jar transforms Thread 3" [_thread_blocked, id=22756, stack(0x00000034cf100000,0x00000034cf200000)]
  0x000001987aca98f0 JavaThread "jar transforms Thread 4" [_thread_blocked, id=5428, stack(0x00000034cf200000,0x00000034cf300000)]
  0x000001987aca9dc0 JavaThread "jar transforms Thread 5" [_thread_blocked, id=18512, stack(0x00000034cf300000,0x00000034cf400000)]
  0x000001987acaa290 JavaThread "jar transforms Thread 6" [_thread_blocked, id=2512, stack(0x00000034cf400000,0x00000034cf500000)]
  0x000001987c40f340 JavaThread "jar transforms Thread 7" [_thread_blocked, id=21932, stack(0x00000034cf500000,0x00000034cf600000)]
  0x000001987c40a170 JavaThread "jar transforms Thread 8" [_thread_blocked, id=23104, stack(0x00000034cf600000,0x00000034cf700000)]
  0x000001987c40ccc0 JavaThread "jar transforms Thread 9" [_thread_blocked, id=4724, stack(0x00000034cf700000,0x00000034cf800000)]
  0x000001987c40b980 JavaThread "jar transforms Thread 10" [_thread_blocked, id=9480, stack(0x00000034cf800000,0x00000034cf900000)]
  0x000001987c4119c0 JavaThread "jar transforms Thread 11" [_thread_blocked, id=10220, stack(0x00000034cf900000,0x00000034cfa00000)]
  0x000001987c40c7f0 JavaThread "jar transforms Thread 12" [_thread_blocked, id=22628, stack(0x00000034cfa00000,0x00000034cfb00000)]
  0x000001987c40be50 JavaThread "jar transforms Thread 13" [_thread_blocked, id=23200, stack(0x00000034cfb00000,0x00000034cfc00000)]
  0x000001987c410680 JavaThread "jar transforms Thread 14" [_thread_blocked, id=720, stack(0x00000034cfc00000,0x00000034cfd00000)]
  0x000001987c40e000 JavaThread "jar transforms Thread 15" [_thread_blocked, id=20256, stack(0x00000034cfd00000,0x00000034cfe00000)]
  0x000001987c40ee70 JavaThread "jar transforms Thread 16" [_thread_blocked, id=20912, stack(0x00000034cfe00000,0x00000034cff00000)]
  0x000001987c40a640 JavaThread "Cache worker for checksums cache (D:\mobile\Mobile_Front\Sport\.gradle\8.0\checksums)" [_thread_blocked, id=21308, stack(0x00000034cff00000,0x00000034d0000000)]
  0x000001987c40c320 JavaThread "Cache worker for cache directory md-rule (C:\Users\58398\.gradle\caches\8.0\md-rule)" [_thread_blocked, id=21516, stack(0x00000034d0000000,0x00000034d0100000)]
  0x000001987c4101b0 JavaThread "Cache worker for file content cache (C:\Users\58398\.gradle\caches\8.0\fileContent)" [_thread_blocked, id=21888, stack(0x00000034d0100000,0x00000034d0200000)]
  0x000001987c40db30 JavaThread "Cache worker for file hash cache (D:\mobile\Mobile_Front\Sport\.gradle\8.0\fileHashes)" [_thread_blocked, id=16288, stack(0x00000034d0200000,0x00000034d0300000)]
  0x000001987c410b50 JavaThread "Cache worker for cache directory md-supplier (C:\Users\58398\.gradle\caches\8.0\md-supplier)" [_thread_blocked, id=2864, stack(0x00000034d0300000,0x00000034d0400000)]
  0x000001987c4114f0 JavaThread "Cache worker for execution history cache (C:\Users\58398\.gradle\caches\8.0\executionHistory)" [_thread_blocked, id=18716, stack(0x00000034d0400000,0x00000034d0500000)]
  0x000001987c40d660 JavaThread "Cache worker for dependencies-accessors (D:\mobile\Mobile_Front\Sport\.gradle\8.0\dependencies-accessors)" [_thread_blocked, id=22636, stack(0x00000034d0600000,0x00000034d0700000)]
  0x000001987de29380 JavaThread "Cache worker for Build Output Cleanup Cache (D:\mobile\Mobile_Front\Sport\.gradle\buildOutputCleanup)" [_thread_blocked, id=19420, stack(0x00000034d0700000,0x00000034d0800000)]
  0x000001987de271d0 JavaThread "Unconstrained build operations" [_thread_blocked, id=3016, stack(0x00000034d0800000,0x00000034d0900000)]
  0x000001987de26830 JavaThread "Unconstrained build operations Thread 2" [_thread_blocked, id=23388, stack(0x00000034d0900000,0x00000034d0a00000)]
  0x000001987de241b0 JavaThread "Unconstrained build operations Thread 3" [_thread_blocked, id=16640, stack(0x00000034d0a00000,0x00000034d0b00000)]
  0x000001987de24680 JavaThread "Unconstrained build operations Thread 4" [_thread_blocked, id=21404, stack(0x00000034d0b00000,0x00000034d0c00000)]
  0x000001987de2ab90 JavaThread "Unconstrained build operations Thread 5" [_thread_blocked, id=22508, stack(0x00000034d0c00000,0x00000034d0d00000)]
  0x000001987de276a0 JavaThread "Unconstrained build operations Thread 6" [_thread_blocked, id=20352, stack(0x00000034d0d00000,0x00000034d0e00000)]
  0x000001987de29850 JavaThread "Unconstrained build operations Thread 7" [_thread_blocked, id=21732, stack(0x00000034d0e00000,0x00000034d0f00000)]
  0x000001987de27b70 JavaThread "Unconstrained build operations Thread 8" [_thread_blocked, id=17080, stack(0x00000034d0f00000,0x00000034d1000000)]
  0x000001987de24b50 JavaThread "Unconstrained build operations Thread 9" [_thread_blocked, id=21324, stack(0x00000034d1000000,0x00000034d1100000)]
  0x000001987de23ce0 JavaThread "Unconstrained build operations Thread 10" [_thread_blocked, id=21988, stack(0x00000034d1100000,0x00000034d1200000)]
  0x000001987de29d20 JavaThread "Unconstrained build operations Thread 11" [_thread_blocked, id=22504, stack(0x00000034d1200000,0x00000034d1300000)]
  0x000001987de28040 JavaThread "Unconstrained build operations Thread 12" [_thread_blocked, id=14264, stack(0x00000034d1300000,0x00000034d1400000)]
  0x000001987de2b060 JavaThread "Unconstrained build operations Thread 13" [_thread_blocked, id=19732, stack(0x00000034d1400000,0x00000034d1500000)]
  0x000001987de289e0 JavaThread "Unconstrained build operations Thread 14" [_thread_blocked, id=22956, stack(0x00000034d1500000,0x00000034d1600000)]
  0x000001987de28eb0 JavaThread "Unconstrained build operations Thread 15" [_thread_blocked, id=21348, stack(0x00000034d1600000,0x00000034d1700000)]
  0x000001987de23810 JavaThread "Unconstrained build operations Thread 16" [_thread_blocked, id=10700, stack(0x00000034d1700000,0x00000034d1800000)]
  0x000001987de25020 JavaThread "Unconstrained build operations Thread 17" [_thread_blocked, id=13668, stack(0x00000034d1800000,0x00000034d1900000)]
  0x000001987de26360 JavaThread "Unconstrained build operations Thread 18" [_thread_blocked, id=19940, stack(0x00000034d1900000,0x00000034d1a00000)]
  0x000001987de254f0 JavaThread "Unconstrained build operations Thread 19" [_thread_blocked, id=8824, stack(0x00000034d1a00000,0x00000034d1b00000)]
  0x000001987de2a1f0 JavaThread "Unconstrained build operations Thread 20" [_thread_blocked, id=22612, stack(0x00000034d1b00000,0x00000034d1c00000)]
  0x000001987de26d00 JavaThread "Unconstrained build operations Thread 21" [_thread_blocked, id=22084, stack(0x00000034d1c00000,0x00000034d1d00000)]
  0x000001987de2a6c0 JavaThread "Unconstrained build operations Thread 22" [_thread_blocked, id=22652, stack(0x00000034d1d00000,0x00000034d1e00000)]
  0x000001987de259c0 JavaThread "Unconstrained build operations Thread 23" [_thread_blocked, id=12484, stack(0x00000034d1e00000,0x00000034d1f00000)]
  0x000001987c9103e0 JavaThread "Unconstrained build operations Thread 24" [_thread_blocked, id=21960, stack(0x00000034d1f00000,0x00000034d2000000)]
  0x000001987c9155b0 JavaThread "Unconstrained build operations Thread 25" [_thread_blocked, id=20288, stack(0x00000034d2000000,0x00000034d2100000)]
  0x000001987c90ff10 JavaThread "Unconstrained build operations Thread 26" [_thread_blocked, id=21748, stack(0x00000034d2100000,0x00000034d2200000)]
  0x000001987c912a60 JavaThread "Unconstrained build operations Thread 27" [_thread_blocked, id=22928, stack(0x00000034d2200000,0x00000034d2300000)]
  0x000001987c914740 JavaThread "Unconstrained build operations Thread 28" [_thread_blocked, id=23256, stack(0x00000034d2300000,0x00000034d2400000)]
  0x000001987c9138d0 JavaThread "Unconstrained build operations Thread 29" [_thread_blocked, id=23128, stack(0x00000034d2400000,0x00000034d2500000)]
  0x000001987c9108b0 JavaThread "Unconstrained build operations Thread 30" [_thread_blocked, id=19192, stack(0x00000034d2500000,0x00000034d2600000)]
  0x000001987c913da0 JavaThread "Unconstrained build operations Thread 31" [_thread_blocked, id=20140, stack(0x00000034d2600000,0x00000034d2700000)]
  0x000001987c914270 JavaThread "Unconstrained build operations Thread 32" [_thread_blocked, id=17016, stack(0x00000034d2700000,0x00000034d2800000)]
  0x000001987c90f570 JavaThread "Unconstrained build operations Thread 33" [_thread_blocked, id=8532, stack(0x00000034d2800000,0x00000034d2900000)]
  0x000001987c914c10 JavaThread "Unconstrained build operations Thread 34" [_thread_blocked, id=23032, stack(0x00000034d2900000,0x00000034d2a00000)]
  0x000001987c9150e0 JavaThread "Unconstrained build operations Thread 35" [_thread_blocked, id=23372, stack(0x00000034d2a00000,0x00000034d2b00000)]
  0x000001987c915a80 JavaThread "Unconstrained build operations Thread 36" [_thread_blocked, id=21100, stack(0x00000034d2b00000,0x00000034d2c00000)]
  0x000001987c915f50 JavaThread "Unconstrained build operations Thread 37" [_thread_blocked, id=21808, stack(0x00000034d2c00000,0x00000034d2d00000)]
  0x000001987c916420 JavaThread "Unconstrained build operations Thread 38" [_thread_blocked, id=14776, stack(0x00000034d2d00000,0x00000034d2e00000)]
  0x000001987c912f30 JavaThread "Unconstrained build operations Thread 39" [_thread_blocked, id=5648, stack(0x00000034d2e00000,0x00000034d2f00000)]
  0x000001987c910d80 JavaThread "Unconstrained build operations Thread 40" [_thread_blocked, id=11012, stack(0x00000034d2f00000,0x00000034d3000000)]
  0x000001987c90ebd0 JavaThread "Unconstrained build operations Thread 41" [_thread_blocked, id=22976, stack(0x00000034d3000000,0x00000034d3100000)]
  0x000001987c90f0a0 JavaThread "Unconstrained build operations Thread 42" [_thread_blocked, id=5420, stack(0x00000034d3100000,0x00000034d3200000)]
  0x000001987c90fa40 JavaThread "Unconstrained build operations Thread 43" [_thread_blocked, id=1044, stack(0x00000034d3200000,0x00000034d3300000)]
  0x000001987c911250 JavaThread "Unconstrained build operations Thread 44" [_thread_blocked, id=9596, stack(0x00000034d3300000,0x00000034d3400000)]
  0x000001987c911720 JavaThread "Unconstrained build operations Thread 45" [_thread_blocked, id=22808, stack(0x00000034d3400000,0x00000034d3500000)]
  0x000001987c911bf0 JavaThread "Unconstrained build operations Thread 46" [_thread_blocked, id=22580, stack(0x00000034d3500000,0x00000034d3600000)]
  0x000001987c9120c0 JavaThread "Unconstrained build operations Thread 47" [_thread_blocked, id=20124, stack(0x00000034d3600000,0x00000034d3700000)]
  0x000001987c912590 JavaThread "Unconstrained build operations Thread 48" [_thread_blocked, id=23384, stack(0x00000034d3700000,0x00000034d3800000)]
  0x000001987c913400 JavaThread "Unconstrained build operations Thread 49" [_thread_blocked, id=20740, stack(0x00000034d3800000,0x00000034d3900000)]
  0x000001987b0182f0 JavaThread "Unconstrained build operations Thread 50" [_thread_blocked, id=20960, stack(0x00000034d3900000,0x00000034d3a00000)]
  0x000001987b017950 JavaThread "Unconstrained build operations Thread 51" [_thread_blocked, id=20276, stack(0x00000034d3a00000,0x00000034d3b00000)]
  0x000001987b0135f0 JavaThread "Unconstrained build operations Thread 52" [_thread_blocked, id=17940, stack(0x00000034d3b00000,0x00000034d3c00000)]
  0x000001987b014e00 JavaThread "Unconstrained build operations Thread 53" [_thread_blocked, id=8468, stack(0x00000034d3c00000,0x00000034d3d00000)]
  0x000001987b014930 JavaThread "Unconstrained build operations Thread 54" [_thread_blocked, id=22936, stack(0x00000034d3d00000,0x00000034d3e00000)]
  0x000001987b0152d0 JavaThread "Unconstrained build operations Thread 55" [_thread_blocked, id=12728, stack(0x00000034d3e00000,0x00000034d3f00000)]
  0x000001987b0157a0 JavaThread "Unconstrained build operations Thread 56" [_thread_blocked, id=11548, stack(0x00000034d3f00000,0x00000034d4000000)]
  0x000001987b015c70 JavaThread "Unconstrained build operations Thread 57" [_thread_blocked, id=17956, stack(0x00000034d4000000,0x00000034d4100000)]
  0x000001987b010f70 JavaThread "Unconstrained build operations Thread 58" [_thread_blocked, id=8884, stack(0x00000034d4100000,0x00000034d4200000)]
  0x000001987b013ac0 JavaThread "Unconstrained build operations Thread 59" [_thread_blocked, id=20876, stack(0x00000034d4200000,0x00000034d4300000)]
  0x000001987b012c50 JavaThread "Unconstrained build operations Thread 60" [_thread_blocked, id=18920, stack(0x00000034d4300000,0x00000034d4400000)]
  0x000001987b013120 JavaThread "Unconstrained build operations Thread 61" [_thread_blocked, id=21588, stack(0x00000034d4400000,0x00000034d4500000)]
  0x000001987b011440 JavaThread "Unconstrained build operations Thread 62" [_thread_blocked, id=22232, stack(0x00000034d4500000,0x00000034d4600000)]
  0x000001987b011910 JavaThread "Unconstrained build operations Thread 63" [_thread_blocked, id=20100, stack(0x00000034d4600000,0x00000034d4700000)]
  0x000001987b0122b0 JavaThread "Unconstrained build operations Thread 64" [_thread_blocked, id=18524, stack(0x00000034d4700000,0x00000034d4800000)]
  0x000001987b013f90 JavaThread "Unconstrained build operations Thread 65" [_thread_blocked, id=21952, stack(0x00000034d4800000,0x00000034d4900000)]
  0x000001987b016ae0 JavaThread "Unconstrained build operations Thread 66" [_thread_blocked, id=13544, stack(0x00000034d4900000,0x00000034d4a00000)]
  0x000001987b016fb0 JavaThread "Unconstrained build operations Thread 67" [_thread_blocked, id=4316, stack(0x00000034d4a00000,0x00000034d4b00000)]
  0x000001987b017e20 JavaThread "Unconstrained build operations Thread 68" [_thread_blocked, id=19584, stack(0x00000034d4b00000,0x00000034d4c00000)]
  0x000001987b012780 JavaThread "Unconstrained build operations Thread 69" [_thread_blocked, id=18480, stack(0x00000034d4c00000,0x00000034d4d00000)]
  0x000001987b0187c0 JavaThread "Unconstrained build operations Thread 70" [_thread_blocked, id=19232, stack(0x00000034d4d00000,0x00000034d4e00000)]
  0x000001987b014460 JavaThread "Unconstrained build operations Thread 71" [_thread_blocked, id=5640, stack(0x00000034d4e00000,0x00000034d4f00000)]
  0x000001987b016140 JavaThread "Unconstrained build operations Thread 72" [_thread_blocked, id=22812, stack(0x00000034d4f00000,0x00000034d5000000)]
  0x000001987b016610 JavaThread "Unconstrained build operations Thread 73" [_thread_blocked, id=16860, stack(0x00000034d5000000,0x00000034d5100000)]
  0x000001987b017480 JavaThread "Unconstrained build operations Thread 74" [_thread_blocked, id=22620, stack(0x00000034d5100000,0x00000034d5200000)]
  0x000001987b011de0 JavaThread "Unconstrained build operations Thread 75" [_thread_blocked, id=20872, stack(0x00000034d5200000,0x00000034d5300000)]
  0x000001987e309080 JavaThread "Unconstrained build operations Thread 76" [_thread_blocked, id=21904, stack(0x00000034d5300000,0x00000034d5400000)]
  0x000001987e3051f0 JavaThread "Unconstrained build operations Thread 77" [_thread_blocked, id=21420, stack(0x00000034d5400000,0x00000034d5500000)]
  0x000001987e307870 JavaThread "Unconstrained build operations Thread 78" [_thread_blocked, id=19372, stack(0x00000034d5500000,0x00000034d5600000)]
  0x000001987e3073a0 JavaThread "Unconstrained build operations Thread 79" [_thread_blocked, id=13540, stack(0x00000034d5600000,0x00000034d5700000)]
  0x000001987e303eb0 JavaThread "Unconstrained build operations Thread 80" [_thread_blocked, id=20760, stack(0x00000034d5700000,0x00000034d5800000)]
  0x000001987e303510 JavaThread "Unconstrained build operations Thread 81" [_thread_blocked, id=22716, stack(0x00000034d5800000,0x00000034d5900000)]
  0x000001987e306a00 JavaThread "Unconstrained build operations Thread 82" [_thread_blocked, id=21380, stack(0x00000034d5900000,0x00000034d5a00000)]
  0x000001987e304380 JavaThread "Unconstrained build operations Thread 83" [_thread_blocked, id=21672, stack(0x00000034d5a00000,0x00000034d5b00000)]
  0x000001987e304850 JavaThread "Unconstrained build operations Thread 84" [_thread_blocked, id=20316, stack(0x00000034d5b00000,0x00000034d5c00000)]
  0x000001987e307d40 JavaThread "Unconstrained build operations Thread 85" [_thread_blocked, id=20664, stack(0x00000034d5c00000,0x00000034d5d00000)]
  0x000001987e3039e0 JavaThread "Unconstrained build operations Thread 86" [_thread_blocked, id=21172, stack(0x00000034d5d00000,0x00000034d5e00000)]
  0x000001987e304d20 JavaThread "Unconstrained build operations Thread 87" [_thread_blocked, id=23124, stack(0x00000034d5e00000,0x00000034d5f00000)]
  0x000001987e3056c0 JavaThread "Unconstrained build operations Thread 88" [_thread_blocked, id=22884, stack(0x00000034d5f00000,0x00000034d6000000)]
  0x000001987e308210 JavaThread "Unconstrained build operations Thread 89" [_thread_blocked, id=23228, stack(0x00000034d6000000,0x00000034d6100000)]
  0x000001987e306060 JavaThread "Unconstrained build operations Thread 90" [_thread_blocked, id=22372, stack(0x00000034d6100000,0x00000034d6200000)]
  0x000001987e301d00 JavaThread "Unconstrained build operations Thread 91" [_thread_blocked, id=12024, stack(0x00000034d6200000,0x00000034d6300000)]
  0x000001987e308bb0 JavaThread "Unconstrained build operations Thread 92" [_thread_blocked, id=23444, stack(0x00000034d6300000,0x00000034d6400000)]
  0x000001987e302b70 JavaThread "Unconstrained build operations Thread 93" [_thread_blocked, id=17552, stack(0x00000034d6400000,0x00000034d6500000)]
  0x000001987e303040 JavaThread "Unconstrained build operations Thread 94" [_thread_blocked, id=5568, stack(0x00000034d6500000,0x00000034d6600000)]
  0x000001987e306530 JavaThread "Unconstrained build operations Thread 95" [_thread_blocked, id=6544, stack(0x00000034d6600000,0x00000034d6700000)]
  0x000001987e3086e0 JavaThread "Unconstrained build operations Thread 96" [_thread_blocked, id=18824, stack(0x00000034d6700000,0x00000034d6800000)]
  0x000001987e309550 JavaThread "Unconstrained build operations Thread 97" [_thread_blocked, id=8804, stack(0x00000034d6800000,0x00000034d6900000)]
  0x000001987e3021d0 JavaThread "Unconstrained build operations Thread 98" [_thread_blocked, id=20412, stack(0x00000034d6900000,0x00000034d6a00000)]
  0x000001987e305b90 JavaThread "Unconstrained build operations Thread 99" [_thread_blocked, id=13960, stack(0x00000034d6a00000,0x00000034d6b00000)]
  0x000001987e3026a0 JavaThread "Unconstrained build operations Thread 100" [_thread_blocked, id=19936, stack(0x00000034d6b00000,0x00000034d6c00000)]
  0x000001987e306ed0 JavaThread "Unconstrained build operations Thread 101" [_thread_blocked, id=9676, stack(0x00000034d6c00000,0x00000034d6d00000)]
  0x000001987892f210 JavaThread "Unconstrained build operations Thread 102" [_thread_blocked, id=16296, stack(0x00000034d6d00000,0x00000034d6e00000)]
  0x00000198789296a0 JavaThread "Unconstrained build operations Thread 103" [_thread_blocked, id=19836, stack(0x00000034d6e00000,0x00000034d6f00000)]
  0x000001987892ed40 JavaThread "Unconstrained build operations Thread 104" [_thread_blocked, id=19572, stack(0x00000034d6f00000,0x00000034d7000000)]
  0x000001987892ded0 JavaThread "Unconstrained build operations Thread 105" [_thread_blocked, id=14396, stack(0x00000034d7000000,0x00000034d7100000)]
  0x000001987892a510 JavaThread "Unconstrained build operations Thread 106" [_thread_blocked, id=6760, stack(0x00000034d7100000,0x00000034d7200000)]
  0x0000019878929b70 JavaThread "Unconstrained build operations Thread 107" [_thread_blocked, id=13644, stack(0x00000034d7200000,0x00000034d7300000)]
  0x000001987892e3a0 JavaThread "Unconstrained build operations Thread 108" [_thread_blocked, id=14232, stack(0x00000034d7300000,0x00000034d7400000)]
  0x000001987892e870 JavaThread "Unconstrained build operations Thread 109" [_thread_blocked, id=18884, stack(0x00000034d7400000,0x00000034d7500000)]
  0x000001987892a9e0 JavaThread "Unconstrained build operations Thread 110" [_thread_blocked, id=13120, stack(0x00000034d7500000,0x00000034d7600000)]
  0x00000198789279c0 JavaThread "Unconstrained build operations Thread 111" [_thread_blocked, id=3692, stack(0x00000034d7600000,0x00000034d7700000)]
  0x0000019878928d00 JavaThread "Unconstrained build operations Thread 112" [_thread_blocked, id=11684, stack(0x00000034d7700000,0x00000034d7800000)]
  0x0000019878927e90 JavaThread "Unconstrained build operations Thread 113" [_thread_blocked, id=16996, stack(0x00000034d7800000,0x00000034d7900000)]
  0x000001987892a040 JavaThread "Unconstrained build operations Thread 114" [_thread_blocked, id=19728, stack(0x00000034d7900000,0x00000034d7a00000)]
  0x000001987892b850 JavaThread "Unconstrained build operations Thread 115" [_thread_blocked, id=3464, stack(0x00000034d7a00000,0x00000034d7b00000)]
  0x0000019878928360 JavaThread "Unconstrained build operations Thread 116" [_thread_blocked, id=4004, stack(0x00000034d7b00000,0x00000034d7c00000)]
  0x000001987892bd20 JavaThread "Unconstrained build operations Thread 117" [_thread_blocked, id=12400, stack(0x00000034d7c00000,0x00000034d7d00000)]
  0x000001987892aeb0 JavaThread "Unconstrained build operations Thread 118" [_thread_blocked, id=18376, stack(0x00000034d7d00000,0x00000034d7e00000)]
  0x000001987892b380 JavaThread "Unconstrained build operations Thread 119" [_thread_blocked, id=3976, stack(0x00000034d7e00000,0x00000034d7f00000)]
  0x0000019878928830 JavaThread "Unconstrained build operations Thread 120" [_thread_blocked, id=6204, stack(0x00000034d7f00000,0x00000034d8000000)]
  0x000001987892c1f0 JavaThread "Unconstrained build operations Thread 121" [_thread_blocked, id=20464, stack(0x00000034d8000000,0x00000034d8100000)]
  0x000001987892c6c0 JavaThread "Unconstrained build operations Thread 122" [_thread_blocked, id=21168, stack(0x00000034d8100000,0x00000034d8200000)]
  0x00000198789291d0 JavaThread "Unconstrained build operations Thread 123" [_thread_blocked, id=21312, stack(0x00000034d8200000,0x00000034d8300000)]
  0x000001987892da00 JavaThread "Unconstrained build operations Thread 124" [_thread_blocked, id=18508, stack(0x00000034d8300000,0x00000034d8400000)]
  0x000001987892cb90 JavaThread "Unconstrained build operations Thread 125" [_thread_blocked, id=21992, stack(0x00000034d8400000,0x00000034d8500000)]
  0x000001980005aed0 JavaThread "C2 CompilerThread3" daemon [_thread_in_native, id=22160, stack(0x00000034cec00000,0x00000034ced00000)]
  0x0000019800057720 JavaThread "C2 CompilerThread4" daemon [_thread_in_native, id=20564, stack(0x00000034d0500000,0x00000034d0600000)]
  0x0000019802489430 JavaThread "Memory manager" [_thread_blocked, id=15148, stack(0x00000034d8500000,0x00000034d8600000)]

Other Threads:
  0x000001987882bde0 VMThread "VM Thread" [stack: 0x00000034cbf00000,0x00000034cc000000] [id=23160]
  0x0000019878a589a0 WatcherThread [stack: 0x00000034ccd00000,0x00000034cce00000] [id=23532]
  0x000001985d2bde30 GCTaskThread "GC Thread#0" [stack: 0x00000034cba00000,0x00000034cbb00000] [id=20556]
  0x00000198797f5bd0 GCTaskThread "GC Thread#1" [stack: 0x00000034cd000000,0x00000034cd100000] [id=15216]
  0x0000019879b0c030 GCTaskThread "GC Thread#2" [stack: 0x00000034cd100000,0x00000034cd200000] [id=20060]
  0x0000019879434fc0 GCTaskThread "GC Thread#3" [stack: 0x00000034cd200000,0x00000034cd300000] [id=6592]
  0x0000019879b997a0 GCTaskThread "GC Thread#4" [stack: 0x00000034cd300000,0x00000034cd400000] [id=19904]
  0x0000019879d2d0d0 GCTaskThread "GC Thread#5" [stack: 0x00000034cde00000,0x00000034cdf00000] [id=14944]
  0x000001987a182470 GCTaskThread "GC Thread#6" [stack: 0x00000034cdf00000,0x00000034ce000000] [id=23380]
  0x0000019879b969d0 GCTaskThread "GC Thread#7" [stack: 0x00000034ce000000,0x00000034ce100000] [id=14508]
  0x000001987b208c40 GCTaskThread "GC Thread#8" [stack: 0x00000034ce100000,0x00000034ce200000] [id=18264]
  0x000001987b207040 GCTaskThread "GC Thread#9" [stack: 0x00000034ce200000,0x00000034ce300000] [id=23060]
  0x0000019879e1b660 GCTaskThread "GC Thread#10" [stack: 0x00000034ce300000,0x00000034ce400000] [id=20028]
  0x000001987ad92570 GCTaskThread "GC Thread#11" [stack: 0x00000034ce400000,0x00000034ce500000] [id=23340]
  0x000001987ad92820 GCTaskThread "GC Thread#12" [stack: 0x00000034ce500000,0x00000034ce600000] [id=2852]
  0x000001985d2cec80 ConcurrentGCThread "G1 Main Marker" [stack: 0x00000034cbb00000,0x00000034cbc00000] [id=19292]
  0x000001985d2d0d50 ConcurrentGCThread "G1 Conc#0" [stack: 0x00000034cbc00000,0x00000034cbd00000] [id=23024]
  0x000001987ad92ad0 ConcurrentGCThread "G1 Conc#1" [stack: 0x00000034ce600000,0x00000034ce700000] [id=19240]
  0x000001987ad922c0 ConcurrentGCThread "G1 Conc#2" [stack: 0x00000034ce700000,0x00000034ce800000] [id=20264]
  0x0000019877afaa40 ConcurrentGCThread "G1 Refine#0" [stack: 0x00000034cbd00000,0x00000034cbe00000] [id=21044]
  0x0000019877afb110 ConcurrentGCThread "G1 Service" [stack: 0x00000034cbe00000,0x00000034cbf00000] [id=22100]

Threads with active compile tasks:
C2 CompilerThread0     7249 7063       4       java.util.TreeMap$PrivateEntryIterator::hasNext (13 bytes)
C2 CompilerThread1     7249 6907       4       org.gradle.internal.service.DefaultServiceRegistry$ClassInspector$ClassDetails::collectTypes (63 bytes)
C2 CompilerThread2     7249 6913   !   4       com.google.common.reflect.TypeVisitor::visit (244 bytes)
C2 CompilerThread3     7249 6986       4       org.objectweb.asm.Frame::execute (2318 bytes)
C2 CompilerThread4     7249 7076       4       java.util.TreeMap::put (221 bytes)

VM state: not at safepoint (normal execution)

VM Mutex/Monitor currently owned by a thread: None

Heap address: 0x0000000080000000, size: 2048 MB, Compressed Oops mode: 32-bit

CDS archive(s) not mapped
Compressed class space mapped at: 0x0000000100000000-0x0000000140000000, reserved size: 1073741824
Narrow klass base: 0x0000000000000000, Narrow klass shift: 3, Narrow klass range: 0x140000000

GC Precious Log:
 CPUs: 16 total, 16 available
 Memory: 14198M
 Large Page Support: Disabled
 NUMA Support: Disabled
 Compressed Oops: Enabled (32-bit)
 Heap Region Size: 1M
 Heap Min Capacity: 8M
 Heap Initial Capacity: 222M
 Heap Max Capacity: 2G
 Pre-touch: Disabled
 Parallel Workers: 13
 Concurrent Workers: 3
 Concurrent Refinement Workers: 13
 Periodic GC: Disabled

Heap:
 garbage-first heap   total 177152K, used 98302K [0x0000000080000000, 0x0000000100000000)
  region size 1024K, 13 young (13312K), 1 survivors (1024K)
 Metaspace       used 63450K, committed 64128K, reserved 1105920K
  class space    used 8451K, committed 8768K, reserved 1048576K

Heap Regions: E=young(eden), S=young(survivor), O=old, HS=humongous(starts), HC=humongous(continues), CS=collection set, F=free, OA=open archive, CA=closed archive, TAMS=top-at-mark-start (previous, next)
|   0|0x0000000080000000, 0x0000000080100000, 0x0000000080100000|100%|HS|  |TAMS 0x0000000080100000, 0x0000000080000000| Complete 
|   1|0x0000000080100000, 0x0000000080200000, 0x0000000080200000|100%|HC|  |TAMS 0x0000000080200000, 0x0000000080100000| Complete 
|   2|0x0000000080200000, 0x0000000080300000, 0x0000000080300000|100%|HC|  |TAMS 0x0000000080300000, 0x0000000080200000| Complete 
|   3|0x0000000080300000, 0x0000000080400000, 0x0000000080400000|100%|HC|  |TAMS 0x0000000080400000, 0x0000000080300000| Complete 
|   4|0x0000000080400000, 0x0000000080500000, 0x0000000080500000|100%| O|  |TAMS 0x0000000080500000, 0x0000000080400000| Untracked 
|   5|0x0000000080500000, 0x0000000080600000, 0x0000000080600000|100%| O|  |TAMS 0x0000000080600000, 0x0000000080500000| Untracked 
|   6|0x0000000080600000, 0x0000000080700000, 0x0000000080700000|100%| O|  |TAMS 0x0000000080700000, 0x0000000080600000| Untracked 
|   7|0x0000000080700000, 0x0000000080800000, 0x0000000080800000|100%| O|  |TAMS 0x0000000080800000, 0x0000000080700000| Untracked 
|   8|0x0000000080800000, 0x0000000080900000, 0x0000000080900000|100%| O|  |TAMS 0x0000000080900000, 0x0000000080800000| Untracked 
|   9|0x0000000080900000, 0x0000000080a00000, 0x0000000080a00000|100%| O|  |TAMS 0x0000000080a00000, 0x0000000080900000| Untracked 
|  10|0x0000000080a00000, 0x0000000080b00000, 0x0000000080b00000|100%| O|  |TAMS 0x0000000080b00000, 0x0000000080a00000| Untracked 
|  11|0x0000000080b00000, 0x0000000080c00000, 0x0000000080c00000|100%| O|  |TAMS 0x0000000080c00000, 0x0000000080b00000| Untracked 
|  12|0x0000000080c00000, 0x0000000080d00000, 0x0000000080d00000|100%| O|  |TAMS 0x0000000080d00000, 0x0000000080c00000| Untracked 
|  13|0x0000000080d00000, 0x0000000080e00000, 0x0000000080e00000|100%| O|  |TAMS 0x0000000080e00000, 0x0000000080d00000| Untracked 
|  14|0x0000000080e00000, 0x0000000080f00000, 0x0000000080f00000|100%| O|  |TAMS 0x0000000080f00000, 0x0000000080e00000| Untracked 
|  15|0x0000000080f00000, 0x0000000081000000, 0x0000000081000000|100%| O|  |TAMS 0x0000000081000000, 0x0000000080f00000| Untracked 
|  16|0x0000000081000000, 0x0000000081100000, 0x0000000081100000|100%| O|  |TAMS 0x0000000081100000, 0x0000000081000000| Untracked 
|  17|0x0000000081100000, 0x0000000081200000, 0x0000000081200000|100%| O|  |TAMS 0x0000000081200000, 0x0000000081100000| Untracked 
|  18|0x0000000081200000, 0x0000000081300000, 0x0000000081300000|100%| O|  |TAMS 0x0000000081300000, 0x0000000081200000| Untracked 
|  19|0x0000000081300000, 0x0000000081400000, 0x0000000081400000|100%| O|  |TAMS 0x0000000081400000, 0x0000000081300000| Untracked 
|  20|0x0000000081400000, 0x0000000081500000, 0x0000000081500000|100%| O|  |TAMS 0x0000000081500000, 0x0000000081400000| Untracked 
|  21|0x0000000081500000, 0x0000000081500000, 0x0000000081600000|  0%| F|  |TAMS 0x0000000081500000, 0x0000000081500000| Untracked 
|  22|0x0000000081600000, 0x0000000081700000, 0x0000000081700000|100%|HS|  |TAMS 0x0000000081700000, 0x0000000081600000| Complete 
|  23|0x0000000081700000, 0x0000000081800000, 0x0000000081800000|100%|HC|  |TAMS 0x0000000081800000, 0x0000000081700000| Complete 
|  24|0x0000000081800000, 0x0000000081900000, 0x0000000081900000|100%|HS|  |TAMS 0x0000000081900000, 0x0000000081800000| Complete 
|  25|0x0000000081900000, 0x0000000081a00000, 0x0000000081a00000|100%|HC|  |TAMS 0x0000000081a00000, 0x0000000081900000| Complete 
|  26|0x0000000081a00000, 0x0000000081b00000, 0x0000000081b00000|100%|HC|  |TAMS 0x0000000081b00000, 0x0000000081a00000| Complete 
|  27|0x0000000081b00000, 0x0000000081c00000, 0x0000000081c00000|100%|HS|  |TAMS 0x0000000081c00000, 0x0000000081b00000| Complete 
|  28|0x0000000081c00000, 0x0000000081d00000, 0x0000000081d00000|100%|HC|  |TAMS 0x0000000081d00000, 0x0000000081c00000| Complete 
|  29|0x0000000081d00000, 0x0000000081e00000, 0x0000000081e00000|100%|HC|  |TAMS 0x0000000081e00000, 0x0000000081d00000| Complete 
|  30|0x0000000081e00000, 0x0000000081f00000, 0x0000000081f00000|100%| O|  |TAMS 0x0000000081f00000, 0x0000000081e00000| Untracked 
|  31|0x0000000081f00000, 0x0000000082000000, 0x0000000082000000|100%| O|  |TAMS 0x0000000082000000, 0x0000000081f00000| Untracked 
|  32|0x0000000082000000, 0x0000000082100000, 0x0000000082100000|100%| O|  |TAMS 0x0000000082100000, 0x0000000082000000| Untracked 
|  33|0x0000000082100000, 0x0000000082200000, 0x0000000082200000|100%|HS|  |TAMS 0x0000000082200000, 0x0000000082100000| Complete 
|  34|0x0000000082200000, 0x0000000082300000, 0x0000000082300000|100%|HC|  |TAMS 0x0000000082300000, 0x0000000082200000| Complete 
|  35|0x0000000082300000, 0x0000000082400000, 0x0000000082400000|100%| O|  |TAMS 0x0000000082400000, 0x0000000082300000| Untracked 
|  36|0x0000000082400000, 0x0000000082500000, 0x0000000082500000|100%| O|  |TAMS 0x0000000082500000, 0x0000000082400000| Untracked 
|  37|0x0000000082500000, 0x0000000082600000, 0x0000000082600000|100%|HS|  |TAMS 0x0000000082600000, 0x0000000082500000| Complete 
|  38|0x0000000082600000, 0x0000000082700000, 0x0000000082700000|100%|HC|  |TAMS 0x0000000082700000, 0x0000000082600000| Complete 
|  39|0x0000000082700000, 0x0000000082800000, 0x0000000082800000|100%|HC|  |TAMS 0x0000000082800000, 0x0000000082700000| Complete 
|  40|0x0000000082800000, 0x0000000082900000, 0x0000000082900000|100%|HS|  |TAMS 0x0000000082900000, 0x0000000082800000| Complete 
|  41|0x0000000082900000, 0x0000000082a00000, 0x0000000082a00000|100%|HC|  |TAMS 0x0000000082a00000, 0x0000000082900000| Complete 
|  42|0x0000000082a00000, 0x0000000082b00000, 0x0000000082b00000|100%|HC|  |TAMS 0x0000000082b00000, 0x0000000082a00000| Complete 
|  43|0x0000000082b00000, 0x0000000082c00000, 0x0000000082c00000|100%|HS|  |TAMS 0x0000000082c00000, 0x0000000082b00000| Complete 
|  44|0x0000000082c00000, 0x0000000082d00000, 0x0000000082d00000|100%|HC|  |TAMS 0x0000000082d00000, 0x0000000082c00000| Complete 
|  45|0x0000000082d00000, 0x0000000082e00000, 0x0000000082e00000|100%|HC|  |TAMS 0x0000000082e00000, 0x0000000082d00000| Complete 
|  46|0x0000000082e00000, 0x0000000082f00000, 0x0000000082f00000|100%|HC|  |TAMS 0x0000000082f00000, 0x0000000082e00000| Complete 
|  47|0x0000000082f00000, 0x0000000083000000, 0x0000000083000000|100%|HC|  |TAMS 0x0000000083000000, 0x0000000082f00000| Complete 
|  48|0x0000000083000000, 0x0000000083100000, 0x0000000083100000|100%|HC|  |TAMS 0x0000000083100000, 0x0000000083000000| Complete 
|  49|0x0000000083100000, 0x0000000083200000, 0x0000000083200000|100%|HC|  |TAMS 0x0000000083200000, 0x0000000083100000| Complete 
|  50|0x0000000083200000, 0x0000000083300000, 0x0000000083300000|100%|HC|  |TAMS 0x0000000083300000, 0x0000000083200000| Complete 
|  51|0x0000000083300000, 0x0000000083400000, 0x0000000083400000|100%|HC|  |TAMS 0x0000000083400000, 0x0000000083300000| Complete 
|  52|0x0000000083400000, 0x0000000083500000, 0x0000000083500000|100%|HC|  |TAMS 0x0000000083500000, 0x0000000083400000| Complete 
|  53|0x0000000083500000, 0x0000000083600000, 0x0000000083600000|100%|HC|  |TAMS 0x0000000083600000, 0x0000000083500000| Complete 
|  54|0x0000000083600000, 0x0000000083700000, 0x0000000083700000|100%|HC|  |TAMS 0x0000000083700000, 0x0000000083600000| Complete 
|  55|0x0000000083700000, 0x0000000083800000, 0x0000000083800000|100%| O|  |TAMS 0x0000000083800000, 0x0000000083700000| Untracked 
|  56|0x0000000083800000, 0x0000000083900000, 0x0000000083900000|100%| O|  |TAMS 0x0000000083900000, 0x0000000083800000| Untracked 
|  57|0x0000000083900000, 0x0000000083a00000, 0x0000000083a00000|100%| O|  |TAMS 0x0000000083a00000, 0x0000000083900000| Untracked 
|  58|0x0000000083a00000, 0x0000000083b00000, 0x0000000083b00000|100%| O|  |TAMS 0x0000000083b00000, 0x0000000083a00000| Untracked 
|  59|0x0000000083b00000, 0x0000000083c00000, 0x0000000083c00000|100%| O|  |TAMS 0x0000000083c00000, 0x0000000083b00000| Untracked 
|  60|0x0000000083c00000, 0x0000000083d00000, 0x0000000083d00000|100%| O|  |TAMS 0x0000000083d00000, 0x0000000083c00000| Untracked 
|  61|0x0000000083d00000, 0x0000000083e00000, 0x0000000083e00000|100%| O|  |TAMS 0x0000000083e00000, 0x0000000083d00000| Untracked 
|  62|0x0000000083e00000, 0x0000000083f00000, 0x0000000083f00000|100%| O|  |TAMS 0x0000000083f00000, 0x0000000083e00000| Untracked 
|  63|0x0000000083f00000, 0x0000000084000000, 0x0000000084000000|100%| O|  |TAMS 0x0000000084000000, 0x0000000083f00000| Untracked 
|  64|0x0000000084000000, 0x0000000084100000, 0x0000000084100000|100%| O|  |TAMS 0x0000000084100000, 0x0000000084000000| Untracked 
|  65|0x0000000084100000, 0x0000000084200000, 0x0000000084200000|100%| O|  |TAMS 0x0000000084200000, 0x0000000084100000| Untracked 
|  66|0x0000000084200000, 0x0000000084300000, 0x0000000084300000|100%| O|  |TAMS 0x0000000084300000, 0x0000000084200000| Untracked 
|  67|0x0000000084300000, 0x0000000084400000, 0x0000000084400000|100%| O|  |TAMS 0x0000000084400000, 0x0000000084300000| Untracked 
|  68|0x0000000084400000, 0x0000000084500000, 0x0000000084500000|100%| O|  |TAMS 0x0000000084500000, 0x0000000084400000| Untracked 
|  69|0x0000000084500000, 0x0000000084600000, 0x0000000084600000|100%| O|  |TAMS 0x0000000084600000, 0x0000000084500000| Untracked 
|  70|0x0000000084600000, 0x0000000084700000, 0x0000000084700000|100%| O|  |TAMS 0x0000000084700000, 0x0000000084600000| Untracked 
|  71|0x0000000084700000, 0x0000000084800000, 0x0000000084800000|100%| O|  |TAMS 0x0000000084800000, 0x0000000084700000| Untracked 
|  72|0x0000000084800000, 0x0000000084900000, 0x0000000084900000|100%| O|  |TAMS 0x0000000084900000, 0x0000000084800000| Untracked 
|  73|0x0000000084900000, 0x0000000084a00000, 0x0000000084a00000|100%| O|  |TAMS 0x0000000084a00000, 0x0000000084900000| Untracked 
|  74|0x0000000084a00000, 0x0000000084b00000, 0x0000000084b00000|100%|HS|  |TAMS 0x0000000084b00000, 0x0000000084a00000| Complete 
|  75|0x0000000084b00000, 0x0000000084c00000, 0x0000000084c00000|100%| O|  |TAMS 0x0000000084c00000, 0x0000000084b00000| Untracked 
|  76|0x0000000084c00000, 0x0000000084d00000, 0x0000000084d00000|100%| O|  |TAMS 0x0000000084d00000, 0x0000000084c00000| Untracked 
|  77|0x0000000084d00000, 0x0000000084e00000, 0x0000000084e00000|100%| O|  |TAMS 0x0000000084e00000, 0x0000000084d00000| Complete 
|  78|0x0000000084e00000, 0x0000000084f00000, 0x0000000084f00000|100%|HS|  |TAMS 0x0000000084f00000, 0x0000000084e00000| Complete 
|  79|0x0000000084f00000, 0x0000000085000000, 0x0000000085000000|100%| O|  |TAMS 0x0000000085000000, 0x0000000084f00000| Untracked 
|  80|0x0000000085000000, 0x0000000085100000, 0x0000000085100000|100%| O|  |TAMS 0x0000000085100000, 0x0000000085000000| Untracked 
|  81|0x0000000085100000, 0x0000000085200000, 0x0000000085200000|100%| O|  |TAMS 0x0000000085200000, 0x0000000085100000| Untracked 
|  82|0x0000000085200000, 0x0000000085300000, 0x0000000085300000|100%| O|  |TAMS 0x0000000085300000, 0x0000000085200000| Untracked 
|  83|0x0000000085300000, 0x0000000085400000, 0x0000000085400000|100%| O|  |TAMS 0x0000000085400000, 0x0000000085300000| Untracked 
|  84|0x0000000085400000, 0x0000000085500000, 0x0000000085500000|100%| O|  |TAMS 0x0000000085500000, 0x0000000085400000| Untracked 
|  85|0x0000000085500000, 0x0000000085530600, 0x0000000085600000| 18%| O|  |TAMS 0x0000000085530600, 0x0000000085500000| Untracked 
|  86|0x0000000085600000, 0x0000000085600000, 0x0000000085700000|  0%| F|  |TAMS 0x0000000085600000, 0x0000000085600000| Untracked 
|  87|0x0000000085700000, 0x0000000085700000, 0x0000000085800000|  0%| F|  |TAMS 0x0000000085700000, 0x0000000085700000| Untracked 
|  88|0x0000000085800000, 0x0000000085800000, 0x0000000085900000|  0%| F|  |TAMS 0x0000000085800000, 0x0000000085800000| Untracked 
|  89|0x0000000085900000, 0x0000000085900000, 0x0000000085a00000|  0%| F|  |TAMS 0x0000000085900000, 0x0000000085900000| Untracked 
|  90|0x0000000085a00000, 0x0000000085a00000, 0x0000000085b00000|  0%| F|  |TAMS 0x0000000085a00000, 0x0000000085a00000| Untracked 
|  91|0x0000000085b00000, 0x0000000085b00000, 0x0000000085c00000|  0%| F|  |TAMS 0x0000000085b00000, 0x0000000085b00000| Untracked 
|  92|0x0000000085c00000, 0x0000000085c00000, 0x0000000085d00000|  0%| F|  |TAMS 0x0000000085c00000, 0x0000000085c00000| Untracked 
|  93|0x0000000085d00000, 0x0000000085d00000, 0x0000000085e00000|  0%| F|  |TAMS 0x0000000085d00000, 0x0000000085d00000| Untracked 
|  94|0x0000000085e00000, 0x0000000085e00000, 0x0000000085f00000|  0%| F|  |TAMS 0x0000000085e00000, 0x0000000085e00000| Untracked 
|  95|0x0000000085f00000, 0x0000000085f00000, 0x0000000086000000|  0%| F|  |TAMS 0x0000000085f00000, 0x0000000085f00000| Untracked 
|  96|0x0000000086000000, 0x0000000086000000, 0x0000000086100000|  0%| F|  |TAMS 0x0000000086000000, 0x0000000086000000| Untracked 
|  97|0x0000000086100000, 0x0000000086100000, 0x0000000086200000|  0%| F|  |TAMS 0x0000000086100000, 0x0000000086100000| Untracked 
|  98|0x0000000086200000, 0x0000000086200000, 0x0000000086300000|  0%| F|  |TAMS 0x0000000086200000, 0x0000000086200000| Untracked 
|  99|0x0000000086300000, 0x0000000086300000, 0x0000000086400000|  0%| F|  |TAMS 0x0000000086300000, 0x0000000086300000| Untracked 
| 100|0x0000000086400000, 0x0000000086400000, 0x0000000086500000|  0%| F|  |TAMS 0x0000000086400000, 0x0000000086400000| Untracked 
| 101|0x0000000086500000, 0x0000000086500000, 0x0000000086600000|  0%| F|  |TAMS 0x0000000086500000, 0x0000000086500000| Untracked 
| 102|0x0000000086600000, 0x0000000086600000, 0x0000000086700000|  0%| F|  |TAMS 0x0000000086600000, 0x0000000086600000| Untracked 
| 103|0x0000000086700000, 0x0000000086700000, 0x0000000086800000|  0%| F|  |TAMS 0x0000000086700000, 0x0000000086700000| Untracked 
| 104|0x0000000086800000, 0x0000000086800000, 0x0000000086900000|  0%| F|  |TAMS 0x0000000086800000, 0x0000000086800000| Untracked 
| 105|0x0000000086900000, 0x0000000086900000, 0x0000000086a00000|  0%| F|  |TAMS 0x0000000086900000, 0x0000000086900000| Untracked 
| 106|0x0000000086a00000, 0x0000000086a00000, 0x0000000086b00000|  0%| F|  |TAMS 0x0000000086a00000, 0x0000000086a00000| Untracked 
| 107|0x0000000086b00000, 0x0000000086b00000, 0x0000000086c00000|  0%| F|  |TAMS 0x0000000086b00000, 0x0000000086b00000| Untracked 
| 108|0x0000000086c00000, 0x0000000086c00000, 0x0000000086d00000|  0%| F|  |TAMS 0x0000000086c00000, 0x0000000086c00000| Untracked 
| 109|0x0000000086d00000, 0x0000000086d00000, 0x0000000086e00000|  0%| F|  |TAMS 0x0000000086d00000, 0x0000000086d00000| Untracked 
| 110|0x0000000086e00000, 0x0000000086e00000, 0x0000000086f00000|  0%| F|  |TAMS 0x0000000086e00000, 0x0000000086e00000| Untracked 
| 111|0x0000000086f00000, 0x0000000086f00000, 0x0000000087000000|  0%| F|  |TAMS 0x0000000086f00000, 0x0000000086f00000| Untracked 
| 112|0x0000000087000000, 0x0000000087000000, 0x0000000087100000|  0%| F|  |TAMS 0x0000000087000000, 0x0000000087000000| Untracked 
| 113|0x0000000087100000, 0x0000000087100000, 0x0000000087200000|  0%| F|  |TAMS 0x0000000087100000, 0x0000000087100000| Untracked 
| 114|0x0000000087200000, 0x0000000087200000, 0x0000000087300000|  0%| F|  |TAMS 0x0000000087200000, 0x0000000087200000| Untracked 
| 115|0x0000000087300000, 0x0000000087300000, 0x0000000087400000|  0%| F|  |TAMS 0x0000000087300000, 0x0000000087300000| Untracked 
| 116|0x0000000087400000, 0x0000000087400000, 0x0000000087500000|  0%| F|  |TAMS 0x0000000087400000, 0x0000000087400000| Untracked 
| 117|0x0000000087500000, 0x0000000087500000, 0x0000000087600000|  0%| F|  |TAMS 0x0000000087500000, 0x0000000087500000| Untracked 
| 118|0x0000000087600000, 0x0000000087600000, 0x0000000087700000|  0%| F|  |TAMS 0x0000000087600000, 0x0000000087600000| Untracked 
| 119|0x0000000087700000, 0x0000000087700000, 0x0000000087800000|  0%| F|  |TAMS 0x0000000087700000, 0x0000000087700000| Untracked 
| 120|0x0000000087800000, 0x0000000087800000, 0x0000000087900000|  0%| F|  |TAMS 0x0000000087800000, 0x0000000087800000| Untracked 
| 121|0x0000000087900000, 0x0000000087900000, 0x0000000087a00000|  0%| F|  |TAMS 0x0000000087900000, 0x0000000087900000| Untracked 
| 122|0x0000000087a00000, 0x0000000087acf500, 0x0000000087b00000| 80%| S|CS|TAMS 0x0000000087a00000, 0x0000000087a00000| Complete 
| 123|0x0000000087b00000, 0x0000000087b00000, 0x0000000087c00000|  0%| F|  |TAMS 0x0000000087b00000, 0x0000000087b00000| Untracked 
| 124|0x0000000087c00000, 0x0000000087c00000, 0x0000000087d00000|  0%| F|  |TAMS 0x0000000087c00000, 0x0000000087c00000| Untracked 
| 125|0x0000000087d00000, 0x0000000087d00000, 0x0000000087e00000|  0%| F|  |TAMS 0x0000000087d00000, 0x0000000087d00000| Untracked 
| 126|0x0000000087e00000, 0x0000000087e00000, 0x0000000087f00000|  0%| F|  |TAMS 0x0000000087e00000, 0x0000000087e00000| Untracked 
| 127|0x0000000087f00000, 0x0000000087f00000, 0x0000000088000000|  0%| F|  |TAMS 0x0000000087f00000, 0x0000000087f00000| Untracked 
| 128|0x0000000088000000, 0x0000000088000000, 0x0000000088100000|  0%| F|  |TAMS 0x0000000088000000, 0x0000000088000000| Untracked 
| 129|0x0000000088100000, 0x0000000088100000, 0x0000000088200000|  0%| F|  |TAMS 0x0000000088100000, 0x0000000088100000| Untracked 
| 130|0x0000000088200000, 0x0000000088200000, 0x0000000088300000|  0%| F|  |TAMS 0x0000000088200000, 0x0000000088200000| Untracked 
| 131|0x0000000088300000, 0x0000000088300000, 0x0000000088400000|  0%| F|  |TAMS 0x0000000088300000, 0x0000000088300000| Untracked 
| 132|0x0000000088400000, 0x0000000088400000, 0x0000000088500000|  0%| F|  |TAMS 0x0000000088400000, 0x0000000088400000| Untracked 
| 133|0x0000000088500000, 0x0000000088500000, 0x0000000088600000|  0%| F|  |TAMS 0x0000000088500000, 0x0000000088500000| Untracked 
| 134|0x0000000088600000, 0x0000000088600000, 0x0000000088700000|  0%| F|  |TAMS 0x0000000088600000, 0x0000000088600000| Untracked 
| 135|0x0000000088700000, 0x0000000088700000, 0x0000000088800000|  0%| F|  |TAMS 0x0000000088700000, 0x0000000088700000| Untracked 
| 136|0x0000000088800000, 0x0000000088800000, 0x0000000088900000|  0%| F|  |TAMS 0x0000000088800000, 0x0000000088800000| Untracked 
| 137|0x0000000088900000, 0x0000000088900000, 0x0000000088a00000|  0%| F|  |TAMS 0x0000000088900000, 0x0000000088900000| Untracked 
| 138|0x0000000088a00000, 0x0000000088a00000, 0x0000000088b00000|  0%| F|  |TAMS 0x0000000088a00000, 0x0000000088a00000| Untracked 
| 139|0x0000000088b00000, 0x0000000088b00000, 0x0000000088c00000|  0%| F|  |TAMS 0x0000000088b00000, 0x0000000088b00000| Untracked 
| 140|0x0000000088c00000, 0x0000000088c00000, 0x0000000088d00000|  0%| F|  |TAMS 0x0000000088c00000, 0x0000000088c00000| Untracked 
| 141|0x0000000088d00000, 0x0000000088d00000, 0x0000000088e00000|  0%| F|  |TAMS 0x0000000088d00000, 0x0000000088d00000| Untracked 
| 142|0x0000000088e00000, 0x0000000088e00000, 0x0000000088f00000|  0%| F|  |TAMS 0x0000000088e00000, 0x0000000088e00000| Untracked 
| 143|0x0000000088f00000, 0x0000000088f00000, 0x0000000089000000|  0%| F|  |TAMS 0x0000000088f00000, 0x0000000088f00000| Untracked 
| 144|0x0000000089000000, 0x0000000089000000, 0x0000000089100000|  0%| F|  |TAMS 0x0000000089000000, 0x0000000089000000| Untracked 
| 145|0x0000000089100000, 0x0000000089100000, 0x0000000089200000|  0%| F|  |TAMS 0x0000000089100000, 0x0000000089100000| Untracked 
| 146|0x0000000089200000, 0x0000000089200000, 0x0000000089300000|  0%| F|  |TAMS 0x0000000089200000, 0x0000000089200000| Untracked 
| 147|0x0000000089300000, 0x0000000089300000, 0x0000000089400000|  0%| F|  |TAMS 0x0000000089300000, 0x0000000089300000| Untracked 
| 148|0x0000000089400000, 0x0000000089400000, 0x0000000089500000|  0%| F|  |TAMS 0x0000000089400000, 0x0000000089400000| Untracked 
| 149|0x0000000089500000, 0x0000000089500000, 0x0000000089600000|  0%| F|  |TAMS 0x0000000089500000, 0x0000000089500000| Untracked 
| 150|0x0000000089600000, 0x0000000089600000, 0x0000000089700000|  0%| F|  |TAMS 0x0000000089600000, 0x0000000089600000| Untracked 
| 151|0x0000000089700000, 0x0000000089700000, 0x0000000089800000|  0%| F|  |TAMS 0x0000000089700000, 0x0000000089700000| Untracked 
| 152|0x0000000089800000, 0x0000000089800000, 0x0000000089900000|  0%| F|  |TAMS 0x0000000089800000, 0x0000000089800000| Untracked 
| 153|0x0000000089900000, 0x0000000089900000, 0x0000000089a00000|  0%| F|  |TAMS 0x0000000089900000, 0x0000000089900000| Untracked 
| 154|0x0000000089a00000, 0x0000000089a00000, 0x0000000089b00000|  0%| F|  |TAMS 0x0000000089a00000, 0x0000000089a00000| Untracked 
| 155|0x0000000089b00000, 0x0000000089b00000, 0x0000000089c00000|  0%| F|  |TAMS 0x0000000089b00000, 0x0000000089b00000| Untracked 
| 156|0x0000000089c00000, 0x0000000089c00000, 0x0000000089d00000|  0%| F|  |TAMS 0x0000000089c00000, 0x0000000089c00000| Untracked 
| 157|0x0000000089d00000, 0x0000000089d00000, 0x0000000089e00000|  0%| F|  |TAMS 0x0000000089d00000, 0x0000000089d00000| Untracked 
| 158|0x0000000089e00000, 0x0000000089e00000, 0x0000000089f00000|  0%| F|  |TAMS 0x0000000089e00000, 0x0000000089e00000| Untracked 
| 159|0x0000000089f00000, 0x0000000089f00000, 0x000000008a000000|  0%| F|  |TAMS 0x0000000089f00000, 0x0000000089f00000| Untracked 
| 160|0x000000008a000000, 0x000000008a000000, 0x000000008a100000|  0%| F|  |TAMS 0x000000008a000000, 0x000000008a000000| Untracked 
| 161|0x000000008a100000, 0x000000008a200000, 0x000000008a200000|100%| E|  |TAMS 0x000000008a100000, 0x000000008a100000| Complete 
| 162|0x000000008a200000, 0x000000008a300000, 0x000000008a300000|100%| E|CS|TAMS 0x000000008a200000, 0x000000008a200000| Complete 
| 163|0x000000008a300000, 0x000000008a400000, 0x000000008a400000|100%| E|CS|TAMS 0x000000008a300000, 0x000000008a300000| Complete 
| 171|0x000000008ab00000, 0x000000008ac00000, 0x000000008ac00000|100%| E|CS|TAMS 0x000000008ab00000, 0x000000008ab00000| Complete 
| 172|0x000000008ac00000, 0x000000008ad00000, 0x000000008ad00000|100%| E|CS|TAMS 0x000000008ac00000, 0x000000008ac00000| Complete 
| 173|0x000000008ad00000, 0x000000008ae00000, 0x000000008ae00000|100%| E|CS|TAMS 0x000000008ad00000, 0x000000008ad00000| Complete 
| 174|0x000000008ae00000, 0x000000008af00000, 0x000000008af00000|100%| E|CS|TAMS 0x000000008ae00000, 0x000000008ae00000| Complete 
| 175|0x000000008af00000, 0x000000008b000000, 0x000000008b000000|100%| E|CS|TAMS 0x000000008af00000, 0x000000008af00000| Complete 
| 176|0x000000008b000000, 0x000000008b100000, 0x000000008b100000|100%| E|CS|TAMS 0x000000008b000000, 0x000000008b000000| Complete 
| 177|0x000000008b100000, 0x000000008b200000, 0x000000008b200000|100%| E|CS|TAMS 0x000000008b100000, 0x000000008b100000| Complete 
| 178|0x000000008b200000, 0x000000008b300000, 0x000000008b300000|100%| E|CS|TAMS 0x000000008b200000, 0x000000008b200000| Complete 
| 221|0x000000008dd00000, 0x000000008de00000, 0x000000008de00000|100%| E|CS|TAMS 0x000000008dd00000, 0x000000008dd00000| Complete 

Card table byte_map: [0x00000198703c0000,0x00000198707c0000] _byte_map_base: 0x000001986ffc0000

Marking Bits (Prev, Next): (CMBitMap*) 0x000001985d2be350, (CMBitMap*) 0x000001985d2be390
 Prev Bits: [0x0000019870bc0000, 0x0000019872bc0000)
 Next Bits: [0x0000019872bc0000, 0x0000019874bc0000)

Polling page: 0x000001985ca30000

Metaspace:

Usage:
  Non-class:     53.74 MB used.
      Class:      8.26 MB used.
       Both:     61.99 MB used.

Virtual space:
  Non-class space:       56.00 MB reserved,      54.06 MB ( 97%) committed,  7 nodes.
      Class space:        1.00 GB reserved,       8.56 MB ( <1%) committed,  1 nodes.
             Both:        1.05 GB reserved,      62.62 MB (  6%) committed. 

Chunk freelists:
   Non-Class:  1.89 MB
       Class:  3.48 MB
        Both:  5.38 MB

MaxMetaspaceSize: unlimited
CompressedClassSpaceSize: 1.00 GB
Initial GC threshold: 21.00 MB
Current GC threshold: 100.94 MB
CDS: off
MetaspaceReclaimPolicy: balanced
 - commit_granule_bytes: 65536.
 - commit_granule_words: 8192.
 - virtual_space_node_default_size: 1048576.
 - enlarge_chunks_in_place: 1.
 - new_chunks_are_fully_committed: 0.
 - uncommit_free_chunks: 1.
 - use_allocation_guard: 0.
 - handle_deallocations: 1.


Internal statistics:

num_allocs_failed_limit: 3.
num_arena_births: 676.
num_arena_deaths: 0.
num_vsnodes_births: 8.
num_vsnodes_deaths: 0.
num_space_committed: 1002.
num_space_uncommitted: 0.
num_chunks_returned_to_freelist: 3.
num_chunks_taken_from_freelist: 2827.
num_chunk_merges: 3.
num_chunk_splits: 1847.
num_chunks_enlarged: 1219.
num_purges: 0.
num_inconsistent_stats: 0.

CodeHeap 'non-profiled nmethods': size=119168Kb used=3321Kb max_used=3321Kb free=115846Kb
 bounds [0x00000198682d0000, 0x0000019868610000, 0x000001986f730000]
CodeHeap 'profiled nmethods': size=119104Kb used=12503Kb max_used=12503Kb free=106600Kb
 bounds [0x0000019860730000, 0x0000019861370000, 0x0000019867b80000]
CodeHeap 'non-nmethods': size=7488Kb used=4033Kb max_used=4087Kb free=3454Kb
 bounds [0x0000019867b80000, 0x0000019867f90000, 0x00000198682d0000]
 total_blobs=7198 nmethods=6326 adapters=780
 compilation: enabled
              stopped_count=0, restarted_count=0
 full_count=0

Compilation events (20 events):
Event: 7.188 Thread 0x0000019878a2a330 7070  s!   3       com.sun.jmx.mbeanserver.DefaultMXBeanMappingFactory::mappingForType (110 bytes)
Event: 7.188 Thread 0x0000019878d97590 7071  s    3       com.sun.jmx.mbeanserver.DefaultMXBeanMappingFactory::getMapping (27 bytes)
Event: 7.189 Thread 0x0000019878d97590 nmethod 7071 0x000001986135a410 code [0x000001986135a5e0, 0x000001986135ab28]
Event: 7.190 Thread 0x0000019878a2a330 nmethod 7070 0x000001986135ac90 code [0x000001986135afc0, 0x000001986135c0c8]
Event: 7.192 Thread 0x0000019878a2a330 7072       3       com.sun.jmx.mbeanserver.MXBeanIntrospector::originalTypeString (20 bytes)
Event: 7.192 Thread 0x0000019878a2ac50 7073       3       javax.management.StandardMBean::getDescription (11 bytes)
Event: 7.192 Thread 0x00000198788c00e0 nmethod 6832 0x00000198685f6290 code [0x00000198685f66c0, 0x00000198685fb7c0]
Event: 7.192 Thread 0x0000019878a2ac50 nmethod 7073 0x000001986135c810 code [0x000001986135c9c0, 0x000001986135cbd8]
Event: 7.192 Thread 0x0000019878a2a330 nmethod 7072 0x000001986135cc90 code [0x000001986135ce60, 0x000001986135d298]
Event: 7.193 Thread 0x00000198788c00e0 6974       4       java.lang.invoke.LambdaForm$Name::replaceNames (175 bytes)
Event: 7.195 Thread 0x0000019800057720 nmethod 7007 0x00000198685fe210 code [0x00000198685fe3e0, 0x00000198685ff128]
Event: 7.195 Thread 0x0000019800057720 6910       4       java.lang.ThreadLocal$ThreadLocalMap::set (133 bytes)
Event: 7.196 Thread 0x0000019878a2a330 7074       3       javax.management.ImmutableDescriptor::union (308 bytes)
Event: 7.196 Thread 0x00000198788c3f90 7075       3       javax.management.MBeanFeatureInfo::<init> (20 bytes)
Event: 7.196 Thread 0x00000198788c3f90 nmethod 7075 0x000001986135d390 code [0x000001986135d540, 0x000001986135d7b8]
Event: 7.197 Thread 0x0000019878a2a330 nmethod 7074 0x000001986135d890 code [0x000001986135dc00, 0x000001986135f688]
Event: 7.200 Thread 0x0000019878a2a330 7077       3       java.lang.ClassLoader::getParent (32 bytes)
Event: 7.201 Thread 0x0000019878a2a330 nmethod 7077 0x0000019861360010 code [0x0000019861360240, 0x0000019861360bf8]
Event: 7.203 Thread 0x0000019800057720 nmethod 6910 0x00000198685ff890 code [0x00000198685ffa40, 0x0000019868600168]
Event: 7.203 Thread 0x0000019800057720 7076       4       java.util.TreeMap::put (221 bytes)

GC Heap History (20 events):
Event: 4.536 GC heap before
{Heap before GC invocations=13 (full 0):
 garbage-first heap   total 136192K, used 104268K [0x0000000080000000, 0x0000000100000000)
  region size 1024K, 52 young (53248K), 2 survivors (2048K)
 Metaspace       used 43624K, committed 44032K, reserved 1089536K
  class space    used 5697K, committed 5888K, reserved 1048576K
}
Event: 4.540 GC heap after
{Heap after GC invocations=14 (full 0):
 garbage-first heap   total 136192K, used 56771K [0x0000000080000000, 0x0000000100000000)
  region size 1024K, 7 young (7168K), 7 survivors (7168K)
 Metaspace       used 43624K, committed 44032K, reserved 1089536K
  class space    used 5697K, committed 5888K, reserved 1048576K
}
Event: 5.286 GC heap before
{Heap before GC invocations=14 (full 0):
 garbage-first heap   total 136192K, used 108995K [0x0000000080000000, 0x0000000100000000)
  region size 1024K, 52 young (53248K), 7 survivors (7168K)
 Metaspace       used 48946K, committed 49344K, reserved 1097728K
  class space    used 6366K, committed 6528K, reserved 1048576K
}
Event: 5.291 GC heap after
{Heap after GC invocations=15 (full 0):
 garbage-first heap   total 136192K, used 68515K [0x0000000080000000, 0x0000000100000000)
  region size 1024K, 6 young (6144K), 6 survivors (6144K)
 Metaspace       used 48946K, committed 49344K, reserved 1097728K
  class space    used 6366K, committed 6528K, reserved 1048576K
}
Event: 5.743 GC heap before
{Heap before GC invocations=15 (full 0):
 garbage-first heap   total 136192K, used 107427K [0x0000000080000000, 0x0000000100000000)
  region size 1024K, 44 young (45056K), 6 survivors (6144K)
 Metaspace       used 51424K, committed 51840K, reserved 1097728K
  class space    used 6795K, committed 6976K, reserved 1048576K
}
Event: 5.747 GC heap after
{Heap after GC invocations=16 (full 0):
 garbage-first heap   total 136192K, used 72968K [0x0000000080000000, 0x0000000100000000)
  region size 1024K, 5 young (5120K), 5 survivors (5120K)
 Metaspace       used 51424K, committed 51840K, reserved 1097728K
  class space    used 6795K, committed 6976K, reserved 1048576K
}
Event: 6.275 GC heap before
{Heap before GC invocations=17 (full 0):
 garbage-first heap   total 136192K, used 107784K [0x0000000080000000, 0x0000000100000000)
  region size 1024K, 39 young (39936K), 5 survivors (5120K)
 Metaspace       used 54781K, committed 55360K, reserved 1097728K
  class space    used 7304K, committed 7552K, reserved 1048576K
}
Event: 6.278 GC heap after
{Heap after GC invocations=18 (full 0):
 garbage-first heap   total 136192K, used 75865K [0x0000000080000000, 0x0000000100000000)
  region size 1024K, 3 young (3072K), 3 survivors (3072K)
 Metaspace       used 54781K, committed 55360K, reserved 1097728K
  class space    used 7304K, committed 7552K, reserved 1048576K
}
Event: 6.473 GC heap before
{Heap before GC invocations=18 (full 0):
 garbage-first heap   total 136192K, used 91225K [0x0000000080000000, 0x0000000100000000)
  region size 1024K, 20 young (20480K), 3 survivors (3072K)
 Metaspace       used 55076K, committed 55680K, reserved 1097728K
  class space    used 7316K, committed 7616K, reserved 1048576K
}
Event: 6.475 GC heap after
{Heap after GC invocations=19 (full 0):
 garbage-first heap   total 136192K, used 78623K [0x0000000080000000, 0x0000000100000000)
  region size 1024K, 4 young (4096K), 4 survivors (4096K)
 Metaspace       used 55076K, committed 55680K, reserved 1097728K
  class space    used 7316K, committed 7616K, reserved 1048576K
}
Event: 6.505 GC heap before
{Heap before GC invocations=20 (full 0):
 garbage-first heap   total 138240K, used 80671K [0x0000000080000000, 0x0000000100000000)
  region size 1024K, 6 young (6144K), 4 survivors (4096K)
 Metaspace       used 55172K, committed 55808K, reserved 1097728K
  class space    used 7324K, committed 7616K, reserved 1048576K
}
Event: 6.507 GC heap after
{Heap after GC invocations=21 (full 0):
 garbage-first heap   total 138240K, used 80800K [0x0000000080000000, 0x0000000100000000)
  region size 1024K, 2 young (2048K), 2 survivors (2048K)
 Metaspace       used 55172K, committed 55808K, reserved 1097728K
  class space    used 7324K, committed 7616K, reserved 1048576K
}
Event: 6.587 GC heap before
{Heap before GC invocations=22 (full 0):
 garbage-first heap   total 140288K, used 85920K [0x0000000080000000, 0x0000000100000000)
  region size 1024K, 8 young (8192K), 2 survivors (2048K)
 Metaspace       used 55461K, committed 56000K, reserved 1105920K
  class space    used 7376K, committed 7616K, reserved 1048576K
}
Event: 6.589 GC heap after
{Heap after GC invocations=23 (full 0):
 garbage-first heap   total 140288K, used 84450K [0x0000000080000000, 0x0000000100000000)
  region size 1024K, 3 young (3072K), 3 survivors (3072K)
 Metaspace       used 55461K, committed 56000K, reserved 1105920K
  class space    used 7376K, committed 7616K, reserved 1048576K
}
Event: 6.779 GC heap before
{Heap before GC invocations=24 (full 0):
 garbage-first heap   total 147456K, used 102882K [0x0000000080000000, 0x0000000100000000)
  region size 1024K, 20 young (20480K), 3 survivors (3072K)
 Metaspace       used 57440K, committed 58112K, reserved 1105920K
  class space    used 7641K, committed 7936K, reserved 1048576K
}
Event: 6.780 GC heap after
{Heap after GC invocations=25 (full 0):
 garbage-first heap   total 147456K, used 87104K [0x0000000080000000, 0x0000000100000000)
  region size 1024K, 3 young (3072K), 3 survivors (3072K)
 Metaspace       used 57440K, committed 58112K, reserved 1105920K
  class space    used 7641K, committed 7936K, reserved 1048576K
}
Event: 6.820 GC heap before
{Heap before GC invocations=25 (full 0):
 garbage-first heap   total 147456K, used 91200K [0x0000000080000000, 0x0000000100000000)
  region size 1024K, 7 young (7168K), 3 survivors (3072K)
 Metaspace       used 57997K, committed 58560K, reserved 1105920K
  class space    used 7724K, committed 8000K, reserved 1048576K
}
Event: 6.822 GC heap after
{Heap after GC invocations=26 (full 0):
 garbage-first heap   total 147456K, used 86413K [0x0000000080000000, 0x0000000100000000)
  region size 1024K, 1 young (1024K), 1 survivors (1024K)
 Metaspace       used 57997K, committed 58560K, reserved 1105920K
  class space    used 7724K, committed 8000K, reserved 1048576K
}
Event: 7.028 GC heap before
{Heap before GC invocations=26 (full 0):
 garbage-first heap   total 147456K, used 106893K [0x0000000080000000, 0x0000000100000000)
  region size 1024K, 21 young (21504K), 1 survivors (1024K)
 Metaspace       used 61188K, committed 61824K, reserved 1105920K
  class space    used 8106K, committed 8384K, reserved 1048576K
}
Event: 7.030 GC heap after
{Heap after GC invocations=27 (full 0):
 garbage-first heap   total 177152K, used 87038K [0x0000000080000000, 0x0000000100000000)
  region size 1024K, 1 young (1024K), 1 survivors (1024K)
 Metaspace       used 61188K, committed 61824K, reserved 1105920K
  class space    used 8106K, committed 8384K, reserved 1048576K
}

Dll operation events (2 events):
Event: 0.010 Loaded shared library D:\Android\Studio\jbr\bin\java.dll
Event: 0.459 Loaded shared library D:\Android\Studio\jbr\bin\verify.dll

Deoptimization events (20 events):
Event: 7.163 Thread 0x000001987b43d0e0 Uncommon trap: trap_request=0xffffffbe fr.pc=0x000001986859b288 relative=0x0000000000000308
Event: 7.163 Thread 0x000001987b43d0e0 Uncommon trap: reason=profile_predicate action=maybe_recompile pc=0x000001986859b288 method=java.util.Arrays.binarySearch0([Ljava/lang/Object;IILjava/lang/Object;Ljava/util/Comparator;)I @ 25 c2
Event: 7.163 Thread 0x000001987b43d0e0 DEOPT PACKING pc=0x000001986859b288 sp=0x00000034cdaf3700
Event: 7.163 Thread 0x000001987b43d0e0 DEOPT UNPACKING pc=0x0000019867bd69a3 sp=0x00000034cdaf3620 mode 2
Event: 7.163 Thread 0x000001987b43d0e0 Uncommon trap: trap_request=0xffffffbe fr.pc=0x000001986859a730 relative=0x0000000000000330
Event: 7.163 Thread 0x000001987b43d0e0 Uncommon trap: reason=profile_predicate action=maybe_recompile pc=0x000001986859a730 method=java.util.Arrays.binarySearch0([Ljava/lang/Object;IILjava/lang/Object;Ljava/util/Comparator;)I @ 25 c2
Event: 7.163 Thread 0x000001987b43d0e0 DEOPT PACKING pc=0x000001986859a730 sp=0x00000034cdaf3660
Event: 7.163 Thread 0x000001987b43d0e0 DEOPT UNPACKING pc=0x0000019867bd69a3 sp=0x00000034cdaf3600 mode 2
Event: 7.182 Thread 0x000001987b43d0e0 Uncommon trap: trap_request=0xffffff45 fr.pc=0x000001986856259c relative=0x000000000000007c
Event: 7.182 Thread 0x000001987b43d0e0 Uncommon trap: reason=unstable_if action=reinterpret pc=0x000001986856259c method=java.util.Spliterator.getExactSizeIfKnown()J @ 9 c2
Event: 7.182 Thread 0x000001987b43d0e0 DEOPT PACKING pc=0x000001986856259c sp=0x00000034cdaf2e10
Event: 7.182 Thread 0x000001987b43d0e0 DEOPT UNPACKING pc=0x0000019867bd69a3 sp=0x00000034cdaf2da8 mode 2
Event: 7.200 Thread 0x000001987b43d0e0 Uncommon trap: trap_request=0xffffff45 fr.pc=0x00000198683d9580 relative=0x00000000000001e0
Event: 7.200 Thread 0x000001987b43d0e0 Uncommon trap: reason=unstable_if action=reinterpret pc=0x00000198683d9580 method=java.security.SecureClassLoader$CodeSourceKey.hashCode()I @ 9 c2
Event: 7.200 Thread 0x000001987b43d0e0 DEOPT PACKING pc=0x00000198683d9580 sp=0x00000034cdaf2720
Event: 7.200 Thread 0x000001987b43d0e0 DEOPT UNPACKING pc=0x0000019867bd69a3 sp=0x00000034cdaf26b0 mode 2
Event: 7.200 Thread 0x000001987b43d0e0 Uncommon trap: trap_request=0xffffff45 fr.pc=0x000001986853f2b0 relative=0x0000000000000e70
Event: 7.200 Thread 0x000001987b43d0e0 Uncommon trap: reason=unstable_if action=reinterpret pc=0x000001986853f2b0 method=java.lang.ClassLoader.defineClassSourceLocation(Ljava/security/ProtectionDomain;)Ljava/lang/String; @ 15 c2
Event: 7.200 Thread 0x000001987b43d0e0 DEOPT PACKING pc=0x000001986853f2b0 sp=0x00000034cdaf28a0
Event: 7.200 Thread 0x000001987b43d0e0 DEOPT UNPACKING pc=0x0000019867bd69a3 sp=0x00000034cdaf27c0 mode 2

Classes unloaded (0 events):
No events

Classes redefined (0 events):
No events

Internal exceptions (20 events):
Event: 6.024 Thread 0x000001987b43d0e0 Exception <a 'java/lang/NoSuchMethodError'{0x000000008715c800}: 'java.lang.Object java.lang.invoke.Invokers$Holder.invoker(java.lang.Object, java.lang.Object, java.lang.Object, java.lang.Object, java.lang.Object, java.lang.Object, java.lang.Object, java.lang.Object, java.lang.Object, java.lang.Object, java.lang.Object, java.lang.Object, java.lang.Object, java.lang.Object, java.lang.Object, java.lang.Object, java.lang.Object, java.lang.Object, java.lang.Object, java.lang.Object, java.lang.Object)'> (0x00000
Event: 6.024 Thread 0x000001987b43d0e0 Exception <a 'java/lang/NoSuchMethodError'{0x0000000087163a30}: 'java.lang.Object java.lang.invoke.DelegatingMethodHandle$Holder.delegate(java.lang.Object, java.lang.Object, java.lang.Object, java.lang.Object, java.lang.Object, java.lang.Object, java.lang.Object, java.lang.Object, java.lang.Object, java.lang.Object, java.lang.Object, java.lang.Object, java.lang.Object, java.lang.Object, java.lang.Object, java.lang.Object, java.lang.Object, java.lang.Object, java.lang.Object, java.lang.Object, java.lang.Obj
Event: 6.029 Thread 0x000001987b43d0e0 Exception <a 'java/lang/NoSuchMethodError'{0x00000000871e0540}: 'java.lang.Object java.lang.invoke.DirectMethodHandle$Holder.invokeStatic(java.lang.Object, java.lang.Object, java.lang.Object, java.lang.Object, java.lang.Object, java.lang.Object, java.lang.Object, java.lang.Object, java.lang.Object, java.lang.Object, java.lang.Object, java.lang.Object, java.lang.Object, java.lang.Object, java.lang.Object, java.lang.Object, java.lang.Object)'> (0x00000000871e0540) 
thrown [s\src\hotspot\share\interpreter\lin
Event: 6.030 Thread 0x000001987b43d0e0 Exception <a 'java/lang/NoSuchMethodError'{0x0000000087008d30}: 'java.lang.Object java.lang.invoke.DirectMethodHandle$Holder.invokeStatic(java.lang.Object, java.lang.Object, java.lang.Object, java.lang.Object, java.lang.Object, java.lang.Object, java.lang.Object, java.lang.Object, java.lang.Object, java.lang.Object, java.lang.Object, java.lang.Object, java.lang.Object, java.lang.Object, java.lang.Object, java.lang.Object, java.lang.Object, java.lang.Object)'> (0x0000000087008d30) 
thrown [s\src\hotspot\sha
Event: 6.031 Thread 0x000001987b43d0e0 Exception <a 'java/lang/NoSuchMethodError'{0x00000000870318c8}: 'java.lang.Object java.lang.invoke.DirectMethodHandle$Holder.invokeStatic(java.lang.Object, java.lang.Object, java.lang.Object, java.lang.Object, java.lang.Object, java.lang.Object, java.lang.Object, java.lang.Object, java.lang.Object, java.lang.Object, java.lang.Object, java.lang.Object, java.lang.Object, java.lang.Object, java.lang.Object, java.lang.Object, java.lang.Object, java.lang.Object, java.lang.Object)'> (0x00000000870318c8) 
thrown 
Event: 6.032 Thread 0x000001987b43d0e0 Exception <a 'java/lang/NoSuchMethodError'{0x000000008705b720}: 'java.lang.Object java.lang.invoke.DirectMethodHandle$Holder.invokeStatic(java.lang.Object, java.lang.Object, java.lang.Object, java.lang.Object, java.lang.Object, java.lang.Object, java.lang.Object, java.lang.Object, java.lang.Object, java.lang.Object, java.lang.Object, java.lang.Object, java.lang.Object, java.lang.Object, java.lang.Object, java.lang.Object, java.lang.Object, java.lang.Object, java.lang.Object, java.lang.Object)'> (0x00000000
Event: 6.034 Thread 0x000001987b43d0e0 Exception <a 'java/lang/NoSuchMethodError'{0x000000008708c358}: 'java.lang.Object java.lang.invoke.DirectMethodHandle$Holder.invokeStatic(java.lang.Object, java.lang.Object, java.lang.Object, java.lang.Object, java.lang.Object, java.lang.Object, java.lang.Object, java.lang.Object, java.lang.Object, java.lang.Object, java.lang.Object, java.lang.Object, java.lang.Object, java.lang.Object, java.lang.Object, java.lang.Object, java.lang.Object, java.lang.Object, java.lang.Object, java.lang.Object, java.lang.Obj
Event: 6.036 Thread 0x000001987b43d0e0 Exception <a 'java/lang/NoSuchMethodError'{0x00000000870b7bb0}: 'java.lang.Object java.lang.invoke.DirectMethodHandle$Holder.invokeStatic(java.lang.Object, java.lang.Object, java.lang.Object, java.lang.Object, java.lang.Object, java.lang.Object, java.lang.Object, java.lang.Object, java.lang.Object, java.lang.Object, java.lang.Object, java.lang.Object, java.lang.Object, java.lang.Object, java.lang.Object, java.lang.Object, java.lang.Object, java.lang.Object, java.lang.Object, java.lang.Object, java.lang.Obj
Event: 6.037 Thread 0x000001987b43d0e0 Exception <a 'java/lang/NoSuchMethodError'{0x00000000870e4ea0}: 'java.lang.Object java.lang.invoke.DirectMethodHandle$Holder.invokeStatic(java.lang.Object, java.lang.Object, java.lang.Object, java.lang.Object, java.lang.Object, java.lang.Object, java.lang.Object, java.lang.Object, java.lang.Object, java.lang.Object, java.lang.Object, java.lang.Object, java.lang.Object, java.lang.Object, java.lang.Object, java.lang.Object, java.lang.Object, java.lang.Object, java.lang.Object, java.lang.Object, java.lang.Obj
Event: 6.038 Thread 0x000001987b43d0e0 Exception <a 'java/lang/NoSuchMethodError'{0x0000000086f13ef0}: 'java.lang.Object java.lang.invoke.DirectMethodHandle$Holder.invokeStatic(java.lang.Object, java.lang.Object, java.lang.Object, java.lang.Object, java.lang.Object, java.lang.Object, java.lang.Object, java.lang.Object, java.lang.Object, java.lang.Object, java.lang.Object, java.lang.Object, java.lang.Object, java.lang.Object, java.lang.Object, java.lang.Object, java.lang.Object, java.lang.Object, java.lang.Object, java.lang.Object, java.lang.Obj
Event: 6.257 Thread 0x000001987b43d0e0 Implicit null exception at 0x000001986836016f to 0x00000198683603b0
Event: 6.469 Thread 0x000001987b43d0e0 Exception <a 'java/lang/ClassNotFoundException'{0x00000000874121c8}: build_eoafkkr0cbidiciv98simh871BeanInfo> (0x00000000874121c8) 
thrown [s\src\hotspot\share\classfile\systemDictionary.cpp, line 256]
Event: 6.469 Thread 0x000001987b43d0e0 Exception <a 'java/lang/ClassNotFoundException'{0x0000000087418a00}: build_eoafkkr0cbidiciv98simh871Customizer> (0x0000000087418a00) 
thrown [s\src\hotspot\share\classfile\systemDictionary.cpp, line 256]
Event: 6.715 Thread 0x000001987b43d0e0 Exception <a 'java/lang/NoSuchMethodError'{0x0000000088341d58}: 'java.lang.Object java.lang.invoke.DirectMethodHandle$Holder.newInvokeSpecial(java.lang.Object, java.lang.Object, java.lang.Object, java.lang.Object, int)'> (0x0000000088341d58) 
thrown [s\src\hotspot\share\interpreter\linkResolver.cpp, line 771]
Event: 6.715 Thread 0x000001987b43d0e0 Exception <a 'java/lang/NoSuchMethodError'{0x00000000883471a0}: 'java.lang.Object java.lang.invoke.DirectMethodHandle$Holder.invokeSpecial(java.lang.Object, java.lang.Object, java.lang.Object, java.lang.Object, java.lang.Object, int)'> (0x00000000883471a0) 
thrown [s\src\hotspot\share\interpreter\linkResolver.cpp, line 771]
Event: 6.715 Thread 0x000001987b43d0e0 Exception <a 'java/lang/NoSuchMethodError'{0x000000008834bf20}: 'java.lang.Object java.lang.invoke.Invokers$Holder.linkToTargetMethod(java.lang.Object, java.lang.Object, java.lang.Object, int, java.lang.Object)'> (0x000000008834bf20) 
thrown [s\src\hotspot\share\interpreter\linkResolver.cpp, line 771]
Event: 6.873 Thread 0x000001987b43d0e0 Exception <a 'java/lang/NoSuchMethodError'{0x000000008ae56c80}: 'int java.lang.invoke.DirectMethodHandle$Holder.invokeInterface(java.lang.Object, java.lang.Object, java.lang.Object, java.lang.Object)'> (0x000000008ae56c80) 
thrown [s\src\hotspot\share\interpreter\linkResolver.cpp, line 771]
Event: 7.153 Thread 0x000001987b43d0e0 Exception <a 'java/lang/IncompatibleClassChangeError'{0x000000008ac78088}: Found class java.lang.Object, but interface was expected> (0x000000008ac78088) 
thrown [s\src\hotspot\share\interpreter\linkResolver.cpp, line 838]
Event: 7.200 Thread 0x000001987b43d0e0 Implicit null exception at 0x00000198683d93d9 to 0x00000198683d9570
Event: 7.200 Thread 0x000001987b43d0e0 Implicit null exception at 0x000001986853e9e5 to 0x000001986853f25c

VM Operations (20 events):
Event: 6.605 Executing VM operation: G1Concurrent
Event: 6.607 Executing VM operation: G1Concurrent done
Event: 6.612 Executing VM operation: G1Concurrent
Event: 6.612 Executing VM operation: G1Concurrent done
Event: 6.733 Executing VM operation: HandshakeAllThreads
Event: 6.733 Executing VM operation: HandshakeAllThreads done
Event: 6.779 Executing VM operation: G1CollectForAllocation
Event: 6.780 Executing VM operation: G1CollectForAllocation done
Event: 6.820 Executing VM operation: G1CollectForAllocation
Event: 6.822 Executing VM operation: G1CollectForAllocation done
Event: 6.867 Executing VM operation: HandshakeAllThreads
Event: 6.867 Executing VM operation: HandshakeAllThreads done
Event: 6.872 Executing VM operation: HandshakeAllThreads
Event: 6.872 Executing VM operation: HandshakeAllThreads done
Event: 7.028 Executing VM operation: G1CollectForAllocation
Event: 7.030 Executing VM operation: G1CollectForAllocation done
Event: 7.049 Executing VM operation: G1Concurrent
Event: 7.052 Executing VM operation: G1Concurrent done
Event: 7.059 Executing VM operation: G1Concurrent
Event: 7.059 Executing VM operation: G1Concurrent done

Events (20 events):
Event: 7.197 loading class jdk/jfr/Recording
Event: 7.197 loading class jdk/jfr/Recording done
Event: 7.197 loading class javax/management/NotificationListener
Event: 7.198 loading class javax/management/NotificationListener done
Event: 7.198 loading class javax/management/NotificationFilter
Event: 7.198 loading class javax/management/NotificationFilter done
Event: 7.198 loading class jdk/management/jfr/FlightRecorderMXBeanImpl$MXBeanListener
Event: 7.198 loading class jdk/jfr/FlightRecorderListener
Event: 7.198 loading class jdk/jfr/FlightRecorderListener done
Event: 7.198 loading class jdk/management/jfr/FlightRecorderMXBeanImpl$MXBeanListener done
Event: 7.198 loading class javax/management/ListenerNotFoundException
Event: 7.198 loading class javax/management/ListenerNotFoundException done
Event: 7.198 loading class jdk/jfr/FlightRecorder
Event: 7.198 loading class jdk/jfr/FlightRecorder done
Event: 7.199 loading class sun/reflect/misc/MethodUtil
Event: 7.199 loading class sun/reflect/misc/MethodUtil done
Event: 7.199 loading class sun/reflect/misc/MethodUtil$1
Event: 7.199 loading class sun/reflect/misc/MethodUtil$1 done
Event: 7.202 Thread 0x0000019802489430 Thread added: 0x0000019802489430
Event: 7.205 loading class java/lang/Byte$ByteCache


Dynamic libraries:
0x00007ff6bb490000 - 0x00007ff6bb49a000 	D:\Android\Studio\jbr\bin\java.exe
0x00007fff59870000 - 0x00007fff59a68000 	C:\Windows\SYSTEM32\ntdll.dll
0x00007fff58f60000 - 0x00007fff5901d000 	C:\Windows\System32\KERNEL32.DLL
0x00007fff570b0000 - 0x00007fff573a6000 	C:\Windows\System32\KERNELBASE.dll
0x00007fff56f80000 - 0x00007fff57080000 	C:\Windows\System32\ucrtbase.dll
0x00007fff42760000 - 0x00007fff42777000 	D:\Android\Studio\jbr\bin\jli.dll
0x00007fff42740000 - 0x00007fff4275b000 	D:\Android\Studio\jbr\bin\VCRUNTIME140.dll
0x00007fff58dc0000 - 0x00007fff58f5e000 	C:\Windows\System32\USER32.dll
0x00007fff56f50000 - 0x00007fff56f72000 	C:\Windows\System32\win32u.dll
0x00007fff58800000 - 0x00007fff5882c000 	C:\Windows\System32\GDI32.dll
0x00007fff3e7e0000 - 0x00007fff3ea7a000 	C:\Windows\WinSxS\amd64_microsoft.windows.common-controls_6595b64144ccf1df_6.0.19041.3636_none_60b6a03d71f818d5\COMCTL32.dll
0x00007fff573b0000 - 0x00007fff574ca000 	C:\Windows\System32\gdi32full.dll
0x00007fff58700000 - 0x00007fff5879e000 	C:\Windows\System32\msvcrt.dll
0x00007fff57750000 - 0x00007fff577ed000 	C:\Windows\System32\msvcp_win.dll
0x00007fff58d90000 - 0x00007fff58dc0000 	C:\Windows\System32\IMM32.DLL
0x00007fff42650000 - 0x00007fff4265c000 	D:\Android\Studio\jbr\bin\vcruntime140_1.dll
0x00007fff20740000 - 0x00007fff207cd000 	D:\Android\Studio\jbr\bin\msvcp140.dll
0x00007fff013a0000 - 0x00007fff0200e000 	D:\Android\Studio\jbr\bin\server\jvm.dll
0x00007fff59780000 - 0x00007fff5982f000 	C:\Windows\System32\ADVAPI32.dll
0x00007fff584a0000 - 0x00007fff5853c000 	C:\Windows\System32\sechost.dll
0x00007fff58540000 - 0x00007fff58666000 	C:\Windows\System32\RPCRT4.dll
0x00007fff441f0000 - 0x00007fff441f9000 	C:\Windows\SYSTEM32\WSOCK32.dll
0x00007fff4c700000 - 0x00007fff4c727000 	C:\Windows\SYSTEM32\WINMM.dll
0x00007fff4dd80000 - 0x00007fff4dd8a000 	C:\Windows\SYSTEM32\VERSION.dll
0x00007fff596f0000 - 0x00007fff5975b000 	C:\Windows\System32\WS2_32.dll
0x00007fff55760000 - 0x00007fff55772000 	C:\Windows\SYSTEM32\kernel.appcore.dll
0x00007fff50f20000 - 0x00007fff50f2a000 	D:\Android\Studio\jbr\bin\jimage.dll
0x00007fff552c0000 - 0x00007fff554a4000 	C:\Windows\SYSTEM32\DBGHELP.DLL
0x00007fff43f20000 - 0x00007fff43f54000 	C:\Windows\SYSTEM32\dbgcore.DLL
0x00007fff577f0000 - 0x00007fff57872000 	C:\Windows\System32\bcryptPrimitives.dll
0x00007fff48340000 - 0x00007fff48365000 	D:\Android\Studio\jbr\bin\java.dll
0x00007fff50f00000 - 0x00007fff50f18000 	D:\Android\Studio\jbr\bin\zip.dll
0x00007fff578e0000 - 0x00007fff58025000 	C:\Windows\System32\SHELL32.dll
0x00007fff54b10000 - 0x00007fff552ab000 	C:\Windows\SYSTEM32\windows.storage.dll
0x00007fff58a10000 - 0x00007fff58d64000 	C:\Windows\System32\combase.dll
0x00007fff568c0000 - 0x00007fff568ed000 	C:\Windows\SYSTEM32\Wldp.dll
0x00007fff58100000 - 0x00007fff581ad000 	C:\Windows\System32\SHCORE.dll
0x00007fff587a0000 - 0x00007fff587f5000 	C:\Windows\System32\shlwapi.dll
0x00007fff56e80000 - 0x00007fff56ea5000 	C:\Windows\SYSTEM32\profapi.dll
0x00007fff4f550000 - 0x00007fff4f569000 	D:\Android\Studio\jbr\bin\net.dll
0x00007fff4e020000 - 0x00007fff4e12a000 	C:\Windows\SYSTEM32\WINHTTP.dll
0x00007fff56620000 - 0x00007fff5668a000 	C:\Windows\system32\mswsock.dll
0x00007fff433d0000 - 0x00007fff433e6000 	D:\Android\Studio\jbr\bin\nio.dll
0x00007fff50ec0000 - 0x00007fff50ed0000 	D:\Android\Studio\jbr\bin\verify.dll
0x00007fff32b30000 - 0x00007fff32b57000 	C:\Users\58398\.gradle\native\68d5fa5c4cc2d200863cafc0d521ce42e7d3e7ee720ec0a83991735586a16f82\windows-amd64\native-platform.dll
0x00007fff010b0000 - 0x00007fff011f4000 	C:\Users\58398\.gradle\native\e376f236ea51e6404a007f0833ffe2c6e607c4080706a723a18a27aeea778392\windows-amd64\native-platform-file-events.dll
0x00007fff48330000 - 0x00007fff48339000 	D:\Android\Studio\jbr\bin\management.dll
0x00007fff47750000 - 0x00007fff4775b000 	D:\Android\Studio\jbr\bin\management_ext.dll
0x00007fff578d0000 - 0x00007fff578d8000 	C:\Windows\System32\PSAPI.DLL
0x00007fff56810000 - 0x00007fff56828000 	C:\Windows\SYSTEM32\CRYPTSP.dll
0x00007fff55f10000 - 0x00007fff55f44000 	C:\Windows\system32\rsaenh.dll
0x00007fff57080000 - 0x00007fff570a7000 	C:\Windows\System32\bcrypt.dll
0x00007fff56e00000 - 0x00007fff56e2e000 	C:\Windows\SYSTEM32\USERENV.dll
0x00007fff56830000 - 0x00007fff5683c000 	C:\Windows\SYSTEM32\CRYPTBASE.dll
0x00007fff562e0000 - 0x00007fff5631b000 	C:\Windows\SYSTEM32\IPHLPAPI.DLL
0x00007fff58d80000 - 0x00007fff58d88000 	C:\Windows\System32\NSI.dll
0x00007fff4df80000 - 0x00007fff4df97000 	C:\Windows\SYSTEM32\dhcpcsvc6.DLL
0x00007fff4de80000 - 0x00007fff4de9d000 	C:\Windows\SYSTEM32\dhcpcsvc.DLL
0x00007fff56330000 - 0x00007fff563fa000 	C:\Windows\SYSTEM32\DNSAPI.dll
0x00007fff47730000 - 0x00007fff47737000 	C:\Windows\system32\wshunix.dll

dbghelp: loaded successfully - version: 4.0.5 - missing functions: none
symbol engine: initialized successfully - sym options: 0x614 - pdb path: .;D:\Android\Studio\jbr\bin;C:\Windows\SYSTEM32;C:\Windows\WinSxS\amd64_microsoft.windows.common-controls_6595b64144ccf1df_6.0.19041.3636_none_60b6a03d71f818d5;D:\Android\Studio\jbr\bin\server;C:\Users\58398\.gradle\native\68d5fa5c4cc2d200863cafc0d521ce42e7d3e7ee720ec0a83991735586a16f82\windows-amd64;C:\Users\58398\.gradle\native\e376f236ea51e6404a007f0833ffe2c6e607c4080706a723a18a27aeea778392\windows-amd64

VM Arguments:
jvm_args: --add-opens=java.base/java.util=ALL-UNNAMED --add-opens=java.base/java.lang=ALL-UNNAMED --add-opens=java.base/java.lang.invoke=ALL-UNNAMED --add-opens=java.prefs/java.util.prefs=ALL-UNNAMED --add-opens=java.base/java.nio.charset=ALL-UNNAMED --add-opens=java.base/java.net=ALL-UNNAMED --add-opens=java.base/java.util.concurrent.atomic=ALL-UNNAMED -Xmx2048m -Dfile.encoding=UTF-8 -Duser.country=CN -Duser.language=zh -Duser.variant 
java_command: org.gradle.launcher.daemon.bootstrap.GradleDaemon 8.0
java_class_path (initial): C:\Users\58398\.gradle\wrapper\dists\gradle-8.0-bin\ca5e32bp14vu59qr306oxotwh\gradle-8.0\lib\gradle-launcher-8.0.jar
Launcher Type: SUN_STANDARD

[Global flags]
     intx CICompilerCount                          = 12                                        {product} {ergonomic}
     uint ConcGCThreads                            = 3                                         {product} {ergonomic}
     uint G1ConcRefinementThreads                  = 13                                        {product} {ergonomic}
   size_t G1HeapRegionSize                         = 1048576                                   {product} {ergonomic}
    uintx GCDrainStackTargetSize                   = 64                                        {product} {ergonomic}
   size_t InitialHeapSize                          = 232783872                                 {product} {ergonomic}
   size_t MarkStackSize                            = 4194304                                   {product} {ergonomic}
   size_t MaxHeapSize                              = 2147483648                                {product} {command line}
   size_t MaxNewSize                               = 1287651328                                {product} {ergonomic}
   size_t MinHeapDeltaBytes                        = 1048576                                   {product} {ergonomic}
   size_t MinHeapSize                              = 8388608                                   {product} {ergonomic}
    uintx NonNMethodCodeHeapSize                   = 7602480                                {pd product} {ergonomic}
    uintx NonProfiledCodeHeapSize                  = 122027880                              {pd product} {ergonomic}
    uintx ProfiledCodeHeapSize                     = 122027880                              {pd product} {ergonomic}
    uintx ReservedCodeCacheSize                    = 251658240                              {pd product} {ergonomic}
     bool SegmentedCodeCache                       = true                                      {product} {ergonomic}
   size_t SoftMaxHeapSize                          = 2147483648                             {manageable} {ergonomic}
     bool UseCompressedClassPointers               = true                           {product lp64_product} {ergonomic}
     bool UseCompressedOops                        = true                           {product lp64_product} {ergonomic}
     bool UseG1GC                                  = true                                      {product} {ergonomic}
     bool UseLargePagesIndividualAllocation        = false                                  {pd product} {ergonomic}

Logging:
Log output configuration:
 #0: stdout all=warning uptime,level,tags
 #1: stderr all=off uptime,level,tags

Environment Variables:
JAVA_HOME=C:\Program Files\Java\jdk-11.0.13
PATH=C:\Program Files\PlasticSCM5\server;C:\Program Files\PlasticSCM5\client;D:\VMware\bin\;C:\Program Files (x86)\Common Files\Oracle\Java\javapath;C:\Program Files\Common Files\Oracle\Java\javapath;D:\anaconda3;D:\anaconda3\Library\mingw-w64\bin;D:\anaconda3\Library\usr\bin;D:\anaconda3\Library\bin;D:\anaconda3\Scripts;C:\Users\58398\Documents\yys\winlibs\mingw64\bin;C:\Windows\system32;C:\Windows;C:\Windows\System32\Wbem;C:\Windows\System32\WindowsPowerShell\v1.0\;C:\Windows\System32\OpenSSH\;C:\Program Files\Microsoft SQL Server\130\Tools\Binn\;C:\Program Files\Git\cmd;C:\Program Files\TortoiseGit\bin;C:\Users\58398\AppData\Roaming\Microsoft\Windows\Start Menu\Programs\Python 3.10;C:\Program Files (x86)\NetSarang\Xshell 7\;C:\Program Files (x86)\NetSarang\Xftp 7\;C:\Program Files\Java\jdk-11.0.13\bin;C:\Program Files\Java\jdk-11.0.13\jre\bin;D:\\web\dll;D:\gradle\gradle-7.0\bin;C:\Program Files\nodejs\;C:\ProgramData\chocolatey\bin;C:\Program Files\MySQL\MySQL Server 8.0\bin;D:\redis;C:\Program Files\dotnet\;D:\codes\opencv\opencv\build\x64\vc16\bin;D:\spark-2.3.0-odps0.34.0\spark-2.3.0-odps0.34.0\bin;D:\scala-2.13.11\bin;D:\apache-maven-3.8.6-bin\apache-maven-3.8.6\bin;D:\MongoDB\Server\7.0\bin;D:\MongoDB\mongosh-2.0.1-win32-x64\bin;D:\apache-tomcat-9.0.82-windows-x64\apache-tomcat-9.0.82\bin;C:\Program Files\Docker\Docker\resources\bin;D:\Android\Sdk\platform-tools;%ERLANG_HOME%\bin;C:\Program Files\MySQL\MySQL Shell 8.0\bin\;C:\Users\58398\Documents\yys\winlibs\mingw64\bin;C:\Windows\system32;C:\Windows;C:\Windows\System32\Wbem;C:\Windows\System32\WindowsPowerShell\v1.0\;C:\Windows\System32\OpenSSH\;C:\Program Files\Microsoft SQL Server\130\Tools\Binn\;C:\Program Files\Git\cmd;C:\Program Files\TortoiseGit\bin;C:\Users\58398\AppData\Roaming\Microsoft\Windows\Start Menu\Programs\Python 3.10;C:\Users\58398\AppData\Local\Programs\Microsoft VS Code\bin;C:\Users\58398\AppData\Roaming\npm;D:\redis;C:\Users\58398\.dotnet\tools;D:\Huawei\DevEco St
USERNAME=58398
OS=Windows_NT
PROCESSOR_IDENTIFIER=AMD64 Family 25 Model 80 Stepping 0, AuthenticAMD
TMP=C:\Users\58398\AppData\Local\Temp
TEMP=C:\Users\58398\AppData\Local\Temp


JNI global refs:
JNI global refs: 35, weak refs: 0

JNI global refs memory usage: 843, weak refs: 841


---------------  S Y S T E M  ---------------

OS:
 Windows 10 , 64 bit Build 19041 (10.0.19041.3636)
OS uptime: 0 days 10:41 hours
Hyper-V role detected

CPU: total 16 (initial active 16) (16 cores per cpu, 2 threads per core) family 25 model 80 stepping 0 microcode 0x0, cx8, cmov, fxsr, ht, mmx, 3dnowpref, sse, sse2, sse3, ssse3, sse4a, sse4.1, sse4.2, popcnt, lzcnt, tsc, tscinvbit, avx, avx2, aes, erms, clmul, bmi1, bmi2, adx, sha, fma, vzeroupper, clflush, clflushopt, hv

Memory: 4k page, system-wide physical 14198M (2121M free)
TotalPageFile size 14198M (AvailPageFile size 6M)
current process WorkingSet (physical memory assigned to process): 369M, peak: 369M
current process commit charge ("private bytes"): 446M, peak: 449M

vm_info: OpenJDK 64-Bit Server VM (17.0.6+0-b2043.56-10027231) for windows-amd64 JRE (17.0.6+0-b2043.56-10027231), built on Apr 28 2023 00:43:19 by "androidbuild" with MS VC++ 16.10 / 16.11 (VS2019)

END.
