#
# There is insufficient memory for the Java Runtime Environment to continue.
# Native memory allocation (mmap) failed to map 13631488 bytes for G1 virtual space
# Possible reasons:
#   The system is out of physical RAM or swap space
#   The process is running with CompressedOops enabled, and the Java Heap may be blocking the growth of the native heap
# Possible solutions:
#   Reduce memory load on the system
#   Increase physical memory or swap space
#   Check if swap backing store is full
#   Decrease Java heap size (-Xmx/-Xms)
#   Decrease number of Java threads
#   Decrease Java thread stack sizes (-Xss)
#   Set larger code cache with -XX:ReservedCodeCacheSize=
#   JVM is running with Unscaled Compressed Oops mode in which the Java heap is
#     placed in the first 4GB address space. The Java Heap base address is the
#     maximum limit for the native heap growth. Please use -XX:HeapBaseMinAddress
#     to set the Java Heap base and to place the Java Heap above 4GB virtual address.
# This output file may be truncated or incomplete.
#
#  Out of Memory Error (os_windows.cpp:3769), pid=14776, tid=2864
#
# JRE version: OpenJDK Runtime Environment (17.0.6) (build 17.0.6+0-b2043.56-10027231)
# Java VM: OpenJDK 64-Bit Server VM (17.0.6+0-b2043.56-10027231, mixed mode, tiered, compressed oops, compressed class ptrs, g1 gc, windows-amd64)
# No core dump will be written. Minidumps are not enabled by default on client versions of Windows
#

---------------  S U M M A R Y ------------

Command Line: --add-opens=java.base/java.util=ALL-UNNAMED --add-opens=java.base/java.lang=ALL-UNNAMED --add-opens=java.base/java.lang.invoke=ALL-UNNAMED --add-opens=java.prefs/java.util.prefs=ALL-UNNAMED --add-opens=java.base/java.nio.charset=ALL-UNNAMED --add-opens=java.base/java.net=ALL-UNNAMED --add-opens=java.base/java.util.concurrent.atomic=ALL-UNNAMED -Xmx2048m -Dfile.encoding=UTF-8 -Duser.country=CN -Duser.language=zh -Duser.variant org.gradle.launcher.daemon.bootstrap.GradleDaemon 8.0

Host: AMD Ryzen 7 5800H with Radeon Graphics         , 16 cores, 13G,  Windows 10 , 64 bit Build 19041 (10.0.19041.3636)
Time: Sat Dec 23 23:00:01 2023  Windows 10 , 64 bit Build 19041 (10.0.19041.3636) elapsed time: 5.054221 seconds (0d 0h 0m 5s)

---------------  T H R E A D  ---------------

Current thread (0x00000200ce52d500):  VMThread "VM Thread" [stack: 0x000000a12b900000,0x000000a12ba00000] [id=2864]

Stack: [0x000000a12b900000,0x000000a12ba00000]
Native frames: (J=compiled Java code, j=interpreted, Vv=VM code, C=native code)
V  [jvm.dll+0x683c9a]
V  [jvm.dll+0x8427a4]
V  [jvm.dll+0x843f9e]
V  [jvm.dll+0x844603]
V  [jvm.dll+0x249b75]
V  [jvm.dll+0x680b69]
V  [jvm.dll+0x67505a]
V  [jvm.dll+0x309acb]
V  [jvm.dll+0x310f86]
V  [jvm.dll+0x3608ee]
V  [jvm.dll+0x360b1f]
V  [jvm.dll+0x2dfbf8]
V  [jvm.dll+0x2ddec4]
V  [jvm.dll+0x2dd4cc]
V  [jvm.dll+0x321f3b]
V  [jvm.dll+0x848ccb]
V  [jvm.dll+0x849a04]
V  [jvm.dll+0x849f1d]
V  [jvm.dll+0x84a2f4]
V  [jvm.dll+0x84a3c0]
V  [jvm.dll+0x7f274a]
V  [jvm.dll+0x682ad5]
C  [ucrtbase.dll+0x21bb2]
C  [KERNEL32.DLL+0x17344]
C  [ntdll.dll+0x526b1]

VM_Operation (0x000000a12d4f9c90): G1CollectForAllocation, mode: safepoint, requested by thread 0x00000200cf071870


---------------  P R O C E S S  ---------------

Threads class SMR info:
_java_thread_list=0x00000200d5d4ec50, length=57, elements={
0x00000200b1a2e7b0, 0x00000200cf060620, 0x00000200cf061c80, 0x00000200cf071d40,
0x00000200cf072bb0, 0x00000200cf073080, 0x00000200cf072210, 0x00000200cf0956f0,
0x00000200cf096790, 0x00000200cf099c40, 0x00000200cf1fd670, 0x00000200cf207bb0,
0x00000200cf06fb90, 0x00000200cf070060, 0x00000200cfedaa30, 0x00000200cf0726e0,
0x00000200cf386e30, 0x00000200cf06f6c0, 0x00000200cf070530, 0x00000200cf070ed0,
0x00000200cf070a00, 0x00000200cf0713a0, 0x00000200cf071870, 0x00000200d1ad3190,
0x00000200d1acdaf0, 0x00000200d1acee30, 0x00000200d1ad0fe0, 0x00000200d1ad27f0,
0x00000200d1ad0170, 0x00000200d27dc350, 0x00000200d1ad1e50, 0x00000200d1ad3660,
0x00000200d1ad14b0, 0x00000200d1ad4000, 0x00000200d1ad0640, 0x00000200d1ad1980,
0x00000200d1ad0b10, 0x00000200d1ace490, 0x00000200d1ad2320, 0x00000200d1ad2cc0,
0x00000200d1ad44d0, 0x00000200d1ace960, 0x00000200d1ad49a0, 0x00000200d1acd150,
0x00000200d1ad3b30, 0x00000200d1acd620, 0x00000200d1acf300, 0x00000200d1acdfc0,
0x00000200d27d9fe0, 0x00000200d1acf7d0, 0x00000200d1acfca0, 0x00000200d42d2920,
0x00000200d42d3790, 0x00000200d42d5e10, 0x00000200d42d62e0, 0x00000200d27dc860,
0x00000200d42d6c80
}

Java Threads: ( => current thread )
  0x00000200b1a2e7b0 JavaThread "main" [_thread_blocked, id=20704, stack(0x000000a12b300000,0x000000a12b400000)]
  0x00000200cf060620 JavaThread "Reference Handler" daemon [_thread_blocked, id=21904, stack(0x000000a12ba00000,0x000000a12bb00000)]
  0x00000200cf061c80 JavaThread "Finalizer" daemon [_thread_blocked, id=20620, stack(0x000000a12bb00000,0x000000a12bc00000)]
  0x00000200cf071d40 JavaThread "Signal Dispatcher" daemon [_thread_blocked, id=19384, stack(0x000000a12bc00000,0x000000a12bd00000)]
  0x00000200cf072bb0 JavaThread "Attach Listener" daemon [_thread_blocked, id=11804, stack(0x000000a12bd00000,0x000000a12be00000)]
  0x00000200cf073080 JavaThread "Service Thread" daemon [_thread_blocked, id=4084, stack(0x000000a12be00000,0x000000a12bf00000)]
  0x00000200cf072210 JavaThread "Monitor Deflation Thread" daemon [_thread_blocked, id=22872, stack(0x000000a12bf00000,0x000000a12c000000)]
  0x00000200cf0956f0 JavaThread "C2 CompilerThread0" daemon [_thread_blocked, id=22180, stack(0x000000a12c000000,0x000000a12c100000)]
  0x00000200cf096790 JavaThread "C1 CompilerThread0" daemon [_thread_blocked, id=16820, stack(0x000000a12c100000,0x000000a12c200000)]
  0x00000200cf099c40 JavaThread "Sweeper thread" daemon [_thread_blocked, id=22496, stack(0x000000a12c200000,0x000000a12c300000)]
  0x00000200cf1fd670 JavaThread "C1 CompilerThread1" daemon [_thread_blocked, id=21160, stack(0x000000a12c300000,0x000000a12c400000)]
  0x00000200cf207bb0 JavaThread "C1 CompilerThread2" daemon [_thread_blocked, id=23172, stack(0x000000a12c400000,0x000000a12c500000)]
  0x00000200cf06fb90 JavaThread "Common-Cleaner" daemon [_thread_blocked, id=20524, stack(0x000000a12c500000,0x000000a12c600000)]
  0x00000200cf070060 JavaThread "Notification Thread" daemon [_thread_blocked, id=608, stack(0x000000a12c600000,0x000000a12c700000)]
  0x00000200cfedaa30 JavaThread "C1 CompilerThread3" daemon [_thread_blocked, id=22092, stack(0x000000a12ce00000,0x000000a12cf00000)]
  0x00000200cf0726e0 JavaThread "Daemon health stats" [_thread_blocked, id=20700, stack(0x000000a12cf00000,0x000000a12d000000)]
  0x00000200cf386e30 JavaThread "C2 CompilerThread1" daemon [_thread_blocked, id=22696, stack(0x000000a12c800000,0x000000a12c900000)]
  0x00000200cf06f6c0 JavaThread "Incoming local TCP Connector on port 53338" [_thread_in_native, id=344, stack(0x000000a12c900000,0x000000a12ca00000)]
  0x00000200cf070530 JavaThread "Daemon periodic checks" [_thread_blocked, id=21720, stack(0x000000a12d000000,0x000000a12d100000)]
  0x00000200cf070ed0 JavaThread "Daemon" [_thread_blocked, id=15408, stack(0x000000a12d100000,0x000000a12d200000)]
  0x00000200cf070a00 JavaThread "Handler for socket connection from /127.0.0.1:53338 to /127.0.0.1:53339" [_thread_in_native, id=14568, stack(0x000000a12d200000,0x000000a12d300000)]
  0x00000200cf0713a0 JavaThread "Cancel handler" [_thread_blocked, id=14472, stack(0x000000a12d300000,0x000000a12d400000)]
  0x00000200cf071870 JavaThread "Daemon worker" [_thread_blocked, id=21100, stack(0x000000a12d400000,0x000000a12d500000)]
  0x00000200d1ad3190 JavaThread "Asynchronous log dispatcher for DefaultDaemonConnection: socket connection from /127.0.0.1:53338 to /127.0.0.1:53339" [_thread_blocked, id=22624, stack(0x000000a12d500000,0x000000a12d600000)]
  0x00000200d1acdaf0 JavaThread "Stdin handler" [_thread_blocked, id=16484, stack(0x000000a12d600000,0x000000a12d700000)]
  0x00000200d1acee30 JavaThread "Daemon client event forwarder" [_thread_blocked, id=23372, stack(0x000000a12d700000,0x000000a12d800000)]
  0x00000200d1ad0fe0 JavaThread "Cache worker for journal cache (C:\Users\58398\.gradle\caches\journal-1)" [_thread_blocked, id=21416, stack(0x000000a12e200000,0x000000a12e300000)]
  0x00000200d1ad27f0 JavaThread "File lock request listener" [_thread_in_native, id=23508, stack(0x000000a12e300000,0x000000a12e400000)]
  0x00000200d1ad0170 JavaThread "Cache worker for file hash cache (C:\Users\58398\.gradle\caches\8.0\fileHashes)" [_thread_blocked, id=14580, stack(0x000000a12e400000,0x000000a12e500000)]
  0x00000200d27dc350 JavaThread "C2 CompilerThread2" daemon [_thread_blocked, id=21916, stack(0x000000a12e500000,0x000000a12e600000)]
  0x00000200d1ad1e50 JavaThread "File watcher server" daemon [_thread_in_native, id=18048, stack(0x000000a12e700000,0x000000a12e800000)]
  0x00000200d1ad3660 JavaThread "File watcher consumer" daemon [_thread_blocked, id=13176, stack(0x000000a12e800000,0x000000a12e900000)]
  0x00000200d1ad14b0 JavaThread "jar transforms" [_thread_blocked, id=22596, stack(0x000000a12e600000,0x000000a12e700000)]
  0x00000200d1ad4000 JavaThread "jar transforms Thread 2" [_thread_blocked, id=1496, stack(0x000000a12e900000,0x000000a12ea00000)]
  0x00000200d1ad0640 JavaThread "jar transforms Thread 3" [_thread_blocked, id=1408, stack(0x000000a12ea00000,0x000000a12eb00000)]
  0x00000200d1ad1980 JavaThread "jar transforms Thread 4" [_thread_blocked, id=22824, stack(0x000000a12eb00000,0x000000a12ec00000)]
  0x00000200d1ad0b10 JavaThread "jar transforms Thread 5" [_thread_blocked, id=23496, stack(0x000000a12ec00000,0x000000a12ed00000)]
  0x00000200d1ace490 JavaThread "jar transforms Thread 6" [_thread_blocked, id=19936, stack(0x000000a12ed00000,0x000000a12ee00000)]
  0x00000200d1ad2320 JavaThread "jar transforms Thread 7" [_thread_blocked, id=14492, stack(0x000000a12ee00000,0x000000a12ef00000)]
  0x00000200d1ad2cc0 JavaThread "jar transforms Thread 8" [_thread_blocked, id=15716, stack(0x000000a12ef00000,0x000000a12f000000)]
  0x00000200d1ad44d0 JavaThread "jar transforms Thread 9" [_thread_blocked, id=3972, stack(0x000000a12f000000,0x000000a12f100000)]
  0x00000200d1ace960 JavaThread "jar transforms Thread 10" [_thread_blocked, id=21696, stack(0x000000a12f100000,0x000000a12f200000)]
  0x00000200d1ad49a0 JavaThread "jar transforms Thread 11" [_thread_blocked, id=20792, stack(0x000000a12f200000,0x000000a12f300000)]
  0x00000200d1acd150 JavaThread "jar transforms Thread 12" [_thread_blocked, id=22756, stack(0x000000a12f300000,0x000000a12f400000)]
  0x00000200d1ad3b30 JavaThread "jar transforms Thread 13" [_thread_blocked, id=22852, stack(0x000000a12f400000,0x000000a12f500000)]
  0x00000200d1acd620 JavaThread "jar transforms Thread 14" [_thread_blocked, id=22072, stack(0x000000a12f500000,0x000000a12f600000)]
  0x00000200d1acf300 JavaThread "jar transforms Thread 15" [_thread_blocked, id=8824, stack(0x000000a12f600000,0x000000a12f700000)]
  0x00000200d1acdfc0 JavaThread "jar transforms Thread 16" [_thread_blocked, id=21360, stack(0x000000a12f700000,0x000000a12f800000)]
  0x00000200d27d9fe0 JavaThread "C2 CompilerThread3" daemon [_thread_blocked, id=9560, stack(0x000000a12f800000,0x000000a12f900000)]
  0x00000200d1acf7d0 JavaThread "Cache worker for checksums cache (D:\mobile\Mobile_Front\Sport\.gradle\8.0\checksums)" [_thread_blocked, id=21572, stack(0x000000a12f900000,0x000000a12fa00000)]
  0x00000200d1acfca0 JavaThread "Cache worker for cache directory md-rule (C:\Users\58398\.gradle\caches\8.0\md-rule)" [_thread_blocked, id=23336, stack(0x000000a12fa00000,0x000000a12fb00000)]
  0x00000200d42d2920 JavaThread "Cache worker for file content cache (C:\Users\58398\.gradle\caches\8.0\fileContent)" [_thread_blocked, id=23424, stack(0x000000a12fb00000,0x000000a12fc00000)]
  0x00000200d42d3790 JavaThread "Cache worker for file hash cache (D:\mobile\Mobile_Front\Sport\.gradle\8.0\fileHashes)" [_thread_blocked, id=14264, stack(0x000000a12fc00000,0x000000a12fd00000)]
  0x00000200d42d5e10 JavaThread "Cache worker for cache directory md-supplier (C:\Users\58398\.gradle\caches\8.0\md-supplier)" [_thread_blocked, id=732, stack(0x000000a12fd00000,0x000000a12fe00000)]
  0x00000200d42d62e0 JavaThread "Cache worker for execution history cache (C:\Users\58398\.gradle\caches\8.0\executionHistory)" [_thread_blocked, id=23232, stack(0x000000a12fe00000,0x000000a12ff00000)]
  0x00000200d27dc860 JavaThread "C2 CompilerThread4" daemon [_thread_blocked, id=12808, stack(0x000000a12ff00000,0x000000a130000000)]
  0x00000200d42d6c80 JavaThread "Cache worker for dependencies-accessors (D:\mobile\Mobile_Front\Sport\.gradle\8.0\dependencies-accessors)" [_thread_blocked, id=23456, stack(0x000000a130000000,0x000000a130100000)]

Other Threads:
=>0x00000200ce52d500 VMThread "VM Thread" [stack: 0x000000a12b900000,0x000000a12ba00000] [id=2864]
  0x00000200cf24f770 WatcherThread [stack: 0x000000a12c700000,0x000000a12c800000] [id=20920]
  0x00000200b3c6ca50 GCTaskThread "GC Thread#0" [stack: 0x000000a12b400000,0x000000a12b500000] [id=14552]
  0x00000200cf50a2e0 GCTaskThread "GC Thread#1" [stack: 0x000000a12ca00000,0x000000a12cb00000] [id=22640]
  0x00000200cf50a590 GCTaskThread "GC Thread#2" [stack: 0x000000a12cb00000,0x000000a12cc00000] [id=10784]
  0x00000200cffbc290 GCTaskThread "GC Thread#3" [stack: 0x000000a12cc00000,0x000000a12cd00000] [id=22200]
  0x00000200d0227600 GCTaskThread "GC Thread#4" [stack: 0x000000a12cd00000,0x000000a12ce00000] [id=19308]
  0x00000200d21a7db0 GCTaskThread "GC Thread#5" [stack: 0x000000a12d800000,0x000000a12d900000] [id=22148]
  0x00000200d0616750 GCTaskThread "GC Thread#6" [stack: 0x000000a12d900000,0x000000a12da00000] [id=23132]
  0x00000200d1854da0 GCTaskThread "GC Thread#7" [stack: 0x000000a12da00000,0x000000a12db00000] [id=3144]
  0x00000200d0708d80 GCTaskThread "GC Thread#8" [stack: 0x000000a12db00000,0x000000a12dc00000] [id=19840]
  0x00000200d20e6c40 GCTaskThread "GC Thread#9" [stack: 0x000000a12dc00000,0x000000a12dd00000] [id=11224]
  0x00000200d20e8720 GCTaskThread "GC Thread#10" [stack: 0x000000a12dd00000,0x000000a12de00000] [id=23244]
  0x00000200d20e7c60 GCTaskThread "GC Thread#11" [stack: 0x000000a12de00000,0x000000a12df00000] [id=23308]
  0x00000200d20e81c0 GCTaskThread "GC Thread#12" [stack: 0x000000a12df00000,0x000000a12e000000] [id=21776]
  0x00000200b3c7d8a0 ConcurrentGCThread "G1 Main Marker" [stack: 0x000000a12b500000,0x000000a12b600000] [id=22972]
  0x00000200b3c7f970 ConcurrentGCThread "G1 Conc#0" [stack: 0x000000a12b600000,0x000000a12b700000] [id=22452]
  0x00000200d20e7700 ConcurrentGCThread "G1 Conc#1" [stack: 0x000000a12e000000,0x000000a12e100000] [id=22256]
  0x00000200d20e7f10 ConcurrentGCThread "G1 Conc#2" [stack: 0x000000a12e100000,0x000000a12e200000] [id=20136]
  0x00000200b3cdd360 ConcurrentGCThread "G1 Refine#0" [stack: 0x000000a12b700000,0x000000a12b800000] [id=18480]
  0x00000200b3cddc90 ConcurrentGCThread "G1 Service" [stack: 0x000000a12b800000,0x000000a12b900000] [id=19584]

Threads with active compile tasks:
C2 CompilerThread0     5083 4975       4       java.util.ArrayList::isEmpty (13 bytes)
C1 CompilerThread2     5083 4974       3       com.google.common.collect.RegularImmutableMap::get (64 bytes)
C2 CompilerThread1     5083 4972       4       java.nio.ByteBuffer::position (8 bytes)
C2 CompilerThread2     5084 4930   !   4       java.net.URLClassLoader::findClass (47 bytes)
C2 CompilerThread3     5084 4932   !   4       java.net.URLClassLoader$1::run (81 bytes)
C2 CompilerThread4     5084 4931       4       java.net.URLClassLoader$1::run (5 bytes)

VM state: at safepoint (normal execution)

VM Mutex/Monitor currently owned by a thread:  ([mutex/lock_event])
[0x00000200b3c0f1a0] Threads_lock - owner thread: 0x00000200ce52d500
[0x00000200b3c0f350] Heap_lock - owner thread: 0x00000200cf071870

Heap address: 0x0000000080000000, size: 2048 MB, Compressed Oops mode: 32-bit

CDS archive(s) not mapped
Compressed class space mapped at: 0x0000000100000000-0x0000000140000000, reserved size: 1073741824
Narrow klass base: 0x0000000000000000, Narrow klass shift: 3, Narrow klass range: 0x140000000

GC Precious Log:
 CPUs: 16 total, 16 available
 Memory: 14198M
 Large Page Support: Disabled
 NUMA Support: Disabled
 Compressed Oops: Enabled (32-bit)
 Heap Region Size: 1M
 Heap Min Capacity: 8M
 Heap Initial Capacity: 222M
 Heap Max Capacity: 2G
 Pre-touch: Disabled
 Parallel Workers: 13
 Concurrent Workers: 3
 Concurrent Refinement Workers: 13
 Periodic GC: Disabled

Heap:
 garbage-first heap   total 183296K, used 73041K [0x0000000080000000, 0x0000000100000000)
  region size 1024K, 3 young (3072K), 3 survivors (3072K)
 Metaspace       used 50525K, committed 51008K, reserved 1097728K
  class space    used 6639K, committed 6848K, reserved 1048576K

Heap Regions: E=young(eden), S=young(survivor), O=old, HS=humongous(starts), HC=humongous(continues), CS=collection set, F=free, OA=open archive, CA=closed archive, TAMS=top-at-mark-start (previous, next)
|   0|0x0000000080000000, 0x0000000080100000, 0x0000000080100000|100%|HS|  |TAMS 0x0000000080100000, 0x0000000080100000| Complete 
|   1|0x0000000080100000, 0x0000000080200000, 0x0000000080200000|100%|HC|  |TAMS 0x0000000080200000, 0x0000000080200000| Complete 
|   2|0x0000000080200000, 0x0000000080300000, 0x0000000080300000|100%|HC|  |TAMS 0x0000000080300000, 0x0000000080300000| Complete 
|   3|0x0000000080300000, 0x0000000080400000, 0x0000000080400000|100%|HC|  |TAMS 0x0000000080400000, 0x0000000080400000| Complete 
|   4|0x0000000080400000, 0x0000000080500000, 0x0000000080500000|100%| O|  |TAMS 0x0000000080500000, 0x0000000080500000| Untracked 
|   5|0x0000000080500000, 0x0000000080600000, 0x0000000080600000|100%| O|  |TAMS 0x0000000080600000, 0x0000000080600000| Untracked 
|   6|0x0000000080600000, 0x0000000080700000, 0x0000000080700000|100%| O|  |TAMS 0x0000000080700000, 0x0000000080700000| Untracked 
|   7|0x0000000080700000, 0x0000000080800000, 0x0000000080800000|100%| O|  |TAMS 0x0000000080800000, 0x0000000080800000| Untracked 
|   8|0x0000000080800000, 0x0000000080900000, 0x0000000080900000|100%| O|  |TAMS 0x0000000080900000, 0x0000000080900000| Untracked 
|   9|0x0000000080900000, 0x0000000080a00000, 0x0000000080a00000|100%| O|  |TAMS 0x0000000080a00000, 0x0000000080a00000| Untracked 
|  10|0x0000000080a00000, 0x0000000080b00000, 0x0000000080b00000|100%| O|  |TAMS 0x0000000080b00000, 0x0000000080b00000| Untracked 
|  11|0x0000000080b00000, 0x0000000080c00000, 0x0000000080c00000|100%| O|  |TAMS 0x0000000080b00000, 0x0000000080c00000| Untracked 
|  12|0x0000000080c00000, 0x0000000080d00000, 0x0000000080d00000|100%| O|  |TAMS 0x0000000080d00000, 0x0000000080d00000| Untracked 
|  13|0x0000000080d00000, 0x0000000080e00000, 0x0000000080e00000|100%| O|  |TAMS 0x0000000080e00000, 0x0000000080e00000| Untracked 
|  14|0x0000000080e00000, 0x0000000080f00000, 0x0000000080f00000|100%| O|  |TAMS 0x0000000080f00000, 0x0000000080f00000| Untracked 
|  15|0x0000000080f00000, 0x0000000081000000, 0x0000000081000000|100%| O|  |TAMS 0x0000000081000000, 0x0000000081000000| Untracked 
|  16|0x0000000081000000, 0x0000000081100000, 0x0000000081100000|100%| O|  |TAMS 0x0000000081100000, 0x0000000081100000| Untracked 
|  17|0x0000000081100000, 0x0000000081200000, 0x0000000081200000|100%| O|  |TAMS 0x0000000081200000, 0x0000000081200000| Untracked 
|  18|0x0000000081200000, 0x0000000081300000, 0x0000000081300000|100%| O|  |TAMS 0x0000000081300000, 0x0000000081300000| Untracked 
|  19|0x0000000081300000, 0x0000000081400000, 0x0000000081400000|100%|HS|  |TAMS 0x0000000081400000, 0x0000000081400000| Complete 
|  20|0x0000000081400000, 0x0000000081500000, 0x0000000081500000|100%|HC|  |TAMS 0x0000000081500000, 0x0000000081500000| Complete 
|  21|0x0000000081500000, 0x0000000081600000, 0x0000000081600000|100%|HS|  |TAMS 0x0000000081600000, 0x0000000081600000| Complete 
|  22|0x0000000081600000, 0x0000000081700000, 0x0000000081700000|100%|HC|  |TAMS 0x0000000081700000, 0x0000000081700000| Complete 
|  23|0x0000000081700000, 0x0000000081800000, 0x0000000081800000|100%|HC|  |TAMS 0x0000000081800000, 0x0000000081800000| Complete 
|  24|0x0000000081800000, 0x0000000081900000, 0x0000000081900000|100%| O|  |TAMS 0x0000000081900000, 0x0000000081900000| Untracked 
|  25|0x0000000081900000, 0x0000000081a00000, 0x0000000081a00000|100%| O|  |TAMS 0x0000000081a00000, 0x0000000081a00000| Untracked 
|  26|0x0000000081a00000, 0x0000000081b00000, 0x0000000081b00000|100%| O|  |TAMS 0x0000000081b00000, 0x0000000081b00000| Untracked 
|  27|0x0000000081b00000, 0x0000000081c00000, 0x0000000081c00000|100%| O|  |TAMS 0x0000000081c00000, 0x0000000081c00000| Untracked 
|  28|0x0000000081c00000, 0x0000000081d00000, 0x0000000081d00000|100%|HS|  |TAMS 0x0000000081d00000, 0x0000000081d00000| Complete 
|  29|0x0000000081d00000, 0x0000000081e00000, 0x0000000081e00000|100%|HC|  |TAMS 0x0000000081e00000, 0x0000000081e00000| Complete 
|  30|0x0000000081e00000, 0x0000000081f00000, 0x0000000081f00000|100%|HC|  |TAMS 0x0000000081f00000, 0x0000000081f00000| Complete 
|  31|0x0000000081f00000, 0x0000000082000000, 0x0000000082000000|100%| O|  |TAMS 0x0000000082000000, 0x0000000082000000| Untracked 
|  32|0x0000000082000000, 0x0000000082100000, 0x0000000082100000|100%| O|  |TAMS 0x0000000082100000, 0x0000000082100000| Untracked 
|  33|0x0000000082100000, 0x0000000082200000, 0x0000000082200000|100%| O|  |TAMS 0x0000000082200000, 0x0000000082200000| Untracked 
|  34|0x0000000082200000, 0x0000000082300000, 0x0000000082300000|100%|HS|  |TAMS 0x0000000082300000, 0x0000000082300000| Complete 
|  35|0x0000000082300000, 0x0000000082400000, 0x0000000082400000|100%|HC|  |TAMS 0x0000000082400000, 0x0000000082400000| Complete 
|  36|0x0000000082400000, 0x0000000082500000, 0x0000000082500000|100%| O|  |TAMS 0x0000000082500000, 0x0000000082500000| Untracked 
|  37|0x0000000082500000, 0x0000000082600000, 0x0000000082600000|100%| O|  |TAMS 0x0000000082600000, 0x0000000082600000| Untracked 
|  38|0x0000000082600000, 0x0000000082700000, 0x0000000082700000|100%| O|  |TAMS 0x0000000082700000, 0x0000000082700000| Untracked 
|  39|0x0000000082700000, 0x0000000082800000, 0x0000000082800000|100%| O|  |TAMS 0x0000000082800000, 0x0000000082800000| Untracked 
|  40|0x0000000082800000, 0x0000000082900000, 0x0000000082900000|100%| O|  |TAMS 0x0000000082900000, 0x0000000082900000| Untracked 
|  41|0x0000000082900000, 0x0000000082a00000, 0x0000000082a00000|100%| O|  |TAMS 0x0000000082a00000, 0x0000000082a00000| Untracked 
|  42|0x0000000082a00000, 0x0000000082a00000, 0x0000000082b00000|  0%| F|  |TAMS 0x0000000082a00000, 0x0000000082a00000| Untracked 
|  43|0x0000000082b00000, 0x0000000082c00000, 0x0000000082c00000|100%| O|  |TAMS 0x0000000082c00000, 0x0000000082c00000| Untracked 
|  44|0x0000000082c00000, 0x0000000082d00000, 0x0000000082d00000|100%| O|  |TAMS 0x0000000082d00000, 0x0000000082d00000| Untracked 
|  45|0x0000000082d00000, 0x0000000082e00000, 0x0000000082e00000|100%| O|  |TAMS 0x0000000082e00000, 0x0000000082e00000| Untracked 
|  46|0x0000000082e00000, 0x0000000082f00000, 0x0000000082f00000|100%| O|  |TAMS 0x0000000082f00000, 0x0000000082f00000| Untracked 
|  47|0x0000000082f00000, 0x0000000083000000, 0x0000000083000000|100%|HS|  |TAMS 0x0000000083000000, 0x0000000083000000| Complete 
|  48|0x0000000083000000, 0x0000000083100000, 0x0000000083100000|100%|HC|  |TAMS 0x0000000083100000, 0x0000000083100000| Complete 
|  49|0x0000000083100000, 0x0000000083200000, 0x0000000083200000|100%|HC|  |TAMS 0x0000000083200000, 0x0000000083200000| Complete 
|  50|0x0000000083200000, 0x0000000083300000, 0x0000000083300000|100%|HC|  |TAMS 0x0000000083300000, 0x0000000083300000| Complete 
|  51|0x0000000083300000, 0x0000000083400000, 0x0000000083400000|100%|HC|  |TAMS 0x0000000083400000, 0x0000000083400000| Complete 
|  52|0x0000000083400000, 0x0000000083500000, 0x0000000083500000|100%|HC|  |TAMS 0x0000000083500000, 0x0000000083500000| Complete 
|  53|0x0000000083500000, 0x0000000083600000, 0x0000000083600000|100%|HC|  |TAMS 0x0000000083600000, 0x0000000083600000| Complete 
|  54|0x0000000083600000, 0x0000000083700000, 0x0000000083700000|100%|HC|  |TAMS 0x0000000083700000, 0x0000000083700000| Complete 
|  55|0x0000000083700000, 0x0000000083800000, 0x0000000083800000|100%|HC|  |TAMS 0x0000000083800000, 0x0000000083800000| Complete 
|  56|0x0000000083800000, 0x0000000083900000, 0x0000000083900000|100%|HC|  |TAMS 0x0000000083900000, 0x0000000083900000| Complete 
|  57|0x0000000083900000, 0x0000000083a00000, 0x0000000083a00000|100%|HC|  |TAMS 0x0000000083a00000, 0x0000000083a00000| Complete 
|  58|0x0000000083a00000, 0x0000000083b00000, 0x0000000083b00000|100%|HC|  |TAMS 0x0000000083b00000, 0x0000000083b00000| Complete 
|  59|0x0000000083b00000, 0x0000000083c00000, 0x0000000083c00000|100%| O|  |TAMS 0x0000000083c00000, 0x0000000083c00000| Untracked 
|  60|0x0000000083c00000, 0x0000000083d00000, 0x0000000083d00000|100%| O|  |TAMS 0x0000000083c5ce08, 0x0000000083d00000| Untracked 
|  61|0x0000000083d00000, 0x0000000083e00000, 0x0000000083e00000|100%|HS|  |TAMS 0x0000000083d00000, 0x0000000083e00000| Complete 
|  62|0x0000000083e00000, 0x0000000083f00000, 0x0000000083f00000|100%|HC|  |TAMS 0x0000000083e00000, 0x0000000083f00000| Complete 
|  63|0x0000000083f00000, 0x0000000084000000, 0x0000000084000000|100%|HC|  |TAMS 0x0000000083f00000, 0x0000000084000000| Complete 
|  64|0x0000000084000000, 0x0000000084100000, 0x0000000084100000|100%|HS|  |TAMS 0x0000000084000000, 0x0000000084100000| Complete 
|  65|0x0000000084100000, 0x0000000084200000, 0x0000000084200000|100%|HC|  |TAMS 0x0000000084100000, 0x0000000084200000| Complete 
|  66|0x0000000084200000, 0x0000000084300000, 0x0000000084300000|100%|HC|  |TAMS 0x0000000084200000, 0x0000000084300000| Complete 
|  67|0x0000000084300000, 0x0000000084400000, 0x0000000084400000|100%| O|  |TAMS 0x0000000084300000, 0x0000000084400000| Untracked 
|  68|0x0000000084400000, 0x0000000084500000, 0x0000000084500000|100%| O|  |TAMS 0x0000000084400000, 0x0000000084500000| Untracked 
|  69|0x0000000084500000, 0x00000000845cac00, 0x0000000084600000| 79%| O|  |TAMS 0x0000000084500000, 0x00000000845cac00| Untracked 
|  70|0x0000000084600000, 0x0000000084600000, 0x0000000084700000|  0%| F|  |TAMS 0x0000000084600000, 0x0000000084600000| Untracked 
|  71|0x0000000084700000, 0x0000000084700000, 0x0000000084800000|  0%| F|  |TAMS 0x0000000084700000, 0x0000000084700000| Untracked 
|  72|0x0000000084800000, 0x0000000084800000, 0x0000000084900000|  0%| F|  |TAMS 0x0000000084800000, 0x0000000084800000| Untracked 
|  73|0x0000000084900000, 0x0000000084900000, 0x0000000084a00000|  0%| F|  |TAMS 0x0000000084900000, 0x0000000084900000| Untracked 
|  74|0x0000000084a00000, 0x0000000084a00000, 0x0000000084b00000|  0%| F|  |TAMS 0x0000000084a00000, 0x0000000084a00000| Untracked 
|  75|0x0000000084b00000, 0x0000000084b00000, 0x0000000084c00000|  0%| F|  |TAMS 0x0000000084b00000, 0x0000000084b00000| Untracked 
|  76|0x0000000084c00000, 0x0000000084c00000, 0x0000000084d00000|  0%| F|  |TAMS 0x0000000084c00000, 0x0000000084c00000| Untracked 
|  77|0x0000000084d00000, 0x0000000084d00000, 0x0000000084e00000|  0%| F|  |TAMS 0x0000000084d00000, 0x0000000084d00000| Untracked 
|  78|0x0000000084e00000, 0x0000000084e00000, 0x0000000084f00000|  0%| F|  |TAMS 0x0000000084e00000, 0x0000000084e00000| Untracked 
|  79|0x0000000084f00000, 0x0000000084f00000, 0x0000000085000000|  0%| F|  |TAMS 0x0000000084f00000, 0x0000000084f00000| Untracked 
|  80|0x0000000085000000, 0x0000000085000000, 0x0000000085100000|  0%| F|  |TAMS 0x0000000085000000, 0x0000000085000000| Untracked 
|  81|0x0000000085100000, 0x0000000085100000, 0x0000000085200000|  0%| F|  |TAMS 0x0000000085100000, 0x0000000085100000| Untracked 
|  82|0x0000000085200000, 0x0000000085200000, 0x0000000085300000|  0%| F|  |TAMS 0x0000000085200000, 0x0000000085200000| Untracked 
|  83|0x0000000085300000, 0x0000000085300000, 0x0000000085400000|  0%| F|  |TAMS 0x0000000085300000, 0x0000000085300000| Untracked 
|  84|0x0000000085400000, 0x0000000085400000, 0x0000000085500000|  0%| F|  |TAMS 0x0000000085400000, 0x0000000085400000| Untracked 
|  85|0x0000000085500000, 0x0000000085500000, 0x0000000085600000|  0%| F|  |TAMS 0x0000000085500000, 0x0000000085500000| Untracked 
|  86|0x0000000085600000, 0x0000000085600000, 0x0000000085700000|  0%| F|  |TAMS 0x0000000085600000, 0x0000000085600000| Untracked 
|  87|0x0000000085700000, 0x0000000085700000, 0x0000000085800000|  0%| F|  |TAMS 0x0000000085700000, 0x0000000085700000| Untracked 
|  88|0x0000000085800000, 0x0000000085800000, 0x0000000085900000|  0%| F|  |TAMS 0x0000000085800000, 0x0000000085800000| Untracked 
|  89|0x0000000085900000, 0x0000000085900000, 0x0000000085a00000|  0%| F|  |TAMS 0x0000000085900000, 0x0000000085900000| Untracked 
|  90|0x0000000085a00000, 0x0000000085a899a8, 0x0000000085b00000| 53%| S|CS|TAMS 0x0000000085a00000, 0x0000000085a00000| Complete 
|  91|0x0000000085b00000, 0x0000000085c00000, 0x0000000085c00000|100%| S|CS|TAMS 0x0000000085b00000, 0x0000000085b00000| Complete 
|  92|0x0000000085c00000, 0x0000000085d00000, 0x0000000085d00000|100%| S|CS|TAMS 0x0000000085c00000, 0x0000000085c00000| Complete 
|  93|0x0000000085d00000, 0x0000000085d00000, 0x0000000085e00000|  0%| F|  |TAMS 0x0000000085d00000, 0x0000000085d00000| Untracked 
|  94|0x0000000085e00000, 0x0000000085e00000, 0x0000000085f00000|  0%| F|  |TAMS 0x0000000085e00000, 0x0000000085e00000| Untracked 
|  95|0x0000000085f00000, 0x0000000085f00000, 0x0000000086000000|  0%| F|  |TAMS 0x0000000085f00000, 0x0000000085f00000| Untracked 
|  96|0x0000000086000000, 0x0000000086000000, 0x0000000086100000|  0%| F|  |TAMS 0x0000000086000000, 0x0000000086000000| Untracked 
|  97|0x0000000086100000, 0x0000000086100000, 0x0000000086200000|  0%| F|  |TAMS 0x0000000086100000, 0x0000000086100000| Untracked 
|  98|0x0000000086200000, 0x0000000086200000, 0x0000000086300000|  0%| F|  |TAMS 0x0000000086200000, 0x0000000086200000| Untracked 
|  99|0x0000000086300000, 0x0000000086300000, 0x0000000086400000|  0%| F|  |TAMS 0x0000000086300000, 0x0000000086300000| Untracked 
| 100|0x0000000086400000, 0x0000000086400000, 0x0000000086500000|  0%| F|  |TAMS 0x0000000086400000, 0x0000000086400000| Untracked 
| 101|0x0000000086500000, 0x0000000086500000, 0x0000000086600000|  0%| F|  |TAMS 0x0000000086500000, 0x0000000086500000| Untracked 
| 102|0x0000000086600000, 0x0000000086600000, 0x0000000086700000|  0%| F|  |TAMS 0x0000000086600000, 0x0000000086600000| Untracked 
| 103|0x0000000086700000, 0x0000000086700000, 0x0000000086800000|  0%| F|  |TAMS 0x0000000086700000, 0x0000000086700000| Untracked 
| 104|0x0000000086800000, 0x0000000086800000, 0x0000000086900000|  0%| F|  |TAMS 0x0000000086800000, 0x0000000086800000| Untracked 
| 105|0x0000000086900000, 0x0000000086900000, 0x0000000086a00000|  0%| F|  |TAMS 0x0000000086900000, 0x0000000086900000| Untracked 
| 106|0x0000000086a00000, 0x0000000086a00000, 0x0000000086b00000|  0%| F|  |TAMS 0x0000000086a00000, 0x0000000086a00000| Untracked 
| 107|0x0000000086b00000, 0x0000000086b00000, 0x0000000086c00000|  0%| F|  |TAMS 0x0000000086b00000, 0x0000000086b00000| Untracked 
| 108|0x0000000086c00000, 0x0000000086c00000, 0x0000000086d00000|  0%| F|  |TAMS 0x0000000086c00000, 0x0000000086c00000| Untracked 
| 109|0x0000000086d00000, 0x0000000086d00000, 0x0000000086e00000|  0%| F|  |TAMS 0x0000000086d00000, 0x0000000086d00000| Untracked 
| 110|0x0000000086e00000, 0x0000000086e00000, 0x0000000086f00000|  0%| F|  |TAMS 0x0000000086e00000, 0x0000000086e00000| Untracked 
| 111|0x0000000086f00000, 0x0000000086f00000, 0x0000000087000000|  0%| F|  |TAMS 0x0000000086f00000, 0x0000000086f00000| Untracked 
| 112|0x0000000087000000, 0x0000000087000000, 0x0000000087100000|  0%| F|  |TAMS 0x0000000087000000, 0x0000000087000000| Untracked 
| 113|0x0000000087100000, 0x0000000087100000, 0x0000000087200000|  0%| F|  |TAMS 0x0000000087100000, 0x0000000087100000| Untracked 
| 114|0x0000000087200000, 0x0000000087200000, 0x0000000087300000|  0%| F|  |TAMS 0x0000000087200000, 0x0000000087200000| Untracked 
| 115|0x0000000087300000, 0x0000000087300000, 0x0000000087400000|  0%| F|  |TAMS 0x0000000087300000, 0x0000000087300000| Untracked 
| 116|0x0000000087400000, 0x0000000087400000, 0x0000000087500000|  0%| F|  |TAMS 0x0000000087400000, 0x0000000087400000| Untracked 
| 117|0x0000000087500000, 0x0000000087500000, 0x0000000087600000|  0%| F|  |TAMS 0x0000000087500000, 0x0000000087500000| Untracked 
| 118|0x0000000087600000, 0x0000000087600000, 0x0000000087700000|  0%| F|  |TAMS 0x0000000087600000, 0x0000000087600000| Untracked 
| 119|0x0000000087700000, 0x0000000087700000, 0x0000000087800000|  0%| F|  |TAMS 0x0000000087700000, 0x0000000087700000| Untracked 
| 120|0x0000000087800000, 0x0000000087800000, 0x0000000087900000|  0%| F|  |TAMS 0x0000000087800000, 0x0000000087800000| Untracked 
| 121|0x0000000087900000, 0x0000000087900000, 0x0000000087a00000|  0%| F|  |TAMS 0x0000000087900000, 0x0000000087900000| Untracked 
| 122|0x0000000087a00000, 0x0000000087a00000, 0x0000000087b00000|  0%| F|  |TAMS 0x0000000087a00000, 0x0000000087a00000| Untracked 
| 123|0x0000000087b00000, 0x0000000087b00000, 0x0000000087c00000|  0%| F|  |TAMS 0x0000000087b00000, 0x0000000087b00000| Untracked 
| 124|0x0000000087c00000, 0x0000000087c00000, 0x0000000087d00000|  0%| F|  |TAMS 0x0000000087c00000, 0x0000000087c00000| Untracked 
| 125|0x0000000087d00000, 0x0000000087d00000, 0x0000000087e00000|  0%| F|  |TAMS 0x0000000087d00000, 0x0000000087d00000| Untracked 
| 126|0x0000000087e00000, 0x0000000087e00000, 0x0000000087f00000|  0%| F|  |TAMS 0x0000000087e00000, 0x0000000087e00000| Untracked 
| 127|0x0000000087f00000, 0x0000000087f00000, 0x0000000088000000|  0%| F|  |TAMS 0x0000000087f00000, 0x0000000087f00000| Untracked 
| 128|0x0000000088000000, 0x0000000088000000, 0x0000000088100000|  0%| F|  |TAMS 0x0000000088000000, 0x0000000088000000| Untracked 
| 129|0x0000000088100000, 0x0000000088100000, 0x0000000088200000|  0%| F|  |TAMS 0x0000000088100000, 0x0000000088100000| Untracked 
| 130|0x0000000088200000, 0x0000000088200000, 0x0000000088300000|  0%| F|  |TAMS 0x0000000088200000, 0x0000000088200000| Untracked 
| 131|0x0000000088300000, 0x0000000088300000, 0x0000000088400000|  0%| F|  |TAMS 0x0000000088300000, 0x0000000088300000| Untracked 
| 132|0x0000000088400000, 0x0000000088400000, 0x0000000088500000|  0%| F|  |TAMS 0x0000000088400000, 0x0000000088400000| Untracked 
| 133|0x0000000088500000, 0x0000000088500000, 0x0000000088600000|  0%| F|  |TAMS 0x0000000088500000, 0x0000000088500000| Untracked 
| 134|0x0000000088600000, 0x0000000088600000, 0x0000000088700000|  0%| F|  |TAMS 0x0000000088600000, 0x0000000088600000| Untracked 
| 135|0x0000000088700000, 0x0000000088700000, 0x0000000088800000|  0%| F|  |TAMS 0x0000000088700000, 0x0000000088700000| Untracked 
| 136|0x0000000088800000, 0x0000000088800000, 0x0000000088900000|  0%| F|  |TAMS 0x0000000088800000, 0x0000000088800000| Untracked 
| 137|0x0000000088900000, 0x0000000088900000, 0x0000000088a00000|  0%| F|  |TAMS 0x0000000088900000, 0x0000000088900000| Untracked 
| 138|0x0000000088a00000, 0x0000000088a00000, 0x0000000088b00000|  0%| F|  |TAMS 0x0000000088a00000, 0x0000000088a00000| Untracked 
| 139|0x0000000088b00000, 0x0000000088b00000, 0x0000000088c00000|  0%| F|  |TAMS 0x0000000088b00000, 0x0000000088b00000| Untracked 
| 140|0x0000000088c00000, 0x0000000088c00000, 0x0000000088d00000|  0%| F|  |TAMS 0x0000000088c00000, 0x0000000088c00000| Untracked 
| 141|0x0000000088d00000, 0x0000000088d00000, 0x0000000088e00000|  0%| F|  |TAMS 0x0000000088d00000, 0x0000000088d00000| Untracked 
| 142|0x0000000088e00000, 0x0000000088e00000, 0x0000000088f00000|  0%| F|  |TAMS 0x0000000088e00000, 0x0000000088e00000| Untracked 
| 143|0x0000000088f00000, 0x0000000088f00000, 0x0000000089000000|  0%| F|  |TAMS 0x0000000088f00000, 0x0000000088f00000| Untracked 
| 144|0x0000000089000000, 0x0000000089000000, 0x0000000089100000|  0%| F|  |TAMS 0x0000000089000000, 0x0000000089000000| Untracked 
| 145|0x0000000089100000, 0x0000000089100000, 0x0000000089200000|  0%| F|  |TAMS 0x0000000089100000, 0x0000000089100000| Untracked 
| 146|0x0000000089200000, 0x0000000089200000, 0x0000000089300000|  0%| F|  |TAMS 0x0000000089200000, 0x0000000089200000| Untracked 
| 147|0x0000000089300000, 0x0000000089300000, 0x0000000089400000|  0%| F|  |TAMS 0x0000000089300000, 0x0000000089300000| Untracked 
| 148|0x0000000089400000, 0x0000000089400000, 0x0000000089500000|  0%| F|  |TAMS 0x0000000089400000, 0x0000000089400000| Untracked 
| 149|0x0000000089500000, 0x0000000089500000, 0x0000000089600000|  0%| F|  |TAMS 0x0000000089500000, 0x0000000089500000| Untracked 
| 150|0x0000000089600000, 0x0000000089600000, 0x0000000089700000|  0%| F|  |TAMS 0x0000000089600000, 0x0000000089600000| Untracked 
| 151|0x0000000089700000, 0x0000000089700000, 0x0000000089800000|  0%| F|  |TAMS 0x0000000089700000, 0x0000000089700000| Untracked 
| 152|0x0000000089800000, 0x0000000089800000, 0x0000000089900000|  0%| F|  |TAMS 0x0000000089800000, 0x0000000089800000| Untracked 
| 153|0x0000000089900000, 0x0000000089900000, 0x0000000089a00000|  0%| F|  |TAMS 0x0000000089900000, 0x0000000089900000| Untracked 
| 154|0x0000000089a00000, 0x0000000089a00000, 0x0000000089b00000|  0%| F|  |TAMS 0x0000000089a00000, 0x0000000089a00000| Untracked 
| 155|0x0000000089b00000, 0x0000000089b00000, 0x0000000089c00000|  0%| F|  |TAMS 0x0000000089b00000, 0x0000000089b00000| Untracked 
| 156|0x0000000089c00000, 0x0000000089c00000, 0x0000000089d00000|  0%| F|  |TAMS 0x0000000089c00000, 0x0000000089c00000| Untracked 
| 157|0x0000000089d00000, 0x0000000089d00000, 0x0000000089e00000|  0%| F|  |TAMS 0x0000000089d00000, 0x0000000089d00000| Untracked 
| 158|0x0000000089e00000, 0x0000000089e00000, 0x0000000089f00000|  0%| F|  |TAMS 0x0000000089e00000, 0x0000000089e00000| Untracked 
| 159|0x0000000089f00000, 0x0000000089f00000, 0x000000008a000000|  0%| F|  |TAMS 0x0000000089f00000, 0x0000000089f00000| Untracked 
| 160|0x000000008a000000, 0x000000008a000000, 0x000000008a100000|  0%| F|  |TAMS 0x000000008a000000, 0x000000008a000000| Untracked 
| 161|0x000000008a100000, 0x000000008a100000, 0x000000008a200000|  0%| F|  |TAMS 0x000000008a100000, 0x000000008a100000| Untracked 
| 162|0x000000008a200000, 0x000000008a200000, 0x000000008a300000|  0%| F|  |TAMS 0x000000008a200000, 0x000000008a200000| Untracked 
| 163|0x000000008a300000, 0x000000008a300000, 0x000000008a400000|  0%| F|  |TAMS 0x000000008a300000, 0x000000008a300000| Untracked 
| 164|0x000000008a400000, 0x000000008a400000, 0x000000008a500000|  0%| F|  |TAMS 0x000000008a400000, 0x000000008a400000| Untracked 
| 165|0x000000008a500000, 0x000000008a500000, 0x000000008a600000|  0%| F|  |TAMS 0x000000008a500000, 0x000000008a500000| Untracked 
| 166|0x000000008a600000, 0x000000008a600000, 0x000000008a700000|  0%| F|  |TAMS 0x000000008a600000, 0x000000008a600000| Untracked 
| 167|0x000000008a700000, 0x000000008a700000, 0x000000008a800000|  0%| F|  |TAMS 0x000000008a700000, 0x000000008a700000| Untracked 
| 168|0x000000008a800000, 0x000000008a800000, 0x000000008a900000|  0%| F|  |TAMS 0x000000008a800000, 0x000000008a800000| Untracked 
| 169|0x000000008a900000, 0x000000008a900000, 0x000000008aa00000|  0%| F|  |TAMS 0x000000008a900000, 0x000000008a900000| Untracked 
| 170|0x000000008aa00000, 0x000000008aa00000, 0x000000008ab00000|  0%| F|  |TAMS 0x000000008aa00000, 0x000000008aa00000| Untracked 
| 171|0x000000008ab00000, 0x000000008ab00000, 0x000000008ac00000|  0%| F|  |TAMS 0x000000008ab00000, 0x000000008ab00000| Untracked 
| 172|0x000000008ac00000, 0x000000008ac00000, 0x000000008ad00000|  0%| F|  |TAMS 0x000000008ac00000, 0x000000008ac00000| Untracked 
| 173|0x000000008ad00000, 0x000000008ad00000, 0x000000008ae00000|  0%| F|  |TAMS 0x000000008ad00000, 0x000000008ad00000| Untracked 
| 174|0x000000008ae00000, 0x000000008ae00000, 0x000000008af00000|  0%| F|  |TAMS 0x000000008ae00000, 0x000000008ae00000| Untracked 
| 175|0x000000008af00000, 0x000000008af00000, 0x000000008b000000|  0%| F|  |TAMS 0x000000008af00000, 0x000000008af00000| Untracked 
| 176|0x000000008b000000, 0x000000008b000000, 0x000000008b100000|  0%| F|  |TAMS 0x000000008b000000, 0x000000008b000000| Untracked 
| 177|0x000000008b100000, 0x000000008b100000, 0x000000008b200000|  0%| F|  |TAMS 0x000000008b100000, 0x000000008b100000| Untracked 
| 221|0x000000008dd00000, 0x000000008dd00000, 0x000000008de00000|  0%| F|  |TAMS 0x000000008dd00000, 0x000000008dd00000| Untracked 

Card table byte_map: [0x00000200c6d70000,0x00000200c7170000] _byte_map_base: 0x00000200c6970000

Marking Bits (Prev, Next): (CMBitMap*) 0x00000200b3c6cf70, (CMBitMap*) 0x00000200b3c6cfb0
 Prev Bits: [0x00000200c7570000, 0x00000200c9570000)
 Next Bits: [0x00000200c9570000, 0x00000200cb570000)

Polling page: 0x00000200b1b90000

Metaspace:

Usage:
  Non-class:     42.86 MB used.
      Class:      6.48 MB used.
       Both:     49.34 MB used.

Virtual space:
  Non-class space:       48.00 MB reserved,      43.12 MB ( 90%) committed,  6 nodes.
      Class space:        1.00 GB reserved,       6.69 MB ( <1%) committed,  1 nodes.
             Both:        1.05 GB reserved,      49.81 MB (  5%) committed. 

Chunk freelists:
   Non-Class:  896.00 KB
       Class:  1.18 MB
        Both:  2.05 MB

MaxMetaspaceSize: unlimited
CompressedClassSpaceSize: 1.00 GB
Initial GC threshold: 21.00 MB
Current GC threshold: 77.00 MB
CDS: off
MetaspaceReclaimPolicy: balanced
 - commit_granule_bytes: 65536.
 - commit_granule_words: 8192.
 - virtual_space_node_default_size: 1048576.
 - enlarge_chunks_in_place: 1.
 - new_chunks_are_fully_committed: 0.
 - uncommit_free_chunks: 1.
 - use_allocation_guard: 0.
 - handle_deallocations: 1.


Internal statistics:

num_allocs_failed_limit: 3.
num_arena_births: 482.
num_arena_deaths: 0.
num_vsnodes_births: 7.
num_vsnodes_deaths: 0.
num_space_committed: 797.
num_space_uncommitted: 0.
num_chunks_returned_to_freelist: 3.
num_chunks_taken_from_freelist: 2106.
num_chunk_merges: 3.
num_chunk_splits: 1352.
num_chunks_enlarged: 897.
num_purges: 0.
num_inconsistent_stats: 0.

CodeHeap 'non-profiled nmethods': size=119168Kb used=2284Kb max_used=3222Kb free=116883Kb
 bounds [0x00000200bec80000, 0x00000200befb0000, 0x00000200c60e0000]
CodeHeap 'profiled nmethods': size=119104Kb used=8550Kb max_used=10493Kb free=110553Kb
 bounds [0x00000200b70e0000, 0x00000200b7b20000, 0x00000200be530000]
CodeHeap 'non-nmethods': size=7488Kb used=3996Kb max_used=4043Kb free=3492Kb
 bounds [0x00000200be530000, 0x00000200be930000, 0x00000200bec80000]
 total_blobs=5052 nmethods=4228 adapters=733
 compilation: enabled
              stopped_count=0, restarted_count=0
 full_count=0

Compilation events (20 events):
Event: 5.023 Thread 0x00000200cf207bb0 nmethod 4963 0x00000200b7221810 code [0x00000200b72219c0, 0x00000200b7221c48]
Event: 5.024 Thread 0x00000200cf207bb0 4965       1       org.codehaus.groovy.runtime.metaclass.NewStaticMetaMethod::isStatic (2 bytes)
Event: 5.024 Thread 0x00000200cf207bb0 nmethod 4965 0x00000200bed0dd10 code [0x00000200bed0dea0, 0x00000200bed0df78]
Event: 5.027 Thread 0x00000200cf0956f0 4966       4       jdk.internal.org.objectweb.asm.Label::resolve (219 bytes)
Event: 5.028 Thread 0x00000200cf1fd670 4967       3       java.lang.Thread::getContextClassLoader (32 bytes)
Event: 5.028 Thread 0x00000200cf207bb0 4968       3       java.util.concurrent.atomic.AtomicReferenceArray::<init> (13 bytes)
Event: 5.028 Thread 0x00000200cf207bb0 nmethod 4968 0x00000200b71fc610 code [0x00000200b71fc7c0, 0x00000200b71fca18]
Event: 5.029 Thread 0x00000200cf1fd670 nmethod 4967 0x00000200b70f9e90 code [0x00000200b70fa0c0, 0x00000200b70faa78]
Event: 5.029 Thread 0x00000200cf0956f0 nmethod 4966 0x00000200bec8fb10 code [0x00000200bec8fca0, 0x00000200bec8ff58]
Event: 5.041 Thread 0x00000200cf0956f0 4969   !   4       java.lang.invoke.MemberName::getMethodType (211 bytes)
Event: 5.046 Thread 0x00000200cf0956f0 nmethod 4969 0x00000200becf3790 code [0x00000200becf3960, 0x00000200becf3f88]
Event: 5.048 Thread 0x00000200cfedaa30 4970       3       java.util.TreeMap::rotateRight (96 bytes)
Event: 5.048 Thread 0x00000200cfedaa30 nmethod 4970 0x00000200b710dd10 code [0x00000200b710dee0, 0x00000200b710e418]
Event: 5.050 Thread 0x00000200cf1fd670 4971       3       com.google.common.collect.RegularImmutableList::size (6 bytes)
Event: 5.050 Thread 0x00000200cf386e30 4972       4       java.nio.ByteBuffer::position (8 bytes)
Event: 5.050 Thread 0x00000200cf096790 4973       3       com.google.common.collect.RegularImmutableMap::get (13 bytes)
Event: 5.050 Thread 0x00000200cf207bb0 4974       3       com.google.common.collect.RegularImmutableMap::get (64 bytes)
Event: 5.050 Thread 0x00000200cf1fd670 nmethod 4971 0x00000200b70e4f90 code [0x00000200b70e5120, 0x00000200b70e5238]
Event: 5.050 Thread 0x00000200cf0956f0 4975       4       java.util.ArrayList::isEmpty (13 bytes)
Event: 5.050 Thread 0x00000200cf096790 nmethod 4973 0x00000200b7159c90 code [0x00000200b7159e20, 0x00000200b7159f68]

GC Heap History (20 events):
Event: 3.027 GC heap after
{Heap after GC invocations=10 (full 0):
 garbage-first heap   total 86016K, used 50690K [0x0000000080000000, 0x0000000100000000)
  region size 1024K, 1 young (1024K), 1 survivors (1024K)
 Metaspace       used 33020K, committed 33408K, reserved 1081344K
  class space    used 4550K, committed 4736K, reserved 1048576K
}
Event: 3.237 GC heap before
{Heap before GC invocations=11 (full 0):
 garbage-first heap   total 89088K, used 67074K [0x0000000080000000, 0x0000000100000000)
  region size 1024K, 17 young (17408K), 1 survivors (1024K)
 Metaspace       used 35767K, committed 36160K, reserved 1081344K
  class space    used 4960K, committed 5120K, reserved 1048576K
}
Event: 3.238 GC heap after
{Heap after GC invocations=12 (full 0):
 garbage-first heap   total 89088K, used 51419K [0x0000000080000000, 0x0000000100000000)
  region size 1024K, 2 young (2048K), 2 survivors (2048K)
 Metaspace       used 35767K, committed 36160K, reserved 1081344K
  class space    used 4960K, committed 5120K, reserved 1048576K
}
Event: 3.597 GC heap before
{Heap before GC invocations=12 (full 0):
 garbage-first heap   total 89088K, used 69851K [0x0000000080000000, 0x0000000100000000)
  region size 1024K, 21 young (21504K), 2 survivors (2048K)
 Metaspace       used 41451K, committed 41792K, reserved 1089536K
  class space    used 5548K, committed 5696K, reserved 1048576K
}
Event: 3.599 GC heap after
{Heap after GC invocations=13 (full 0):
 garbage-first heap   total 89088K, used 54947K [0x0000000080000000, 0x0000000100000000)
  region size 1024K, 3 young (3072K), 3 survivors (3072K)
 Metaspace       used 41451K, committed 41792K, reserved 1089536K
  class space    used 5548K, committed 5696K, reserved 1048576K
}
Event: 3.682 GC heap before
{Heap before GC invocations=14 (full 0):
 garbage-first heap   total 96256K, used 70307K [0x0000000080000000, 0x0000000100000000)
  region size 1024K, 18 young (18432K), 3 survivors (3072K)
 Metaspace       used 41910K, committed 42304K, reserved 1089536K
  class space    used 5590K, committed 5760K, reserved 1048576K
}
Event: 3.684 GC heap after
{Heap after GC invocations=15 (full 0):
 garbage-first heap   total 115712K, used 57870K [0x0000000080000000, 0x0000000100000000)
  region size 1024K, 3 young (3072K), 3 survivors (3072K)
 Metaspace       used 41910K, committed 42304K, reserved 1089536K
  class space    used 5590K, committed 5760K, reserved 1048576K
}
Event: 3.803 GC heap before
{Heap before GC invocations=15 (full 0):
 garbage-first heap   total 115712K, used 66062K [0x0000000080000000, 0x0000000100000000)
  region size 1024K, 13 young (13312K), 3 survivors (3072K)
 Metaspace       used 42371K, committed 42752K, reserved 1089536K
  class space    used 5635K, committed 5824K, reserved 1048576K
}
Event: 3.805 GC heap after
{Heap after GC invocations=16 (full 0):
 garbage-first heap   total 115712K, used 58966K [0x0000000080000000, 0x0000000100000000)
  region size 1024K, 2 young (2048K), 2 survivors (2048K)
 Metaspace       used 42371K, committed 42752K, reserved 1089536K
  class space    used 5635K, committed 5824K, reserved 1048576K
}
Event: 4.427 GC heap before
{Heap before GC invocations=17 (full 0):
 garbage-first heap   total 115712K, used 90710K [0x0000000080000000, 0x0000000100000000)
  region size 1024K, 31 young (31744K), 2 survivors (2048K)
 Metaspace       used 46763K, committed 47232K, reserved 1097728K
  class space    used 6201K, committed 6400K, reserved 1048576K
}
Event: 4.429 GC heap after
{Heap after GC invocations=18 (full 0):
 garbage-first heap   total 115712K, used 60934K [0x0000000080000000, 0x0000000100000000)
  region size 1024K, 4 young (4096K), 4 survivors (4096K)
 Metaspace       used 46763K, committed 47232K, reserved 1097728K
  class space    used 6201K, committed 6400K, reserved 1048576K
}
Event: 4.449 GC heap before
{Heap before GC invocations=18 (full 0):
 garbage-first heap   total 115712K, used 61958K [0x0000000080000000, 0x0000000100000000)
  region size 1024K, 5 young (5120K), 4 survivors (4096K)
 Metaspace       used 46793K, committed 47232K, reserved 1097728K
  class space    used 6202K, committed 6400K, reserved 1048576K
}
Event: 4.452 GC heap after
{Heap after GC invocations=19 (full 0):
 garbage-first heap   total 115712K, used 61508K [0x0000000080000000, 0x0000000100000000)
  region size 1024K, 1 young (1024K), 1 survivors (1024K)
 Metaspace       used 46793K, committed 47232K, reserved 1097728K
  class space    used 6202K, committed 6400K, reserved 1048576K
}
Event: 4.457 GC heap before
{Heap before GC invocations=19 (full 0):
 garbage-first heap   total 115712K, used 61508K [0x0000000080000000, 0x0000000100000000)
  region size 1024K, 2 young (2048K), 1 survivors (1024K)
 Metaspace       used 46800K, committed 47232K, reserved 1097728K
  class space    used 6203K, committed 6400K, reserved 1048576K
}
Event: 4.458 GC heap after
{Heap after GC invocations=20 (full 0):
 garbage-first heap   total 115712K, used 61653K [0x0000000080000000, 0x0000000100000000)
  region size 1024K, 1 young (1024K), 1 survivors (1024K)
 Metaspace       used 46800K, committed 47232K, reserved 1097728K
  class space    used 6203K, committed 6400K, reserved 1048576K
}
Event: 4.786 GC heap before
{Heap before GC invocations=21 (full 0):
 garbage-first heap   total 116736K, used 91349K [0x0000000080000000, 0x0000000100000000)
  region size 1024K, 24 young (24576K), 1 survivors (1024K)
 Metaspace       used 49312K, committed 49792K, reserved 1097728K
  class space    used 6434K, committed 6656K, reserved 1048576K
}
Event: 4.788 GC heap after
{Heap after GC invocations=22 (full 0):
 garbage-first heap   total 116736K, used 71191K [0x0000000080000000, 0x0000000100000000)
  region size 1024K, 3 young (3072K), 3 survivors (3072K)
 Metaspace       used 49312K, committed 49792K, reserved 1097728K
  class space    used 6434K, committed 6656K, reserved 1048576K
}
Event: 4.806 GC heap before
{Heap before GC invocations=22 (full 0):
 garbage-first heap   total 116736K, used 72215K [0x0000000080000000, 0x0000000100000000)
  region size 1024K, 5 young (5120K), 3 survivors (3072K)
 Metaspace       used 49339K, committed 49856K, reserved 1097728K
  class space    used 6438K, committed 6656K, reserved 1048576K
}
Event: 4.808 GC heap after
{Heap after GC invocations=23 (full 0):
 garbage-first heap   total 116736K, used 70969K [0x0000000080000000, 0x0000000100000000)
  region size 1024K, 1 young (1024K), 1 survivors (1024K)
 Metaspace       used 49339K, committed 49856K, reserved 1097728K
  class space    used 6438K, committed 6656K, reserved 1048576K
}
Event: 5.050 GC heap before
{Heap before GC invocations=23 (full 0):
 garbage-first heap   total 116736K, used 91449K [0x0000000080000000, 0x0000000100000000)
  region size 1024K, 21 young (21504K), 1 survivors (1024K)
 Metaspace       used 50525K, committed 51008K, reserved 1097728K
  class space    used 6639K, committed 6848K, reserved 1048576K
}

Dll operation events (2 events):
Event: 0.007 Loaded shared library D:\Android\Studio\jbr\bin\java.dll
Event: 0.321 Loaded shared library D:\Android\Studio\jbr\bin\verify.dll

Deoptimization events (20 events):
Event: 4.709 Thread 0x00000200cf071870 Uncommon trap: trap_request=0xffffffcc fr.pc=0x00000200bef64db4 relative=0x0000000000000314
Event: 4.709 Thread 0x00000200cf071870 Uncommon trap: reason=intrinsic_or_type_checked_inlining action=make_not_entrant pc=0x00000200bef64db4 method=java.util.Arrays.copyOf([Ljava/lang/Object;ILjava/lang/Class;)[Ljava/lang/Object; @ 35 c2
Event: 4.710 Thread 0x00000200cf071870 DEOPT PACKING pc=0x00000200bef64db4 sp=0x000000a12d4f8b00
Event: 4.710 Thread 0x00000200cf071870 DEOPT UNPACKING pc=0x00000200be5869a3 sp=0x000000a12d4f8a90 mode 2
Event: 4.718 Thread 0x00000200cf071870 Uncommon trap: trap_request=0xffffff45 fr.pc=0x00000200bed9b648 relative=0x0000000000006cc8
Event: 4.718 Thread 0x00000200cf071870 Uncommon trap: reason=unstable_if action=reinterpret pc=0x00000200bed9b648 method=jdk.internal.org.objectweb.asm.SymbolTable.addType(Ljava/lang/String;)I @ 33 c2
Event: 4.718 Thread 0x00000200cf071870 DEOPT PACKING pc=0x00000200bed9b648 sp=0x000000a12d4f7a40
Event: 4.718 Thread 0x00000200cf071870 DEOPT UNPACKING pc=0x00000200be5869a3 sp=0x000000a12d4f7968 mode 2
Event: 4.938 Thread 0x00000200cf071870 Uncommon trap: trap_request=0xffffff45 fr.pc=0x00000200bee39f60 relative=0x0000000000001460
Event: 4.938 Thread 0x00000200cf071870 Uncommon trap: reason=unstable_if action=reinterpret pc=0x00000200bee39f60 method=java.util.WeakHashMap.matchesKey(Ljava/util/WeakHashMap$Entry;Ljava/lang/Object;)Z @ 5 c2
Event: 4.938 Thread 0x00000200cf071870 DEOPT PACKING pc=0x00000200bee39f60 sp=0x000000a12d4f6860
Event: 4.938 Thread 0x00000200cf071870 DEOPT UNPACKING pc=0x00000200be5869a3 sp=0x000000a12d4f67e8 mode 2
Event: 4.997 Thread 0x00000200cf071870 Uncommon trap: trap_request=0xffffffc6 fr.pc=0x00000200beef00c4 relative=0x0000000000003a64
Event: 4.997 Thread 0x00000200cf071870 Uncommon trap: reason=bimorphic_or_optimized_type_check action=maybe_recompile pc=0x00000200beef00c4 method=java.util.AbstractCollection.addAll(Ljava/util/Collection;)Z @ 29 c2
Event: 4.997 Thread 0x00000200cf071870 DEOPT PACKING pc=0x00000200beef00c4 sp=0x000000a12d4fbc50
Event: 4.997 Thread 0x00000200cf071870 DEOPT UNPACKING pc=0x00000200be5869a3 sp=0x000000a12d4fbc40 mode 2
Event: 5.036 Thread 0x00000200cf071870 Uncommon trap: trap_request=0xffffffde fr.pc=0x00000200beed22ac relative=0x0000000000002fcc
Event: 5.036 Thread 0x00000200cf071870 Uncommon trap: reason=class_check action=maybe_recompile pc=0x00000200beed22ac method=java.util.regex.Pattern$CharProperty.study(Ljava/util/regex/Pattern$TreeInfo;)Z @ 25 c2
Event: 5.036 Thread 0x00000200cf071870 DEOPT PACKING pc=0x00000200beed22ac sp=0x000000a12d4f9ae0
Event: 5.036 Thread 0x00000200cf071870 DEOPT UNPACKING pc=0x00000200be5869a3 sp=0x000000a12d4f99d8 mode 2

Classes unloaded (0 events):
No events

Classes redefined (0 events):
No events

Internal exceptions (20 events):
Event: 4.939 Thread 0x00000200cf071870 Exception <a 'java/lang/ClassNotFoundException'{0x000000008644b458}: org/gradle/api/internal/provider/AbstractPropertyCustomizer> (0x000000008644b458) 
thrown [s\src\hotspot\share\classfile\systemDictionary.cpp, line 256]
Event: 4.940 Thread 0x00000200cf071870 Exception <a 'java/lang/ClassNotFoundException'{0x000000008646a118}: org/gradle/api/internal/provider/DefaultPropertyCustomizer> (0x000000008646a118) 
thrown [s\src\hotspot\share\classfile\systemDictionary.cpp, line 256]
Event: 4.954 Thread 0x00000200cf071870 Exception <a 'java/lang/ClassNotFoundException'{0x00000000863823a8}: org/gradle/api/internal/artifacts/repositories/DefaultMavenArtifactRepository_DecoratedBeanInfo> (0x00000000863823a8) 
thrown [s\src\hotspot\share\classfile\systemDictionary.cpp, line 256]
Event: 4.955 Thread 0x00000200cf071870 Exception <a 'java/lang/ClassNotFoundException'{0x000000008639cfa0}: org/gradle/api/internal/artifacts/repositories/DefaultMavenArtifactRepositoryBeanInfo> (0x000000008639cfa0) 
thrown [s\src\hotspot\share\classfile\systemDictionary.cpp, line 256]
Event: 4.955 Thread 0x00000200cf071870 Exception <a 'java/lang/ClassNotFoundException'{0x00000000863b8020}: org/gradle/api/internal/artifacts/repositories/AbstractAuthenticationSupportedRepositoryBeanInfo> (0x00000000863b8020) 
thrown [s\src\hotspot\share\classfile\systemDictionary.cpp, line 256]
Event: 4.956 Thread 0x00000200cf071870 Exception <a 'java/lang/ClassNotFoundException'{0x00000000863d30f8}: org/gradle/api/internal/artifacts/repositories/AbstractResolutionAwareArtifactRepositoryBeanInfo> (0x00000000863d30f8) 
thrown [s\src\hotspot\share\classfile\systemDictionary.cpp, line 256]
Event: 4.957 Thread 0x00000200cf071870 Exception <a 'java/lang/ClassNotFoundException'{0x00000000863edeb0}: org/gradle/api/internal/artifacts/repositories/AbstractArtifactRepositoryBeanInfo> (0x00000000863edeb0) 
thrown [s\src\hotspot\share\classfile\systemDictionary.cpp, line 256]
Event: 4.957 Thread 0x00000200cf071870 Exception <a 'java/lang/ClassNotFoundException'{0x0000000086209130}: org/gradle/api/internal/artifacts/repositories/AbstractArtifactRepositoryCustomizer> (0x0000000086209130) 
thrown [s\src\hotspot\share\classfile\systemDictionary.cpp, line 256]
Event: 4.958 Thread 0x00000200cf071870 Exception <a 'java/lang/ClassNotFoundException'{0x000000008623ff08}: org/gradle/api/internal/artifacts/repositories/AbstractResolutionAwareArtifactRepositoryCustomizer> (0x000000008623ff08) 
thrown [s\src\hotspot\share\classfile\systemDictionary.cpp, line 256]
Event: 4.959 Thread 0x00000200cf071870 Exception <a 'java/lang/ClassNotFoundException'{0x0000000086263ac0}: org/gradle/api/internal/artifacts/repositories/AbstractAuthenticationSupportedRepositoryCustomizer> (0x0000000086263ac0) 
thrown [s\src\hotspot\share\classfile\systemDictionary.cpp, line 256]
Event: 4.960 Thread 0x00000200cf071870 Exception <a 'java/lang/ClassNotFoundException'{0x000000008628f6f8}: org/gradle/api/internal/artifacts/repositories/DefaultMavenArtifactRepositoryCustomizer> (0x000000008628f6f8) 
thrown [s\src\hotspot\share\classfile\systemDictionary.cpp, line 256]
Event: 4.960 Thread 0x00000200cf071870 Exception <a 'java/lang/ClassNotFoundException'{0x00000000862c6138}: org/gradle/api/internal/artifacts/repositories/DefaultMavenArtifactRepository_DecoratedCustomizer> (0x00000000862c6138) 
thrown [s\src\hotspot\share\classfile\systemDictionary.cpp, line 256]
Event: 4.963 Thread 0x00000200cf071870 Exception <a 'java/lang/ClassNotFoundException'{0x0000000086135e78}: org/gradle/initialization/DefaultProjectDescriptorBeanInfo> (0x0000000086135e78) 
thrown [s\src\hotspot\share\classfile\systemDictionary.cpp, line 256]
Event: 4.963 Thread 0x00000200cf071870 Exception <a 'java/lang/ClassNotFoundException'{0x00000000861460a0}: org/gradle/initialization/DefaultProjectDescriptorCustomizer> (0x00000000861460a0) 
thrown [s\src\hotspot\share\classfile\systemDictionary.cpp, line 256]
Event: 5.020 Thread 0x00000200cf071870 Exception <a 'java/lang/ClassNotFoundException'{0x0000000085e47480}: org/jetbrains/plugins/gradle/model/web/WebConfigurationBeanInfo> (0x0000000085e47480) 
thrown [s\src\hotspot\share\classfile\systemDictionary.cpp, line 256]
Event: 5.020 Thread 0x00000200cf071870 Exception <a 'java/lang/ClassNotFoundException'{0x0000000085e4f808}: org/jetbrains/plugins/gradle/model/web/WebConfigurationCustomizer> (0x0000000085e4f808) 
thrown [s\src\hotspot\share\classfile\systemDictionary.cpp, line 256]
Event: 5.022 Thread 0x00000200cf071870 Exception <a 'java/lang/ClassNotFoundException'{0x0000000085e6e010}: org/jetbrains/plugins/gradle/model/scala/ScalaModelBeanInfo> (0x0000000085e6e010) 
thrown [s\src\hotspot\share\classfile\systemDictionary.cpp, line 256]
Event: 5.022 Thread 0x00000200cf071870 Exception <a 'java/lang/ClassNotFoundException'{0x0000000085e76318}: org/jetbrains/plugins/gradle/model/scala/ScalaModelCustomizer> (0x0000000085e76318) 
thrown [s\src\hotspot\share\classfile\systemDictionary.cpp, line 256]
Event: 5.024 Thread 0x00000200cf071870 Exception <a 'java/lang/ClassNotFoundException'{0x0000000085ea7368}: org/jetbrains/plugins/gradle/model/DependencyAccessorsModelBeanInfo> (0x0000000085ea7368) 
thrown [s\src\hotspot\share\classfile\systemDictionary.cpp, line 256]
Event: 5.025 Thread 0x00000200cf071870 Exception <a 'java/lang/ClassNotFoundException'{0x0000000085eaf718}: org/jetbrains/plugins/gradle/model/DependencyAccessorsModelCustomizer> (0x0000000085eaf718) 
thrown [s\src\hotspot\share\classfile\systemDictionary.cpp, line 256]

VM Operations (20 events):
Event: 4.452 Executing VM operation: G1CollectForAllocation done
Event: 4.457 Executing VM operation: G1TryInitiateConcMark
Event: 4.458 Executing VM operation: G1TryInitiateConcMark done
Event: 4.470 Executing VM operation: G1Concurrent
Event: 4.472 Executing VM operation: G1Concurrent done
Event: 4.477 Executing VM operation: G1Concurrent
Event: 4.477 Executing VM operation: G1Concurrent done
Event: 4.511 Executing VM operation: HandshakeAllThreads
Event: 4.511 Executing VM operation: HandshakeAllThreads done
Event: 4.785 Executing VM operation: G1CollectForAllocation
Event: 4.788 Executing VM operation: G1CollectForAllocation done
Event: 4.806 Executing VM operation: G1CollectForAllocation
Event: 4.808 Executing VM operation: G1CollectForAllocation done
Event: 4.929 Executing VM operation: HandshakeAllThreads
Event: 4.939 Executing VM operation: HandshakeAllThreads done
Event: 4.952 Executing VM operation: HandshakeAllThreads
Event: 4.952 Executing VM operation: HandshakeAllThreads done
Event: 4.977 Executing VM operation: HandshakeAllThreads
Event: 4.977 Executing VM operation: HandshakeAllThreads done
Event: 5.050 Executing VM operation: G1CollectForAllocation

Events (20 events):
Event: 4.982 Thread 0x00000200cf099c40 flushing nmethod 0x00000200b7891910
Event: 4.982 Thread 0x00000200cf099c40 flushing nmethod 0x00000200b7891f10
Event: 4.982 Thread 0x00000200cf099c40 flushing nmethod 0x00000200b7892590
Event: 4.982 Thread 0x00000200cf099c40 flushing nmethod 0x00000200b7892b10
Event: 4.982 Thread 0x00000200cf099c40 flushing nmethod 0x00000200b78a8a10
Event: 4.982 Thread 0x00000200cf099c40 flushing nmethod 0x00000200b78be710
Event: 4.982 Thread 0x00000200cf099c40 flushing nmethod 0x00000200b78bfe10
Event: 4.982 Thread 0x00000200cf099c40 flushing nmethod 0x00000200b78cb390
Event: 4.982 Thread 0x00000200cf099c40 flushing nmethod 0x00000200b78cbf10
Event: 4.982 Thread 0x00000200cf099c40 flushing nmethod 0x00000200b78cc490
Event: 4.982 Thread 0x00000200cf099c40 flushing nmethod 0x00000200b78ccc90
Event: 4.982 Thread 0x00000200cf099c40 flushing nmethod 0x00000200b78cdd90
Event: 4.982 Thread 0x00000200cf099c40 flushing nmethod 0x00000200b78d8f90
Event: 4.982 Thread 0x00000200cf099c40 flushing nmethod 0x00000200b78f1090
Event: 4.982 Thread 0x00000200cf099c40 flushing nmethod 0x00000200b7905a10
Event: 4.982 Thread 0x00000200cf099c40 flushing nmethod 0x00000200b790af10
Event: 4.982 Thread 0x00000200cf099c40 flushing nmethod 0x00000200b7910790
Event: 4.982 Thread 0x00000200cf099c40 flushing nmethod 0x00000200b7916d10
Event: 4.983 Thread 0x00000200cf099c40 flushing nmethod 0x00000200b797dc10
Event: 5.028 Thread 0x00000200d42d6c80 Thread added: 0x00000200d42d6c80


Dynamic libraries:
0x00007ff6bb490000 - 0x00007ff6bb49a000 	D:\Android\Studio\jbr\bin\java.exe
0x00007fff59870000 - 0x00007fff59a68000 	C:\Windows\SYSTEM32\ntdll.dll
0x00007fff58f60000 - 0x00007fff5901d000 	C:\Windows\System32\KERNEL32.DLL
0x00007fff570b0000 - 0x00007fff573a6000 	C:\Windows\System32\KERNELBASE.dll
0x00007fff56f80000 - 0x00007fff57080000 	C:\Windows\System32\ucrtbase.dll
0x00007fff42760000 - 0x00007fff42777000 	D:\Android\Studio\jbr\bin\jli.dll
0x00007fff3cec0000 - 0x00007fff3cedb000 	D:\Android\Studio\jbr\bin\VCRUNTIME140.dll
0x00007fff58dc0000 - 0x00007fff58f5e000 	C:\Windows\System32\USER32.dll
0x00007fff56f50000 - 0x00007fff56f72000 	C:\Windows\System32\win32u.dll
0x00007fff58800000 - 0x00007fff5882c000 	C:\Windows\System32\GDI32.dll
0x00007fff3e7e0000 - 0x00007fff3ea7a000 	C:\Windows\WinSxS\amd64_microsoft.windows.common-controls_6595b64144ccf1df_6.0.19041.3636_none_60b6a03d71f818d5\COMCTL32.dll
0x00007fff573b0000 - 0x00007fff574ca000 	C:\Windows\System32\gdi32full.dll
0x00007fff58700000 - 0x00007fff5879e000 	C:\Windows\System32\msvcrt.dll
0x00007fff57750000 - 0x00007fff577ed000 	C:\Windows\System32\msvcp_win.dll
0x00007fff58d90000 - 0x00007fff58dc0000 	C:\Windows\System32\IMM32.DLL
0x00007fff47780000 - 0x00007fff4778c000 	D:\Android\Studio\jbr\bin\vcruntime140_1.dll
0x00007fff20740000 - 0x00007fff207cd000 	D:\Android\Studio\jbr\bin\msvcp140.dll
0x00007fff013a0000 - 0x00007fff0200e000 	D:\Android\Studio\jbr\bin\server\jvm.dll
0x00007fff59780000 - 0x00007fff5982f000 	C:\Windows\System32\ADVAPI32.dll
0x00007fff584a0000 - 0x00007fff5853c000 	C:\Windows\System32\sechost.dll
0x00007fff58540000 - 0x00007fff58666000 	C:\Windows\System32\RPCRT4.dll
0x00007fff441f0000 - 0x00007fff441f9000 	C:\Windows\SYSTEM32\WSOCK32.dll
0x00007fff4c700000 - 0x00007fff4c727000 	C:\Windows\SYSTEM32\WINMM.dll
0x00007fff4dd80000 - 0x00007fff4dd8a000 	C:\Windows\SYSTEM32\VERSION.dll
0x00007fff596f0000 - 0x00007fff5975b000 	C:\Windows\System32\WS2_32.dll
0x00007fff55760000 - 0x00007fff55772000 	C:\Windows\SYSTEM32\kernel.appcore.dll
0x00007fff50f20000 - 0x00007fff50f2a000 	D:\Android\Studio\jbr\bin\jimage.dll
0x00007fff552c0000 - 0x00007fff554a4000 	C:\Windows\SYSTEM32\DBGHELP.DLL
0x00007fff43f20000 - 0x00007fff43f54000 	C:\Windows\SYSTEM32\dbgcore.DLL
0x00007fff577f0000 - 0x00007fff57872000 	C:\Windows\System32\bcryptPrimitives.dll
0x00007fff48340000 - 0x00007fff48365000 	D:\Android\Studio\jbr\bin\java.dll
0x00007fff50f00000 - 0x00007fff50f18000 	D:\Android\Studio\jbr\bin\zip.dll
0x00007fff578e0000 - 0x00007fff58025000 	C:\Windows\System32\SHELL32.dll
0x00007fff54b10000 - 0x00007fff552ab000 	C:\Windows\SYSTEM32\windows.storage.dll
0x00007fff58a10000 - 0x00007fff58d64000 	C:\Windows\System32\combase.dll
0x00007fff568c0000 - 0x00007fff568ed000 	C:\Windows\SYSTEM32\Wldp.dll
0x00007fff58100000 - 0x00007fff581ad000 	C:\Windows\System32\SHCORE.dll
0x00007fff587a0000 - 0x00007fff587f5000 	C:\Windows\System32\shlwapi.dll
0x00007fff56e80000 - 0x00007fff56ea5000 	C:\Windows\SYSTEM32\profapi.dll
0x00007fff4f550000 - 0x00007fff4f569000 	D:\Android\Studio\jbr\bin\net.dll
0x00007fff4e020000 - 0x00007fff4e12a000 	C:\Windows\SYSTEM32\WINHTTP.dll
0x00007fff56620000 - 0x00007fff5668a000 	C:\Windows\system32\mswsock.dll
0x00007fff433d0000 - 0x00007fff433e6000 	D:\Android\Studio\jbr\bin\nio.dll
0x00007fff50ec0000 - 0x00007fff50ed0000 	D:\Android\Studio\jbr\bin\verify.dll
0x00007fff32b30000 - 0x00007fff32b57000 	C:\Users\58398\.gradle\native\68d5fa5c4cc2d200863cafc0d521ce42e7d3e7ee720ec0a83991735586a16f82\windows-amd64\native-platform.dll
0x00007fff02620000 - 0x00007fff02764000 	C:\Users\58398\.gradle\native\e376f236ea51e6404a007f0833ffe2c6e607c4080706a723a18a27aeea778392\windows-amd64\native-platform-file-events.dll
0x00007fff48330000 - 0x00007fff48339000 	D:\Android\Studio\jbr\bin\management.dll
0x00007fff47750000 - 0x00007fff4775b000 	D:\Android\Studio\jbr\bin\management_ext.dll
0x00007fff578d0000 - 0x00007fff578d8000 	C:\Windows\System32\PSAPI.DLL
0x00007fff56810000 - 0x00007fff56828000 	C:\Windows\SYSTEM32\CRYPTSP.dll
0x00007fff55f10000 - 0x00007fff55f44000 	C:\Windows\system32\rsaenh.dll
0x00007fff57080000 - 0x00007fff570a7000 	C:\Windows\System32\bcrypt.dll
0x00007fff56e00000 - 0x00007fff56e2e000 	C:\Windows\SYSTEM32\USERENV.dll
0x00007fff56830000 - 0x00007fff5683c000 	C:\Windows\SYSTEM32\CRYPTBASE.dll
0x00007fff562e0000 - 0x00007fff5631b000 	C:\Windows\SYSTEM32\IPHLPAPI.DLL
0x00007fff58d80000 - 0x00007fff58d88000 	C:\Windows\System32\NSI.dll
0x00007fff4df80000 - 0x00007fff4df97000 	C:\Windows\SYSTEM32\dhcpcsvc6.DLL
0x00007fff4de80000 - 0x00007fff4de9d000 	C:\Windows\SYSTEM32\dhcpcsvc.DLL
0x00007fff56330000 - 0x00007fff563fa000 	C:\Windows\SYSTEM32\DNSAPI.dll
0x00007fff47730000 - 0x00007fff47737000 	C:\Windows\system32\wshunix.dll

dbghelp: loaded successfully - version: 4.0.5 - missing functions: none
symbol engine: initialized successfully - sym options: 0x614 - pdb path: .;D:\Android\Studio\jbr\bin;C:\Windows\SYSTEM32;C:\Windows\WinSxS\amd64_microsoft.windows.common-controls_6595b64144ccf1df_6.0.19041.3636_none_60b6a03d71f818d5;D:\Android\Studio\jbr\bin\server;C:\Users\58398\.gradle\native\68d5fa5c4cc2d200863cafc0d521ce42e7d3e7ee720ec0a83991735586a16f82\windows-amd64;C:\Users\58398\.gradle\native\e376f236ea51e6404a007f0833ffe2c6e607c4080706a723a18a27aeea778392\windows-amd64

VM Arguments:
jvm_args: --add-opens=java.base/java.util=ALL-UNNAMED --add-opens=java.base/java.lang=ALL-UNNAMED --add-opens=java.base/java.lang.invoke=ALL-UNNAMED --add-opens=java.prefs/java.util.prefs=ALL-UNNAMED --add-opens=java.base/java.nio.charset=ALL-UNNAMED --add-opens=java.base/java.net=ALL-UNNAMED --add-opens=java.base/java.util.concurrent.atomic=ALL-UNNAMED -Xmx2048m -Dfile.encoding=UTF-8 -Duser.country=CN -Duser.language=zh -Duser.variant 
java_command: org.gradle.launcher.daemon.bootstrap.GradleDaemon 8.0
java_class_path (initial): C:\Users\58398\.gradle\wrapper\dists\gradle-8.0-bin\ca5e32bp14vu59qr306oxotwh\gradle-8.0\lib\gradle-launcher-8.0.jar
Launcher Type: SUN_STANDARD

[Global flags]
     intx CICompilerCount                          = 12                                        {product} {ergonomic}
     uint ConcGCThreads                            = 3                                         {product} {ergonomic}
     uint G1ConcRefinementThreads                  = 13                                        {product} {ergonomic}
   size_t G1HeapRegionSize                         = 1048576                                   {product} {ergonomic}
    uintx GCDrainStackTargetSize                   = 64                                        {product} {ergonomic}
   size_t InitialHeapSize                          = 232783872                                 {product} {ergonomic}
   size_t MarkStackSize                            = 4194304                                   {product} {ergonomic}
   size_t MaxHeapSize                              = 2147483648                                {product} {command line}
   size_t MaxNewSize                               = 1287651328                                {product} {ergonomic}
   size_t MinHeapDeltaBytes                        = 1048576                                   {product} {ergonomic}
   size_t MinHeapSize                              = 8388608                                   {product} {ergonomic}
    uintx NonNMethodCodeHeapSize                   = 7602480                                {pd product} {ergonomic}
    uintx NonProfiledCodeHeapSize                  = 122027880                              {pd product} {ergonomic}
    uintx ProfiledCodeHeapSize                     = 122027880                              {pd product} {ergonomic}
    uintx ReservedCodeCacheSize                    = 251658240                              {pd product} {ergonomic}
     bool SegmentedCodeCache                       = true                                      {product} {ergonomic}
   size_t SoftMaxHeapSize                          = 2147483648                             {manageable} {ergonomic}
     bool UseCompressedClassPointers               = true                           {product lp64_product} {ergonomic}
     bool UseCompressedOops                        = true                           {product lp64_product} {ergonomic}
     bool UseG1GC                                  = true                                      {product} {ergonomic}
     bool UseLargePagesIndividualAllocation        = false                                  {pd product} {ergonomic}

Logging:
Log output configuration:
 #0: stdout all=warning uptime,level,tags
 #1: stderr all=off uptime,level,tags

Environment Variables:
JAVA_HOME=C:\Program Files\Java\jdk-11.0.13
PATH=C:\Program Files\PlasticSCM5\server;C:\Program Files\PlasticSCM5\client;D:\VMware\bin\;C:\Program Files (x86)\Common Files\Oracle\Java\javapath;C:\Program Files\Common Files\Oracle\Java\javapath;D:\anaconda3;D:\anaconda3\Library\mingw-w64\bin;D:\anaconda3\Library\usr\bin;D:\anaconda3\Library\bin;D:\anaconda3\Scripts;C:\Users\58398\Documents\yys\winlibs\mingw64\bin;C:\Windows\system32;C:\Windows;C:\Windows\System32\Wbem;C:\Windows\System32\WindowsPowerShell\v1.0\;C:\Windows\System32\OpenSSH\;C:\Program Files\Microsoft SQL Server\130\Tools\Binn\;C:\Program Files\Git\cmd;C:\Program Files\TortoiseGit\bin;C:\Users\58398\AppData\Roaming\Microsoft\Windows\Start Menu\Programs\Python 3.10;C:\Program Files (x86)\NetSarang\Xshell 7\;C:\Program Files (x86)\NetSarang\Xftp 7\;C:\Program Files\Java\jdk-11.0.13\bin;C:\Program Files\Java\jdk-11.0.13\jre\bin;D:\\web\dll;D:\gradle\gradle-7.0\bin;C:\Program Files\nodejs\;C:\ProgramData\chocolatey\bin;C:\Program Files\MySQL\MySQL Server 8.0\bin;D:\redis;C:\Program Files\dotnet\;D:\codes\opencv\opencv\build\x64\vc16\bin;D:\spark-2.3.0-odps0.34.0\spark-2.3.0-odps0.34.0\bin;D:\scala-2.13.11\bin;D:\apache-maven-3.8.6-bin\apache-maven-3.8.6\bin;D:\MongoDB\Server\7.0\bin;D:\MongoDB\mongosh-2.0.1-win32-x64\bin;D:\apache-tomcat-9.0.82-windows-x64\apache-tomcat-9.0.82\bin;C:\Program Files\Docker\Docker\resources\bin;D:\Android\Sdk\platform-tools;%ERLANG_HOME%\bin;C:\Program Files\MySQL\MySQL Shell 8.0\bin\;C:\Users\58398\Documents\yys\winlibs\mingw64\bin;C:\Windows\system32;C:\Windows;C:\Windows\System32\Wbem;C:\Windows\System32\WindowsPowerShell\v1.0\;C:\Windows\System32\OpenSSH\;C:\Program Files\Microsoft SQL Server\130\Tools\Binn\;C:\Program Files\Git\cmd;C:\Program Files\TortoiseGit\bin;C:\Users\58398\AppData\Roaming\Microsoft\Windows\Start Menu\Programs\Python 3.10;C:\Users\58398\AppData\Local\Programs\Microsoft VS Code\bin;C:\Users\58398\AppData\Roaming\npm;D:\redis;C:\Users\58398\.dotnet\tools;D:\Huawei\DevEco St
USERNAME=58398
OS=Windows_NT
PROCESSOR_IDENTIFIER=AMD64 Family 25 Model 80 Stepping 0, AuthenticAMD
TMP=C:\Users\58398\AppData\Local\Temp
TEMP=C:\Users\58398\AppData\Local\Temp


JNI global refs:
JNI global refs: 34, weak refs: 0

JNI global refs memory usage: 843, weak refs: 841


---------------  S Y S T E M  ---------------

OS:
 Windows 10 , 64 bit Build 19041 (10.0.19041.3636)
OS uptime: 0 days 10:42 hours
Hyper-V role detected

CPU: total 16 (initial active 16) (16 cores per cpu, 2 threads per core) family 25 model 80 stepping 0 microcode 0x0, cx8, cmov, fxsr, ht, mmx, 3dnowpref, sse, sse2, sse3, ssse3, sse4a, sse4.1, sse4.2, popcnt, lzcnt, tsc, tscinvbit, avx, avx2, aes, erms, clmul, bmi1, bmi2, adx, sha, fma, vzeroupper, clflush, clflushopt, hv

Memory: 4k page, system-wide physical 14198M (2122M free)
TotalPageFile size 14198M (AvailPageFile size 16M)
current process WorkingSet (physical memory assigned to process): 297M, peak: 299M
current process commit charge ("private bytes"): 411M, peak: 424M

vm_info: OpenJDK 64-Bit Server VM (17.0.6+0-b2043.56-10027231) for windows-amd64 JRE (17.0.6+0-b2043.56-10027231), built on Apr 28 2023 00:43:19 by "androidbuild" with MS VC++ 16.10 / 16.11 (VS2019)

END.
